!SESSION 2023-08-01 09:47:59.792 -----------------------------------------------
eclipse.buildId=unknown
java.version=11.0.18
java.vendor=Oracle Corporation
BootLoader constants: OS=win32, ARCH=x86_64, WS=win32, NL=en_US

!ENTRY org.eclipse.equinox.ds 1 0 2023-08-01 09:47:59.792
!MESSAGE Could not bind a reference of component org.wso2.carbon.caching.impl.internal.CachingServiceComponent. The reference is: Reference[name = cache.entry.listener.service, interface = javax.cache.event.CacheEntryListener, policy = dynamic, cardinality = 0..n, target = null, bind = addCacheEntryListener, unbind = removeCacheEntryListener]

!ENTRY org.eclipse.equinox.ds 1 0 2023-08-01 09:47:59.793
!MESSAGE Could not bind a reference of component org.wso2.carbon.caching.impl.internal.CachingServiceComponent. The reference is: Reference[name = cache.invalidation.request.sender.service, interface = javax.cache.CacheInvalidationRequestSender, policy = dynamic, cardinality = 0..n, target = null, bind = addCacheInvalidationRequestSender, unbind = removeCacheInvalidationRequestSender]

!ENTRY org.eclipse.equinox.ds 1 0 2023-08-01 09:47:59.812
!MESSAGE Could not bind a reference of component org.wso2.carbon.caching.impl.internal.CachingServiceComponent. The reference is: Reference[name = config.context.service, interface = org.wso2.carbon.utils.ConfigurationContextService, policy = dynamic, cardinality = 0..1, target = null, bind = setClusteringAgent, unbind = unsetClusteringAgent]

!ENTRY org.eclipse.equinox.ds 1 0 2023-08-01 09:47:59.812
!MESSAGE Could not bind a reference of component org.wso2.carbon.caching.impl.internal.CachingServiceComponent. The reference is: Reference[name = distributedMapProvider, interface = org.wso2.carbon.caching.impl.DistributedMapProvider, policy = dynamic, cardinality = 0..1, target = null, bind = setDistributedMapProvider, unbind = unsetDistributedMapProvider]

!ENTRY org.eclipse.equinox.ds 1 0 2023-08-01 09:48:00.268
!MESSAGE Could not bind a reference of component org.wso2.carbon.crypto.impl. The reference is: Reference[name = externalCryptoProvider, interface = org.wso2.carbon.crypto.api.ExternalCryptoProvider, policy = dynamic, cardinality = 0..n, target = null, bind = setExternalCryptoProvider, unbind = unsetExternalCryptoProvider]

!ENTRY org.eclipse.equinox.ds 1 0 2023-08-01 09:48:00.269
!MESSAGE Could not bind a reference of component org.wso2.carbon.crypto.impl. The reference is: Reference[name = internalCryptoProvider, interface = org.wso2.carbon.crypto.api.InternalCryptoProvider, policy = dynamic, cardinality = 0..n, target = null, bind = setInternalCryptoProvider, unbind = unsetInternalCryptoProvider]

!ENTRY org.eclipse.equinox.ds 1 0 2023-08-01 09:48:00.269
!MESSAGE Could not bind a reference of component org.wso2.carbon.crypto.impl. The reference is: Reference[name = keyResolver, interface = org.wso2.carbon.crypto.api.KeyResolver, policy = dynamic, cardinality = 0..n, target = null, bind = setKeyResolver, unbind = unsetKeyResolver]

!ENTRY org.eclipse.equinox.ds 1 0 2023-08-01 09:48:00.386
!MESSAGE Could not bind a reference of component org.wso2.carbon.deployment.synchronizer.subversion. The reference is: Reference[name = carbon.tomcat.service, interface = org.wso2.carbon.tomcat.api.CarbonTomcatService, policy = dynamic, cardinality = 0..1, target = null, bind = setCarbonTomcatService, unbind = unsetCarbonTomcatService]

!ENTRY org.eclipse.equinox.ds 1 0 2023-08-01 09:48:00.479
!MESSAGE Could not bind a reference of component event.input.adapter.service. The reference is: Reference[name = config.context.service, interface = org.wso2.carbon.utils.ConfigurationContextService, policy = dynamic, cardinality = 0..1, target = null, bind = setConfigurationContextService, unbind = unsetConfigurationContextService]

!ENTRY org.eclipse.equinox.ds 1 0 2023-08-01 09:48:00.479
!MESSAGE Could not bind a reference of component event.input.adapter.service. The reference is: Reference[name = input.event.adapter.tracker.service, interface = org.wso2.carbon.event.input.adapter.core.InputEventAdapterFactory, policy = dynamic, cardinality = 0..n, target = null, bind = setEventAdapterType, unbind = unSetEventAdapterType]

!ENTRY org.eclipse.equinox.ds 1 0 2023-08-01 09:48:00.751
!MESSAGE Could not bind a reference of component input.Kafka.EventAdaptorService.component. The reference is: Reference[name = configurationcontext.service, interface = org.wso2.carbon.utils.ConfigurationContextService, policy = dynamic, cardinality = 0..1, target = null, bind = setConfigurationContextService, unbind = unsetConfigurationContextService]

!ENTRY org.eclipse.equinox.ds 1 0 2023-08-01 09:48:00.931
!MESSAGE Could not bind a reference of component eventProcessorManagementService.component. The reference is: Reference[name = configuration.contextService.service, interface = org.wso2.carbon.utils.ConfigurationContextService, policy = dynamic, cardinality = 0..1, target = null, bind = setConfigurationContextService, unbind = unsetConfigurationContextService]

!ENTRY org.eclipse.equinox.ds 1 0 2023-08-01 09:48:00.931
!MESSAGE Could not bind a reference of component eventProcessorManagementService.component. The reference is: Reference[name = hazelcast.instance.service, interface = com.hazelcast.core.HazelcastInstance, policy = dynamic, cardinality = 0..1, target = null, bind = setHazelcastInstance, unbind = unsetHazelcastInstance]

!ENTRY org.eclipse.equinox.ds 1 0 2023-08-01 09:48:00.987
!MESSAGE Could not bind a reference of component eventStreamService.component. The reference is: Reference[name = config.context.service, interface = org.wso2.carbon.utils.ConfigurationContextService, policy = dynamic, cardinality = 0..1, target = null, bind = setConfigurationContextService, unbind = unsetConfigurationContextService]

!ENTRY org.eclipse.equinox.ds 1 0 2023-08-01 09:48:00.987
!MESSAGE Could not bind a reference of component eventStreamService.component. The reference is: Reference[name = eventStreamListener.service, interface = org.wso2.carbon.event.stream.core.EventStreamListener, policy = dynamic, cardinality = 0..n, target = null, bind = setEventStreamListener, unbind = unsetEventStreamListener]

!ENTRY org.eclipse.equinox.ds 1 0 2023-08-01 09:48:01.010
!MESSAGE Could not bind a reference of component output.Ui.AdapterService.component. The reference is: Reference[name = ui.event.adapter.externsion, interface = org.wso2.carbon.event.output.adapter.ui.UIOutputAuthorizationService, policy = dynamic, cardinality = 0..n, target = null, bind = setUIOutputAuthorizationService, unbind = unsetUIOutputAuthorizationService]

!ENTRY org.eclipse.equinox.ds 1 0 2023-08-01 09:48:01.027
!MESSAGE Could not bind a reference of component template.deployer.service.tracker.component. The reference is: Reference[name = template.deployer.tracker.service, interface = org.wso2.carbon.event.template.manager.core.TemplateDeployer, policy = dynamic, cardinality = 0..n, target = null, bind = setTemplateDeployer, unbind = unSetTemplateDeployer]

!ENTRY org.eclipse.equinox.ds 1 0 2023-08-01 09:48:01.154
!MESSAGE Could not bind a reference of component org.wso2.carbon.identity.application.mgt.listener. The reference is: Reference[name = application.resource.mgt.event.listener.service, interface = org.wso2.carbon.identity.application.mgt.listener.ApplicationResourceManagementListener, policy = dynamic, cardinality = 0..n, target = null, bind = setApplicationResourceMgtListener, unbind = unsetApplicationResourceMgtListener]

!ENTRY org.eclipse.equinox.ds 1 0 2023-08-01 09:48:01.316
!MESSAGE Could not bind a reference of component carbon.identity.notification.mgt. The reference is: Reference[name = ldap.tenant.manager.listener.service, interface = org.wso2.carbon.identity.notification.mgt.NotificationSendingModule, policy = dynamic, cardinality = 0..n, target = null, bind = addNotificationSendingModule, unbind = removeNotificationSendingModule]

!ENTRY org.eclipse.equinox.ds 1 0 2023-08-01 09:48:01.451
!MESSAGE Could not bind a reference of component org.wso2.carbon.user.export.service. The reference is: Reference[name = user.export.attribute.provider, interface = org.wso2.carbon.identity.user.export.core.service.UserInformationProvider, policy = dynamic, cardinality = 0..n, target = null, bind = setUserAttributeProvider, unbind = unsetUserAttributeProvider]

!ENTRY org.eclipse.equinox.ds 1 0 2023-08-01 09:48:01.568
!MESSAGE Could not bind a reference of component org.wso2.carbon.logging.correlation.internal.CorrelationLogManager. The reference is: Reference[name = CorrelationLogService, interface = org.wso2.carbon.logging.correlation.CorrelationLogConfigurable, policy = dynamic, cardinality = 0..n, target = null, bind = setCorrelationLogService, unbind = unsetCorrelationLogService]

!ENTRY org.eclipse.equinox.ds 1 0 2023-08-01 09:48:03.004
!MESSAGE Could not bind a reference of component event.output.adapter.service. The reference is: Reference[name = config.context.service, interface = org.wso2.carbon.utils.ConfigurationContextService, policy = dynamic, cardinality = 0..1, target = null, bind = setConfigurationContextService, unbind = unsetConfigurationContextService]

!ENTRY org.eclipse.equinox.ds 1 0 2023-08-01 09:48:03.062
!MESSAGE Could not bind a reference of component eventPublisherService.component. The reference is: Reference[name = config.context.service, interface = org.wso2.carbon.utils.ConfigurationContextService, policy = dynamic, cardinality = 0..1, target = null, bind = setConfigurationContextService, unbind = unsetConfigurationContextService]

!ENTRY org.eclipse.equinox.ds 1 0 2023-08-01 09:48:03.068
!MESSAGE Could not bind a reference of component eventPublisherService.component. The reference is: Reference[name = registry.service, interface = org.wso2.carbon.registry.core.service.RegistryService, policy = dynamic, cardinality = 0..1, target = null, bind = setRegistryService, unbind = unsetRegistryService]

!ENTRY org.eclipse.equinox.ds 1 0 2023-08-01 09:48:03.077
!MESSAGE Could not bind a reference of component org.wso2.carbon.ndatasource. The reference is: Reference[name = config.context.service, interface = org.wso2.carbon.utils.ConfigurationContextService, policy = dynamic, cardinality = 0..1, target = null, bind = setConfigurationContextService, unbind = unsetConfigurationContextService]

!ENTRY org.eclipse.equinox.ds 1 0 2023-08-01 09:48:03.077
!MESSAGE Could not bind a reference of component org.wso2.carbon.ndatasource. The reference is: Reference[name = external.crypto.service, interface = org.wso2.carbon.crypto.api.ExternalCryptoProvider, policy = dynamic, cardinality = 0..1, target = null, bind = setExternalCryptoProvider, unbind = unsetExternalCryptoProvider]

!ENTRY org.eclipse.equinox.ds 1 0 2023-08-01 09:48:03.077
!MESSAGE Could not bind a reference of component org.wso2.carbon.ndatasource. The reference is: Reference[name = registry.service, interface = org.wso2.carbon.registry.core.service.RegistryService, policy = dynamic, cardinality = 0..1, target = null, bind = setRegistryService, unbind = unsetRegistryService]

!ENTRY org.eclipse.equinox.ds 1 0 2023-08-01 09:48:03.391
!MESSAGE Could not bind a reference of component org.wso2.carbon.ndatasource. The reference is: Reference[name = user.realmservice.default, interface = org.wso2.carbon.user.core.service.RealmService, policy = dynamic, cardinality = 0..1, target = null, bind = setRealmService, unbind = unsetRealmService]

!ENTRY org.eclipse.equinox.ds 1 0 2023-08-01 09:48:03.943
!MESSAGE Could not bind a reference of component org.wso2.carbon.tomcat.internal.CarbonTomcatServiceComponent. The reference is: Reference[name = sci, interface = javax.servlet.ServletContainerInitializer, policy = dynamic, cardinality = 0..n, target = null, bind = setServletContainerInitializer, unbind = unsetServletContainerInitializer]

!ENTRY org.eclipse.equinox.ds 1 0 2023-08-01 09:48:04.763
!MESSAGE Could not bind a reference of component org.wso2.carbon.user.core.listener. The reference is: Reference[name = authorization.manager.listener.service, interface = org.wso2.carbon.user.core.listener.AuthorizationManagerListener, policy = dynamic, cardinality = 0..n, target = null, bind = setAuthorizationManagerListenerService, unbind = unsetAuthorizationManagerListenerService]

!ENTRY org.eclipse.equinox.ds 1 0 2023-08-01 09:48:04.764
!MESSAGE Could not bind a reference of component org.wso2.carbon.user.core.listener. The reference is: Reference[name = claim.manager.listener.service, interface = org.wso2.carbon.user.core.listener.ClaimManagerListener, policy = dynamic, cardinality = 0..n, target = null, bind = setClaimManagerListenerService, unbind = unsetClaimManagerListenerService]

!ENTRY org.eclipse.equinox.ds 1 0 2023-08-01 09:48:04.764
!MESSAGE Could not bind a reference of component org.wso2.carbon.user.core.listener. The reference is: Reference[name = ldap.tenant.manager.listener.service, interface = org.wso2.carbon.user.core.tenant.LDAPTenantManager, policy = dynamic, cardinality = 0..n, target = null, bind = addLDAPTenantManager, unbind = removeLDAPTenantManager]

!ENTRY org.eclipse.equinox.ds 1 0 2023-08-01 09:48:04.764
!MESSAGE Could not bind a reference of component org.wso2.carbon.user.core.listener. The reference is: Reference[name = user.management.error.event.listener.service, interface = org.wso2.carbon.user.core.listener.UserManagementErrorEventListener, policy = dynamic, cardinality = 0..n, target = null, bind = setUserManagementErrorEventListenerService, unbind = unsetUserManagementErrorEventListenerService]

!ENTRY org.eclipse.equinox.ds 1 0 2023-08-01 09:48:04.765
!MESSAGE Could not bind a reference of component org.wso2.carbon.user.core.listener. The reference is: Reference[name = user.operation.event.listener.service, interface = org.wso2.carbon.user.core.listener.UserOperationEventListener, policy = dynamic, cardinality = 0..n, target = null, bind = setUserOperationEventListenerService, unbind = unsetUserOperationEventListenerService]

!ENTRY org.eclipse.equinox.ds 1 0 2023-08-01 09:48:04.765
!MESSAGE Could not bind a reference of component org.wso2.carbon.user.core.listener. The reference is: Reference[name = user.store.manager.listener.service, interface = org.wso2.carbon.user.core.listener.UserStoreManagerListener, policy = dynamic, cardinality = 0..n, target = null, bind = setUserStoreManagerListenerService, unbind = unsetUserStoreManagerListenerService]

!ENTRY org.eclipse.equinox.ds 1 0 2023-08-01 09:48:04.799
!MESSAGE Could not bind a reference of component org.wso2.carbon.context.internal.CarbonContextDiscoveryServiceComponent. The reference is: Reference[name = discoveryService, interface = org.wso2.carbon.base.DiscoveryService, policy = dynamic, cardinality = 0..1, target = null, bind = setDiscoveryService, unbind = unsetDiscoveryService]

!ENTRY org.eclipse.equinox.ds 1 0 2023-08-01 09:48:05.035
!MESSAGE Could not bind a reference of component throttle.core.services. The reference is: Reference[name = distributedCounterManager.instance.service, interface = org.apache.synapse.commons.throttle.core.DistributedCounterManager, policy = dynamic, cardinality = 0..n, target = null, bind = addDistributedCounterManagerInstance, unbind = removeDistributedCounterManagerInstance]
