TID: [-1234] [2023-08-01 09:41:08,054]  INFO {AUDIT_LOG} - Initiator=wso2.system.user Action=Get-Roles-of-User Target=admin Data={"Filter":"*","Roles":["Application/admin_5ceac273-9f7d-4f15-9a59-71cf848b596b_SANDBOX","Internal/everyone","admin","Application/apim_publisher","Internal/integration_dev","Application/admin_f2513b58-6e72-49f3-b151-7ba757b2fbeb_SANDBOX","Internal/subscriber","Application/admin_42c4aa1a-258d-44a0-a858-5c2ed1cd2856_SANDBOX","Internal/creator","Application/apim_devportal","Application/admin_aa31ee01-3d38-48ed-b044-11c78bfc8bd8_SANDBOX","Internal/publisher","Internal/devops","Application/apim_admin_portal","Internal/analytics","Internal/observer","Application/admin_96638a86-ec8a-4925-8a02-077077d3dd78_SANDBOX"]} Outcome=Success
TID: [-1234] [2023-08-01 09:41:08,092]  INFO {AUDIT_LOG} - Initiator=wso2.system.user Action=Get-Roles-of-User Target=admin Data={"Filter":"*","Roles":["Application/admin_5ceac273-9f7d-4f15-9a59-71cf848b596b_SANDBOX","Internal/everyone","admin","Application/apim_publisher","Internal/integration_dev","Application/admin_f2513b58-6e72-49f3-b151-7ba757b2fbeb_SANDBOX","Internal/subscriber","Application/admin_42c4aa1a-258d-44a0-a858-5c2ed1cd2856_SANDBOX","Internal/creator","Application/apim_devportal","Application/admin_aa31ee01-3d38-48ed-b044-11c78bfc8bd8_SANDBOX","Internal/publisher","Internal/devops","Application/apim_admin_portal","Internal/analytics","Internal/observer","Application/admin_96638a86-ec8a-4925-8a02-077077d3dd78_SANDBOX"]} Outcome=Success
TID: [-1234] [2023-08-01 09:41:08,132]  INFO {AUDIT_LOG} - Initiator=wso2.system.user Action=Get-Roles-of-User Target=admin Data={"Filter":"*","Roles":["Application/admin_5ceac273-9f7d-4f15-9a59-71cf848b596b_SANDBOX","Internal/everyone","admin","Application/apim_publisher","Internal/integration_dev","Application/admin_f2513b58-6e72-49f3-b151-7ba757b2fbeb_SANDBOX","Internal/subscriber","Application/admin_42c4aa1a-258d-44a0-a858-5c2ed1cd2856_SANDBOX","Internal/creator","Application/apim_devportal","Application/admin_aa31ee01-3d38-48ed-b044-11c78bfc8bd8_SANDBOX","Internal/publisher","Internal/devops","Application/apim_admin_portal","Internal/analytics","Internal/observer","Application/admin_96638a86-ec8a-4925-8a02-077077d3dd78_SANDBOX"]} Outcome=Success
TID: [-1234] [2023-08-01 09:41:11,119]  INFO {AUDIT_LOG} - Initiator=wso2.system.user Action=Get-User-Claim-Values Target=admin Data={"Claims":{},"Profile":"default"} Outcome=Success
TID: [-1234] [2023-08-01 09:41:11,142]  INFO {AUDIT_LOG} - Initiator=wso2.system.user Action=Get-User-Claim-Values Target=admin Data={"Claims":{},"Profile":"default"} Outcome=Success
TID: [-1234] [2023-08-01 09:41:11,183]  INFO {AUDIT_LOG} - Initiator=wso2.system.user Action=Get-User-Claim-Values Target=admin Data={"Claims":{},"Profile":"default"} Outcome=Success
TID: [-1234] [2023-08-01 09:41:11,197]  INFO {AUDIT_LOG} - Initiator=wso2.system.user Action=Get-User-Claim-Values Target=admin Data={"Claims":{},"Profile":"default"} Outcome=Success
TID: [-1234] [2023-08-01 09:41:11,202]  INFO {AUDIT_LOG} - Initiator=wso2.system.user Action=Get-User-Claim-Values Target=admin Data={"Claims":{},"Profile":"default"} Outcome=Success
TID: [-1234] [2023-08-01 09:41:11,219]  INFO {AUDIT_LOG} - Initiator=wso2.system.user Action=Get-User-Claim-Values Target=admin Data={"Claims":{},"Profile":"default"} Outcome=Success
TID: [-1234] [2023-08-01 09:41:11,284]  INFO {AUDIT_LOG} - Initiator=wso2.system.user Action=Get-User-Claim-Values Target=admin Data={"Claims":{},"Profile":"default"} Outcome=Success
TID: [-1234] [2023-08-01 09:41:11,345]  INFO {AUDIT_LOG} - Initiator=wso2.system.user Action=Get-User-Claim-Values Target=admin Data={"Claims":{},"Profile":"default"} Outcome=Success
TID: [-1234] [2023-08-01 09:41:29,126]  INFO {AUDIT_LOG} - Initiator=wso2.system.user Action=Get-User-Claim-Values Target=admin Data={"Claims":{},"Profile":"default"} Outcome=Success
TID: [-1234] [2023-08-01 09:41:30,748]  INFO {AUDIT_LOG} - Initiator=wso2.system.user Action=Get-User-Claim-Values Target=admin Data={"Claims":{},"Profile":"default"} Outcome=Success
TID: [-1234] [2023-08-01 10:18:29,782]  INFO {AUDIT_LOG} - Initiator=wso2.system.user Action=Get-User-Claim-Values Target=admin Data={"Claims":{},"Profile":"default"} Outcome=Success
TID: [-1234] [2023-08-01 10:18:29,785]  INFO {AUDIT_LOG} - Initiator=wso2.system.user Action=Get-User-Claim-Values Target=admin Data={"Claims":{},"Profile":"default"} Outcome=Success
TID: [-1234] [2023-08-01 10:18:29,785]  INFO {AUDIT_LOG} - Initiator=wso2.system.user Action=Get-User-Claim-Values Target=admin Data={"Claims":{},"Profile":"default"} Outcome=Success
TID: [-1234] [2023-08-01 10:18:29,786]  INFO {AUDIT_LOG} - Initiator=wso2.system.user Action=Get-User-Claim-Values Target=admin Data={"Claims":{},"Profile":"default"} Outcome=Success
TID: [-1234] [2023-08-01 10:18:29,787]  INFO {AUDIT_LOG} - Initiator=wso2.system.user Action=Get-User-Claim-Values Target=admin Data={"Claims":{},"Profile":"default"} Outcome=Success
TID: [-1234] [2023-08-01 10:18:29,789]  INFO {AUDIT_LOG} - Initiator=wso2.system.user Action=Get-User-Claim-Values Target=admin Data={"Claims":{},"Profile":"default"} Outcome=Success
TID: [-1234] [2023-08-01 10:18:29,790]  INFO {AUDIT_LOG} - Initiator=wso2.system.user Action=Get-User-Claim-Values Target=admin Data={"Claims":{},"Profile":"default"} Outcome=Success
TID: [-1234] [2023-08-01 10:18:29,791]  INFO {AUDIT_LOG} - Initiator=wso2.system.user Action=Get-User-Claim-Values Target=admin Data={"Claims":{},"Profile":"default"} Outcome=Success
TID: [-1234] [2023-08-01 10:18:29,795]  INFO {AUDIT_LOG} - Initiator=wso2.system.user Action=Get-User-Claim-Values Target=admin Data={"Claims":{},"Profile":"default"} Outcome=Success
TID: [-1234] [2023-08-01 10:18:29,796]  INFO {AUDIT_LOG} - Initiator=wso2.system.user Action=Get-User-Claim-Values Target=admin Data={"Claims":{},"Profile":"default"} Outcome=Success
TID: [-1234] [2023-08-01 10:18:29,798]  INFO {AUDIT_LOG} - Initiator=wso2.system.user Action=Get-User-Claim-Values Target=admin Data={"Claims":{},"Profile":"default"} Outcome=Success
TID: [-1234] [2023-08-01 10:18:29,802]  INFO {AUDIT_LOG} - Initiator=wso2.system.user Action=Get-User-Claim-Values Target=admin Data={"Claims":{},"Profile":"default"} Outcome=Success
TID: [-1234] [2023-08-01 10:18:29,804]  INFO {AUDIT_LOG} - Initiator=wso2.system.user Action=Get-User-Claim-Values Target=admin Data={"Claims":{},"Profile":"default"} Outcome=Success
TID: [-1234] [2023-08-01 10:18:29,817]  INFO {AUDIT_LOG} - Initiator=wso2.system.user Action=Get-User-Claim-Values Target=admin Data={"Claims":{},"Profile":"default"} Outcome=Success
TID: [-1234] [2023-08-01 10:18:29,817]  INFO {AUDIT_LOG} - Initiator=wso2.system.user Action=Get-User-Claim-Values Target=admin Data={"Claims":{},"Profile":"default"} Outcome=Success
TID: [-1234] [2023-08-01 10:18:29,817]  INFO {AUDIT_LOG} - Initiator=wso2.system.user Action=Get-User-Claim-Values Target=admin Data={"Claims":{},"Profile":"default"} Outcome=Success
TID: [-1234] [2023-08-01 10:18:29,819]  INFO {AUDIT_LOG} - Initiator=wso2.system.user Action=Get-User-Claim-Values Target=admin Data={"Claims":{},"Profile":"default"} Outcome=Success
TID: [-1234] [2023-08-01 10:18:29,819]  INFO {AUDIT_LOG} - Initiator=wso2.system.user Action=Get-User-Claim-Values Target=admin Data={"Claims":{},"Profile":"default"} Outcome=Success
TID: [-1234] [2023-08-01 10:18:29,821]  INFO {AUDIT_LOG} - Initiator=wso2.system.user Action=Get-User-Claim-Values Target=admin Data={"Claims":{},"Profile":"default"} Outcome=Success
TID: [-1234] [2023-08-01 10:18:29,844]  INFO {AUDIT_LOG} - Initiator=wso2.system.user Action=Get-User-Claim-Values Target=admin Data={"Claims":{},"Profile":"default"} Outcome=Success
TID: [-1234] [2023-08-01 10:18:29,854]  INFO {AUDIT_LOG} - Initiator=wso2.system.user Action=Get-User-Claim-Values Target=admin Data={"Claims":{},"Profile":"default"} Outcome=Success
TID: [-1234] [2023-08-01 10:18:29,854]  INFO {AUDIT_LOG} - Initiator=wso2.system.user Action=Get-User-Claim-Values Target=admin Data={"Claims":{},"Profile":"default"} Outcome=Success
TID: [-1234] [2023-08-01 10:18:29,868]  INFO {AUDIT_LOG} - Initiator=wso2.system.user Action=Get-User-Claim-Values Target=admin Data={"Claims":{},"Profile":"default"} Outcome=Success
TID: [-1234] [2023-08-01 10:18:29,882]  INFO {AUDIT_LOG} - Initiator=wso2.system.user Action=Get-User-Claim-Values Target=admin Data={"Claims":{},"Profile":"default"} Outcome=Success
TID: [-1234] [2023-08-01 10:18:30,158]  INFO {AUDIT_LOG} - Initiator=wso2.system.user Action=Get-User-Claim-Values Target=admin Data={"Claims":{},"Profile":"default"} Outcome=Success
TID: [-1234] [2023-08-01 10:18:30,176]  INFO {AUDIT_LOG} - Initiator=wso2.system.user Action=Get-User-Claim-Values Target=admin Data={"Claims":{},"Profile":"default"} Outcome=Success
TID: [-1234] [2023-08-01 10:18:30,187]  INFO {AUDIT_LOG} - Initiator=wso2.system.user Action=Get-User-Claim-Values Target=admin Data={"Claims":{},"Profile":"default"} Outcome=Success
TID: [-1234] [2023-08-01 10:18:30,199]  INFO {AUDIT_LOG} - Initiator=wso2.system.user Action=Get-User-Claim-Values Target=admin Data={"Claims":{},"Profile":"default"} Outcome=Success
TID: [-1234] [2023-08-01 10:18:30,211]  INFO {AUDIT_LOG} - Initiator=wso2.system.user Action=Get-User-Claim-Values Target=admin Data={"Claims":{},"Profile":"default"} Outcome=Success
TID: [-1234] [2023-08-01 10:18:30,240]  INFO {AUDIT_LOG} - Initiator=wso2.system.user Action=Get-User-Claim-Values Target=admin Data={"Claims":{},"Profile":"default"} Outcome=Success
TID: [-1234] [2023-08-01 10:18:30,248]  INFO {AUDIT_LOG} - Initiator=wso2.system.user Action=Get-User-Claim-Values Target=admin Data={"Claims":{},"Profile":"default"} Outcome=Success
TID: [-1234] [2023-08-01 10:18:30,259]  INFO {AUDIT_LOG} - Initiator=wso2.system.user Action=Get-User-Claim-Values Target=admin Data={"Claims":{},"Profile":"default"} Outcome=Success
TID: [-1234] [2023-08-01 10:18:30,681]  INFO {AUDIT_LOG} - Initiator=wso2.system.user Action=Get-Roles-of-User Target=admin Data={"Filter":"*","Roles":["Application/admin_5ceac273-9f7d-4f15-9a59-71cf848b596b_SANDBOX","Internal/everyone","admin","Application/apim_publisher","Internal/integration_dev","Application/admin_f2513b58-6e72-49f3-b151-7ba757b2fbeb_SANDBOX","Internal/subscriber","Application/admin_42c4aa1a-258d-44a0-a858-5c2ed1cd2856_SANDBOX","Internal/creator","Application/apim_devportal","Application/admin_aa31ee01-3d38-48ed-b044-11c78bfc8bd8_SANDBOX","Internal/publisher","Internal/devops","Application/apim_admin_portal","Internal/analytics","Internal/observer","Application/admin_96638a86-ec8a-4925-8a02-077077d3dd78_SANDBOX"]} Outcome=Success
TID: [-1234] [2023-08-01 10:18:31,945]  INFO {AUDIT_LOG} - Initiator=wso2.system.user Action=Get-User-Claim-Values Target=admin Data={"Claims":{},"Profile":"default"} Outcome=Success
TID: [-1234] [2023-08-01 10:18:32,047]  INFO {AUDIT_LOG} - Initiator=wso2.system.user Action=Get-User-Claim-Values Target=admin Data={"Claims":{},"Profile":"default"} Outcome=Success
TID: [-1234] [2023-08-01 10:18:32,456]  INFO {AUDIT_LOG} - Initiator=wso2.system.user Action=Get-User-Claim-Values Target=admin Data={"Claims":{},"Profile":"default"} Outcome=Success
TID: [-1234] [2023-08-01 10:18:34,077]  INFO {AUDIT_LOG} - Initiator=wso2.system.user Action=Get-User-Claim-Values Target=admin Data={"Claims":{},"Profile":"default"} Outcome=Success
TID: [-1234] [2023-08-01 10:18:34,774]  INFO {AUDIT_LOG} - Initiator=wso2.system.user Action=Get-User-Claim-Values Target=admin Data={"Claims":{},"Profile":"default"} Outcome=Success
TID: [-1234] [2023-08-01 10:18:35,131]  INFO {AUDIT_LOG} - Initiator=wso2.system.user Action=Get-User-Claim-Values Target=admin Data={"Claims":{},"Profile":"default"} Outcome=Success
TID: [-1234] [2023-08-01 10:24:20,764]  INFO {AUDIT_LOG} - Initiator=wso2.system.user Action=Get-User-Claim-Values Target=admin Data={"Claims":{},"Profile":"default"} Outcome=Success
TID: [-1234] [2023-08-01 10:24:21,302]  INFO {AUDIT_LOG} - Initiator=wso2.system.user Action=Get-User-Claim-Values Target=admin Data={"Claims":{},"Profile":"default"} Outcome=Success
TID: [-1234] [2023-08-01 10:24:38,637]  INFO {AUDIT_LOG} - Initiator=admin@carbon.super Action=Get-User-Claim-Values Target=admin Data={"Claims":{"http://wso2.org/claims/username":"admin","http://wso2.org/claims/userid":"34c676e1-1e80-431c-bc4e-6d35d08bb7a3","http://wso2.org/claims/role":"Application/admin_5ceac273-9f7d-4f15-9a59-71cf848b596b_SANDBOX,Internal/everyone,admin,Application/apim_publisher,Internal/integration_dev,Application/admin_f2513b58-6e72-49f3-b151-7ba757b2fbeb_SANDBOX,Internal/subscriber,Application/admin_42c4aa1a-258d-44a0-a858-5c2ed1cd2856_SANDBOX,Internal/creator,Application/apim_devportal,Application/admin_aa31ee01-3d38-48ed-b044-11c78bfc8bd8_SANDBOX,Internal/publisher,Internal/devops,Application/apim_admin_portal,Internal/analytics,Internal/observer,Application/admin_96638a86-ec8a-4925-8a02-077077d3dd78_SANDBOX","http://wso2.org/claims/userprincipal":"admin"}} Outcome=Success
TID: [-1234] [2023-08-01 10:26:53,079]  INFO {AUDIT_LOG} - Initiator=wso2.system.user Action=Get-User-Claim-Values Target=admin Data={"Claims":{},"Profile":"default"} Outcome=Success
TID: [-1234] [2023-08-01 10:26:53,142]  INFO {AUDIT_LOG} - Initiator=wso2.system.user Action=Get-User-Claim-Values Target=admin Data={"Claims":{},"Profile":"default"} Outcome=Success
TID: [-1234] [2023-08-01 10:39:13,380]  INFO {AUDIT_LOG} - Initiator=wso2.system.user Action=Get-Roles-of-User Target=admin Data={"Filter":"*","Roles":["Application/admin_5ceac273-9f7d-4f15-9a59-71cf848b596b_SANDBOX","Internal/everyone","admin","Application/apim_publisher","Internal/integration_dev","Application/admin_f2513b58-6e72-49f3-b151-7ba757b2fbeb_SANDBOX","Internal/subscriber","Application/admin_42c4aa1a-258d-44a0-a858-5c2ed1cd2856_SANDBOX","Internal/creator","Application/apim_devportal","Application/admin_aa31ee01-3d38-48ed-b044-11c78bfc8bd8_SANDBOX","Internal/publisher","Internal/devops","Application/apim_admin_portal","Internal/analytics","Internal/observer","Application/admin_96638a86-ec8a-4925-8a02-077077d3dd78_SANDBOX"]} Outcome=Success
TID: [-1234] [2023-08-01 10:41:32,768]  INFO {AUDIT_LOG} - Initiator=wso2.system.user Action=Get-User-Claim-Values Target=admin Data={"Claims":{},"Profile":"default"} Outcome=Success
TID: [-1234] [2023-08-01 10:41:32,771]  INFO {AUDIT_LOG} - Initiator=wso2.system.user Action=Get-User-Claim-Values Target=admin Data={"Claims":{},"Profile":"default"} Outcome=Success
TID: [-1234] [2023-08-01 10:41:32,774]  INFO {AUDIT_LOG} - Initiator=wso2.system.user Action=Get-User-Claim-Values Target=admin Data={"Claims":{},"Profile":"default"} Outcome=Success
TID: [-1234] [2023-08-01 10:41:32,775]  INFO {AUDIT_LOG} - Initiator=wso2.system.user Action=Get-User-Claim-Values Target=admin Data={"Claims":{},"Profile":"default"} Outcome=Success
TID: [-1234] [2023-08-01 10:41:32,775]  INFO {AUDIT_LOG} - Initiator=wso2.system.user Action=Get-User-Claim-Values Target=admin Data={"Claims":{},"Profile":"default"} Outcome=Success
TID: [-1234] [2023-08-01 10:41:32,778]  INFO {AUDIT_LOG} - Initiator=wso2.system.user Action=Get-User-Claim-Values Target=admin Data={"Claims":{},"Profile":"default"} Outcome=Success
TID: [-1234] [2023-08-01 10:41:32,798]  INFO {AUDIT_LOG} - Initiator=wso2.system.user Action=Get-User-Claim-Values Target=admin Data={"Claims":{},"Profile":"default"} Outcome=Success
TID: [-1234] [2023-08-01 10:41:32,799]  INFO {AUDIT_LOG} - Initiator=wso2.system.user Action=Get-User-Claim-Values Target=admin Data={"Claims":{},"Profile":"default"} Outcome=Success
TID: [-1234] [2023-08-01 10:41:32,804]  INFO {AUDIT_LOG} - Initiator=wso2.system.user Action=Get-User-Claim-Values Target=admin Data={"Claims":{},"Profile":"default"} Outcome=Success
TID: [-1234] [2023-08-01 10:41:32,806]  INFO {AUDIT_LOG} - Initiator=wso2.system.user Action=Get-User-Claim-Values Target=admin Data={"Claims":{},"Profile":"default"} Outcome=Success
TID: [-1234] [2023-08-01 10:41:32,806]  INFO {AUDIT_LOG} - Initiator=wso2.system.user Action=Get-User-Claim-Values Target=admin Data={"Claims":{},"Profile":"default"} Outcome=Success
TID: [-1234] [2023-08-01 10:41:32,808]  INFO {AUDIT_LOG} - Initiator=wso2.system.user Action=Get-User-Claim-Values Target=admin Data={"Claims":{},"Profile":"default"} Outcome=Success
TID: [-1234] [2023-08-01 10:41:32,818]  INFO {AUDIT_LOG} - Initiator=wso2.system.user Action=Get-User-Claim-Values Target=admin Data={"Claims":{},"Profile":"default"} Outcome=Success
TID: [-1234] [2023-08-01 10:41:32,819]  INFO {AUDIT_LOG} - Initiator=wso2.system.user Action=Get-User-Claim-Values Target=admin Data={"Claims":{},"Profile":"default"} Outcome=Success
TID: [-1234] [2023-08-01 10:41:32,822]  INFO {AUDIT_LOG} - Initiator=wso2.system.user Action=Get-User-Claim-Values Target=admin Data={"Claims":{},"Profile":"default"} Outcome=Success
TID: [-1234] [2023-08-01 10:41:32,824]  INFO {AUDIT_LOG} - Initiator=wso2.system.user Action=Get-User-Claim-Values Target=admin Data={"Claims":{},"Profile":"default"} Outcome=Success
TID: [-1234] [2023-08-01 10:41:32,831]  INFO {AUDIT_LOG} - Initiator=wso2.system.user Action=Get-User-Claim-Values Target=admin Data={"Claims":{},"Profile":"default"} Outcome=Success
TID: [-1234] [2023-08-01 10:41:32,841]  INFO {AUDIT_LOG} - Initiator=wso2.system.user Action=Get-User-Claim-Values Target=admin Data={"Claims":{},"Profile":"default"} Outcome=Success
TID: [-1234] [2023-08-01 10:41:32,849]  INFO {AUDIT_LOG} - Initiator=wso2.system.user Action=Get-User-Claim-Values Target=admin Data={"Claims":{},"Profile":"default"} Outcome=Success
TID: [-1234] [2023-08-01 10:41:32,855]  INFO {AUDIT_LOG} - Initiator=wso2.system.user Action=Get-User-Claim-Values Target=admin Data={"Claims":{},"Profile":"default"} Outcome=Success
TID: [-1234] [2023-08-01 10:41:32,863]  INFO {AUDIT_LOG} - Initiator=wso2.system.user Action=Get-User-Claim-Values Target=admin Data={"Claims":{},"Profile":"default"} Outcome=Success
TID: [-1234] [2023-08-01 10:41:32,866]  INFO {AUDIT_LOG} - Initiator=wso2.system.user Action=Get-User-Claim-Values Target=admin Data={"Claims":{},"Profile":"default"} Outcome=Success
TID: [-1234] [2023-08-01 10:41:32,874]  INFO {AUDIT_LOG} - Initiator=wso2.system.user Action=Get-User-Claim-Values Target=admin Data={"Claims":{},"Profile":"default"} Outcome=Success
TID: [-1234] [2023-08-01 10:41:32,882]  INFO {AUDIT_LOG} - Initiator=wso2.system.user Action=Get-User-Claim-Values Target=admin Data={"Claims":{},"Profile":"default"} Outcome=Success
TID: [-1234] [2023-08-01 10:41:33,311]  INFO {AUDIT_LOG} - Initiator=wso2.system.user Action=Get-User-Claim-Values Target=admin Data={"Claims":{},"Profile":"default"} Outcome=Success
TID: [-1234] [2023-08-01 10:41:33,314]  INFO {AUDIT_LOG} - Initiator=wso2.system.user Action=Get-User-Claim-Values Target=admin Data={"Claims":{},"Profile":"default"} Outcome=Success
TID: [-1234] [2023-08-01 10:41:33,335]  INFO {AUDIT_LOG} - Initiator=wso2.system.user Action=Get-User-Claim-Values Target=admin Data={"Claims":{},"Profile":"default"} Outcome=Success
TID: [-1234] [2023-08-01 10:41:33,357]  INFO {AUDIT_LOG} - Initiator=wso2.system.user Action=Get-User-Claim-Values Target=admin Data={"Claims":{},"Profile":"default"} Outcome=Success
TID: [-1234] [2023-08-01 10:41:33,363]  INFO {AUDIT_LOG} - Initiator=wso2.system.user Action=Get-User-Claim-Values Target=admin Data={"Claims":{},"Profile":"default"} Outcome=Success
TID: [-1234] [2023-08-01 10:41:33,363]  INFO {AUDIT_LOG} - Initiator=wso2.system.user Action=Get-User-Claim-Values Target=admin Data={"Claims":{},"Profile":"default"} Outcome=Success
TID: [-1234] [2023-08-01 10:41:33,372]  INFO {AUDIT_LOG} - Initiator=wso2.system.user Action=Get-User-Claim-Values Target=admin Data={"Claims":{},"Profile":"default"} Outcome=Success
TID: [-1234] [2023-08-01 10:41:33,394]  INFO {AUDIT_LOG} - Initiator=wso2.system.user Action=Get-User-Claim-Values Target=admin Data={"Claims":{},"Profile":"default"} Outcome=Success
TID: [-1234] [2023-08-01 10:41:33,609]  INFO {AUDIT_LOG} - Initiator=wso2.system.user Action=Get-Roles-of-User Target=admin Data={"Filter":"*","Roles":["Application/admin_5ceac273-9f7d-4f15-9a59-71cf848b596b_SANDBOX","Internal/everyone","admin","Application/apim_publisher","Internal/integration_dev","Application/admin_f2513b58-6e72-49f3-b151-7ba757b2fbeb_SANDBOX","Internal/subscriber","Application/admin_42c4aa1a-258d-44a0-a858-5c2ed1cd2856_SANDBOX","Internal/creator","Application/apim_devportal","Application/admin_aa31ee01-3d38-48ed-b044-11c78bfc8bd8_SANDBOX","Internal/publisher","Internal/devops","Application/apim_admin_portal","Internal/analytics","Internal/observer","Application/admin_96638a86-ec8a-4925-8a02-077077d3dd78_SANDBOX"]} Outcome=Success
TID: [-1234] [2023-08-01 10:41:35,170]  INFO {AUDIT_LOG} - Initiator=wso2.system.user Action=Get-User-Claim-Values Target=admin Data={"Claims":{},"Profile":"default"} Outcome=Success
TID: [-1234] [2023-08-01 10:41:35,349]  INFO {AUDIT_LOG} - Initiator=wso2.system.user Action=Get-User-Claim-Values Target=admin Data={"Claims":{},"Profile":"default"} Outcome=Success
TID: [-1234] [2023-08-01 10:41:35,449]  INFO {AUDIT_LOG} - Initiator=wso2.system.user Action=Get-User-Claim-Values Target=admin Data={"Claims":{},"Profile":"default"} Outcome=Success
TID: [-1234] [2023-08-01 10:41:36,684]  INFO {AUDIT_LOG} - Initiator=wso2.system.user Action=Get-User-Claim-Values Target=admin Data={"Claims":{},"Profile":"default"} Outcome=Success
TID: [-1234] [2023-08-01 10:41:37,166]  INFO {AUDIT_LOG} - Initiator=wso2.system.user Action=Get-User-Claim-Values Target=admin Data={"Claims":{},"Profile":"default"} Outcome=Success
TID: [-1234] [2023-08-01 10:41:37,584]  INFO {AUDIT_LOG} - Initiator=wso2.system.user Action=Get-User-Claim-Values Target=admin Data={"Claims":{},"Profile":"default"} Outcome=Success
TID: [-1234] [2023-08-01 10:43:55,763]  INFO {AUDIT_LOG} - Initiator=wso2.system.user Action=Get-User-Claim-Values Target=admin Data={"Claims":{},"Profile":"default"} Outcome=Success
TID: [-1234] [2023-08-01 10:43:56,095]  INFO {AUDIT_LOG} - Initiator=wso2.system.user Action=Get-User-Claim-Values Target=admin Data={"Claims":{},"Profile":"default"} Outcome=Success
TID: [-1234] [2023-08-01 10:44:05,897]  INFO {AUDIT_LOG} - {"performedBy":"admin","action":"updated","typ":"Application","info":"{"Re-Generated Keys for application with client Id":"5MmhASxJ94Efb7q3uxSAPL2iHo8a"}"}
TID: [-1234] [2023-08-01 10:44:05,966]  INFO {AUDIT_LOG} - Initiator=wso2.system.user Action=Get-User-Claim-Values Target=admin Data={"Claims":{},"Profile":"default"} Outcome=Success
TID: [-1234] [2023-08-01 10:44:06,001]  INFO {AUDIT_LOG} - Initiator=wso2.system.user Action=Get-User-Claim-Values Target=admin Data={"Claims":{},"Profile":"default"} Outcome=Success
TID: [-1234] [2023-08-01 10:50:42,130]  INFO {AUDIT_LOG} - {"performedBy":"admin","action":"updated","typ":"API","info":"{"provider":"admin","name":"PizzaShackAPI","context":"\/pizzashack\/1.0.0","version":"1.0.0"}"}
TID: [-1234] [2023-08-01 10:50:42,369]  INFO {AUDIT_LOG} - Initiator=wso2.system.user Action=Get-User-Claim-Values Target=admin Data={"Claims":{},"Profile":"default"} Outcome=Success
TID: [-1234] [2023-08-01 10:50:42,449]  INFO {AUDIT_LOG} - Initiator=wso2.system.user Action=Get-User-Claim-Values Target=admin Data={"Claims":{},"Profile":"default"} Outcome=Success
TID: [-1234] [2023-08-01 10:50:43,309]  INFO {AUDIT_LOG} - Initiator=wso2.system.user Action=Get-User-Claim-Values Target=admin Data={"Claims":{},"Profile":"default"} Outcome=Success
TID: [-1234] [2023-08-01 10:50:58,033]  INFO {AUDIT_LOG} - {"performedBy":"admin","action":"updated","typ":"API","info":"{"provider":"admin","name":"PizzaShackAPI","context":"\/pizzashack\/1.0.0","version":"1.0.0"}"}
TID: [-1234] [2023-08-01 10:50:58,276]  INFO {AUDIT_LOG} - Initiator=wso2.system.user Action=Get-User-Claim-Values Target=admin Data={"Claims":{},"Profile":"default"} Outcome=Success
TID: [-1234] [2023-08-01 10:50:59,390]  INFO {AUDIT_LOG} - Initiator=wso2.system.user Action=Get-User-Claim-Values Target=admin Data={"Claims":{},"Profile":"default"} Outcome=Success
TID: [-1234] [2023-08-01 11:25:11,389]  INFO {AUDIT_LOG} - Initiator=wso2.system.user Action=Get-Roles-of-User Target=admin Data={"Filter":"*","Roles":["Application/admin_5ceac273-9f7d-4f15-9a59-71cf848b596b_SANDBOX","Internal/everyone","admin","Application/apim_publisher","Internal/integration_dev","Application/admin_f2513b58-6e72-49f3-b151-7ba757b2fbeb_SANDBOX","Internal/subscriber","Application/admin_42c4aa1a-258d-44a0-a858-5c2ed1cd2856_SANDBOX","Internal/creator","Application/apim_devportal","Application/admin_aa31ee01-3d38-48ed-b044-11c78bfc8bd8_SANDBOX","Internal/publisher","Internal/devops","Application/apim_admin_portal","Internal/analytics","Internal/observer","Application/admin_96638a86-ec8a-4925-8a02-077077d3dd78_SANDBOX"]} Outcome=Success
TID: [-1234] [2023-08-01 11:25:11,389]  INFO {AUDIT_LOG} - Initiator=wso2.system.user Action=Get-Roles-of-User Target=admin Data={"Filter":"*","Roles":["Application/admin_5ceac273-9f7d-4f15-9a59-71cf848b596b_SANDBOX","Internal/everyone","admin","Application/apim_publisher","Internal/integration_dev","Application/admin_f2513b58-6e72-49f3-b151-7ba757b2fbeb_SANDBOX","Internal/subscriber","Application/admin_42c4aa1a-258d-44a0-a858-5c2ed1cd2856_SANDBOX","Internal/creator","Application/apim_devportal","Application/admin_aa31ee01-3d38-48ed-b044-11c78bfc8bd8_SANDBOX","Internal/publisher","Internal/devops","Application/apim_admin_portal","Internal/analytics","Internal/observer","Application/admin_96638a86-ec8a-4925-8a02-077077d3dd78_SANDBOX"]} Outcome=Success
TID: [-1234] [2023-08-01 11:25:11,436]  INFO {AUDIT_LOG} - Initiator=wso2.system.user Action=Get-Roles-of-User Target=admin Data={"Filter":"*","Roles":["Application/admin_5ceac273-9f7d-4f15-9a59-71cf848b596b_SANDBOX","Internal/everyone","admin","Application/apim_publisher","Internal/integration_dev","Application/admin_f2513b58-6e72-49f3-b151-7ba757b2fbeb_SANDBOX","Internal/subscriber","Application/admin_42c4aa1a-258d-44a0-a858-5c2ed1cd2856_SANDBOX","Internal/creator","Application/apim_devportal","Application/admin_aa31ee01-3d38-48ed-b044-11c78bfc8bd8_SANDBOX","Internal/publisher","Internal/devops","Application/apim_admin_portal","Internal/analytics","Internal/observer","Application/admin_96638a86-ec8a-4925-8a02-077077d3dd78_SANDBOX"]} Outcome=Success
TID: [-1234] [2023-08-01 11:25:11,452]  INFO {AUDIT_LOG} - Initiator=wso2.system.user Action=Get-Roles-of-User Target=admin Data={"Filter":"*","Roles":["Application/admin_5ceac273-9f7d-4f15-9a59-71cf848b596b_SANDBOX","Internal/everyone","admin","Application/apim_publisher","Internal/integration_dev","Application/admin_f2513b58-6e72-49f3-b151-7ba757b2fbeb_SANDBOX","Internal/subscriber","Application/admin_42c4aa1a-258d-44a0-a858-5c2ed1cd2856_SANDBOX","Internal/creator","Application/apim_devportal","Application/admin_aa31ee01-3d38-48ed-b044-11c78bfc8bd8_SANDBOX","Internal/publisher","Internal/devops","Application/apim_admin_portal","Internal/analytics","Internal/observer","Application/admin_96638a86-ec8a-4925-8a02-077077d3dd78_SANDBOX"]} Outcome=Success
TID: [-1234] [2023-08-01 11:28:05,500]  INFO {AUDIT_LOG} - Initiator=wso2.system.user Action=Get-User-Claim-Values Target=admin Data={"Claims":{},"Profile":"default"} Outcome=Success
TID: [-1234] [2023-08-01 11:28:12,372]  INFO {AUDIT_LOG} - Initiator=wso2.system.user Action=Get-User-Claim-Values Target=admin Data={"Claims":{},"Profile":"default"} Outcome=Success
TID: [-1234] [2023-08-01 11:28:27,473]  INFO {AUDIT_LOG} - Initiator=wso2.system.user Action=Get-User-Claim-Values Target=admin Data={"Claims":{},"Profile":"default"} Outcome=Success
TID: [-1234] [2023-08-01 11:28:27,578]  INFO {AUDIT_LOG} - Initiator=wso2.system.user Action=Get-User-Claim-Values Target=admin Data={"Claims":{},"Profile":"default"} Outcome=Success
TID: [-1234] [2023-08-01 11:28:27,639]  INFO {AUDIT_LOG} - Initiator=wso2.system.user Action=Get-User-Claim-Values Target=admin Data={"Claims":{},"Profile":"default"} Outcome=Success
TID: [-1234] [2023-08-01 11:28:27,791]  INFO {AUDIT_LOG} - Initiator=wso2.system.user Action=Get-User-Claim-Values Target=admin Data={"Claims":{},"Profile":"default"} Outcome=Success
TID: [-1234] [2023-08-01 11:28:27,796]  INFO {AUDIT_LOG} - Initiator=wso2.system.user Action=Get-User-Claim-Values Target=admin Data={"Claims":{},"Profile":"default"} Outcome=Success
TID: [-1234] [2023-08-01 11:28:27,796]  INFO {AUDIT_LOG} - Initiator=wso2.system.user Action=Get-User-Claim-Values Target=admin Data={"Claims":{},"Profile":"default"} Outcome=Success
TID: [-1234] [2023-08-01 11:28:27,811]  INFO {AUDIT_LOG} - Initiator=wso2.system.user Action=Get-User-Claim-Values Target=admin Data={"Claims":{},"Profile":"default"} Outcome=Success
TID: [-1234] [2023-08-01 11:38:35,405]  INFO {AUDIT_LOG} - Initiator=wso2.system.user Action=Get-User-Claim-Values Target=admin Data={"Claims":{},"Profile":"default"} Outcome=Success
TID: [-1234] [2023-08-01 11:38:42,350]  INFO {AUDIT_LOG} - Initiator=wso2.system.user Action=Get-User-Claim-Values Target=admin Data={"Claims":{},"Profile":"default"} Outcome=Success
TID: [-1234] [2023-08-01 11:38:47,714]  INFO {AUDIT_LOG} - Initiator=wso2.system.user Action=Get-User-Claim-Values Target=admin Data={"Claims":{},"Profile":"default"} Outcome=Success
TID: [-1234] [2023-08-01 11:38:47,993]  INFO {AUDIT_LOG} - Initiator=wso2.system.user Action=Get-User-Claim-Values Target=admin Data={"Claims":{},"Profile":"default"} Outcome=Success
TID: [-1234] [2023-08-01 11:38:47,995]  INFO {AUDIT_LOG} - Initiator=wso2.system.user Action=Get-User-Claim-Values Target=admin Data={"Claims":{},"Profile":"default"} Outcome=Success
TID: [-1234] [2023-08-01 11:38:48,148]  INFO {AUDIT_LOG} - Initiator=wso2.system.user Action=Get-User-Claim-Values Target=admin Data={"Claims":{},"Profile":"default"} Outcome=Success
TID: [-1234] [2023-08-01 11:38:48,150]  INFO {AUDIT_LOG} - Initiator=wso2.system.user Action=Get-User-Claim-Values Target=admin Data={"Claims":{},"Profile":"default"} Outcome=Success
TID: [-1234] [2023-08-01 11:38:48,156]  INFO {AUDIT_LOG} - Initiator=wso2.system.user Action=Get-User-Claim-Values Target=admin Data={"Claims":{},"Profile":"default"} Outcome=Success
TID: [-1234] [2023-08-01 11:38:48,157]  INFO {AUDIT_LOG} - Initiator=wso2.system.user Action=Get-User-Claim-Values Target=admin Data={"Claims":{},"Profile":"default"} Outcome=Success
TID: [-1234] [2023-08-01 11:52:40,286]  INFO {AUDIT_LOG} - Initiator=wso2.system.user Action=Get-Roles-of-User Target=admin Data={"Filter":"*","Roles":["Application/admin_5ceac273-9f7d-4f15-9a59-71cf848b596b_SANDBOX","Internal/everyone","admin","Application/apim_publisher","Internal/integration_dev","Application/admin_f2513b58-6e72-49f3-b151-7ba757b2fbeb_SANDBOX","Internal/subscriber","Application/admin_42c4aa1a-258d-44a0-a858-5c2ed1cd2856_SANDBOX","Internal/creator","Application/apim_devportal","Application/admin_aa31ee01-3d38-48ed-b044-11c78bfc8bd8_SANDBOX","Internal/publisher","Internal/devops","Application/apim_admin_portal","Internal/analytics","Internal/observer","Application/admin_96638a86-ec8a-4925-8a02-077077d3dd78_SANDBOX"]} Outcome=Success
TID: [-1234] [2023-08-01 11:53:42,458]  INFO {AUDIT_LOG} - Initiator=wso2.system.user Action=Get-User-Claim-Values Target=admin Data={"Claims":{},"Profile":"default"} Outcome=Success
TID: [-1234] [2023-08-01 11:54:05,267]  INFO {AUDIT_LOG} - Initiator=wso2.system.user Action=Get-User-Claim-Values Target=admin Data={"Claims":{},"Profile":"default"} Outcome=Success
TID: [-1234] [2023-08-01 11:54:19,649]  INFO {AUDIT_LOG} - Initiator=wso2.system.user Action=Get-User-Claim-Values Target=admin Data={"Claims":{},"Profile":"default"} Outcome=Success
TID: [-1234] [2023-08-01 11:54:19,649]  INFO {AUDIT_LOG} - Initiator=wso2.system.user Action=Get-User-Claim-Values Target=admin Data={"Claims":{},"Profile":"default"} Outcome=Success
TID: [-1234] [2023-08-01 11:54:19,649]  INFO {AUDIT_LOG} - Initiator=wso2.system.user Action=Get-User-Claim-Values Target=admin Data={"Claims":{},"Profile":"default"} Outcome=Success
TID: [-1234] [2023-08-01 11:54:19,658]  INFO {AUDIT_LOG} - Initiator=wso2.system.user Action=Get-User-Claim-Values Target=admin Data={"Claims":{},"Profile":"default"} Outcome=Success
TID: [-1234] [2023-08-01 11:54:19,666]  INFO {AUDIT_LOG} - Initiator=wso2.system.user Action=Get-User-Claim-Values Target=admin Data={"Claims":{},"Profile":"default"} Outcome=Success
TID: [-1234] [2023-08-01 15:56:30,072]  INFO {AUDIT_LOG} - Initiator=wso2.system.user Action=Get-Roles-of-User Target=admin Data={"Filter":"*","Roles":["Application/admin_5ceac273-9f7d-4f15-9a59-71cf848b596b_SANDBOX","Internal/everyone","admin","Application/apim_publisher","Internal/integration_dev","Application/admin_f2513b58-6e72-49f3-b151-7ba757b2fbeb_SANDBOX","Internal/subscriber","Application/admin_42c4aa1a-258d-44a0-a858-5c2ed1cd2856_SANDBOX","Internal/creator","Application/apim_devportal","Application/admin_aa31ee01-3d38-48ed-b044-11c78bfc8bd8_SANDBOX","Internal/publisher","Internal/devops","Application/apim_admin_portal","Internal/analytics","Internal/observer","Application/admin_96638a86-ec8a-4925-8a02-077077d3dd78_SANDBOX"]} Outcome=Success
TID: [-1234] [2023-08-01 15:56:30,111]  INFO {AUDIT_LOG} - Initiator=wso2.system.user Action=Get-User-Claim-Values Target=admin Data={"Claims":{},"Profile":"default"} Outcome=Success
TID: [-1234] [2023-08-01 16:02:42,212]  INFO {AUDIT_LOG} - Initiator=wso2.system.user Action=Get-User-Claim-Values Target=admin Data={"ServiceProviderName":"apim_devportal","Claims":{},"Profile":"default"} Outcome=Success
TID: [-1234] [2023-08-01 16:02:42,223]  INFO {AUDIT_LOG} - Initiator : admin | Action : LoginStepSuccess | Target : ApplicationAuthenticationFramework | Data : { "ContextIdentifier" : "62ccb604-54c3-4306-88e8-255b42d51b24","AuthenticatedUser" : "admin","AuthenticatedUserTenantDomain" : "carbon.super","ServiceProviderName" : "apim_devportal","RequestType" : "oidc","RelyingParty" : "1gMVqRyMGgEkZ3coeBEcN12K_zca","AuthenticatedIdP" : "LOCAL","User Agent" : "null","RemoteAddress" : "null","UserStoreDomain" : "PRIMARY" } | Result : Success 
TID: [-1234] [2023-08-01 16:02:42,246]  INFO {AUDIT_LOG} - Initiator=wso2.system.user Action=Get-User-Claim-Values Target=admin Data={"ServiceProviderName":"apim_devportal","Claims":{"http://wso2.org/claims/username":"admin","http://wso2.org/claims/userid":"34c676e1-1e80-431c-bc4e-6d35d08bb7a3","http://wso2.org/claims/role":"Application/admin_5ceac273-9f7d-4f15-9a59-71cf848b596b_SANDBOX,Internal/everyone,admin,Application/apim_publisher,Internal/integration_dev,Application/admin_f2513b58-6e72-49f3-b151-7ba757b2fbeb_SANDBOX,Internal/subscriber,Application/admin_42c4aa1a-258d-44a0-a858-5c2ed1cd2856_SANDBOX,Internal/creator,Application/apim_devportal,Application/admin_aa31ee01-3d38-48ed-b044-11c78bfc8bd8_SANDBOX,Internal/publisher,Internal/devops,Application/apim_admin_portal,Internal/analytics,Internal/observer,Application/admin_96638a86-ec8a-4925-8a02-077077d3dd78_SANDBOX","http://wso2.org/claims/userprincipal":"admin"}} Outcome=Success
TID: [-1234] [2023-08-01 16:02:42,321]  INFO {AUDIT_LOG} - Initiator : admin | Action : Login | Target : ApplicationAuthenticationFramework | Data : { "ContextIdentifier" : "62ccb604-54c3-4306-88e8-255b42d51b24","AuthenticatedUser" : "admin","AuthenticatedUserTenantDomain" : "carbon.super","ServiceProviderName" : "apim_devportal","RequestType" : "oidc","RelyingParty" : "1gMVqRyMGgEkZ3coeBEcN12K_zca","AuthenticatedIdPs" : "eyJ0eXAiOiJKV1QiLCAiYWxnIjoiSFMyNTYifQ==.eyJpc3MiOiJ3c28yIiwiZXhwIjoxNjkwODg3NzYyMjMwMzAwMCwiaWF0IjoxNjkwODg3NzYyMjMwLCJpZHBzIjpbeyJpZHAiOiJMT0NBTCIsImF1dGhlbnRpY2F0b3IiOiJCYXNpY0F1dGhlbnRpY2F0b3IifV19.AJepFY8Sn0RgUMGo7gkskgWLgWg=","User Agent" : "null","RemoteAddress" : "null","UserStoreDomain" : "PRIMARY" } | Result : Success 
TID: [-1234] [2023-08-01 16:02:44,036]  INFO {AUDIT_LOG} - Initiator=wso2.system.user Action=Get-User-Claim-Values Target=admin Data={"ServiceProviderName":"apim_devportal","Claims":{"http://wso2.org/claims/username":"admin","http://wso2.org/claims/userid":"34c676e1-1e80-431c-bc4e-6d35d08bb7a3","http://wso2.org/claims/role":"Application/admin_5ceac273-9f7d-4f15-9a59-71cf848b596b_SANDBOX,Internal/everyone,admin,Application/apim_publisher,Internal/integration_dev,Application/admin_f2513b58-6e72-49f3-b151-7ba757b2fbeb_SANDBOX,Internal/subscriber,Application/admin_42c4aa1a-258d-44a0-a858-5c2ed1cd2856_SANDBOX,Internal/creator,Application/apim_devportal,Application/admin_aa31ee01-3d38-48ed-b044-11c78bfc8bd8_SANDBOX,Internal/publisher,Internal/devops,Application/apim_admin_portal,Internal/analytics,Internal/observer,Application/admin_96638a86-ec8a-4925-8a02-077077d3dd78_SANDBOX","http://wso2.org/claims/userprincipal":"admin"}} Outcome=Success
TID: [-1234] [2023-08-01 16:02:44,041]  INFO {AUDIT_LOG} - Initiator : admin | Action : Login | Target : ApplicationAuthenticationFramework | Data : { "ContextIdentifier" : "a27439ec-b33c-4c52-9651-54b8f08d8df6","AuthenticatedUser" : "admin","AuthenticatedUserTenantDomain" : "carbon.super","ServiceProviderName" : "apim_devportal","RequestType" : "oidc","RelyingParty" : "1gMVqRyMGgEkZ3coeBEcN12K_zca","AuthenticatedIdPs" : "eyJ0eXAiOiJKV1QiLCAiYWxnIjoiSFMyNTYifQ==.eyJpc3MiOiJ3c28yIiwiZXhwIjoxNjkwODg3NzY0MDMyMzAwMCwiaWF0IjoxNjkwODg3NzY0MDMyLCJpZHBzIjpbeyJpZHAiOiJMT0NBTCIsImF1dGhlbnRpY2F0b3IiOiJCYXNpY0F1dGhlbnRpY2F0b3IifV19.EmBwa+/izQilC4r+RNgXkXZ4oOU=","User Agent" : "null","RemoteAddress" : "null","UserStoreDomain" : "PRIMARY" } | Result : Success 
TID: [-1234] [2023-08-01 16:02:45,054]  INFO {AUDIT_LOG} - Initiator=wso2.system.user Action=Get-User-Claim-Values Target=admin Data={"Claims":{},"Profile":"default"} Outcome=Success
TID: [-1234] [2023-08-01 16:07:49,569]  INFO {AUDIT_LOG} - Initiator : admin | Action : Logout | Target : null | Data : { "ContextIdentifier" : "2e74f53f-8fe0-4b34-a63c-62932792e158","LoggedOutUser" : "admin","LoggedOutUserTenantDomain" : "carbon.super","ServiceProviderName" : "apim_devportal","RequestType" : "oidc","RelyingParty" : "1gMVqRyMGgEkZ3coeBEcN12K_zca","AuthenticatedIdPs" : "eyJ0eXAiOiJKV1QiLCAiYWxnIjoiSFMyNTYifQ==.eyJpc3MiOiJ3c28yIiwiZXhwIjoxNjkwODg3NzY0MDMyMzAwMCwiaWF0IjoxNjkwODg3NzY0MDMyLCJpZHBzIjpbeyJpZHAiOiJMT0NBTCIsImF1dGhlbnRpY2F0b3IiOiJCYXNpY0F1dGhlbnRpY2F0b3IifV19.EmBwa+/izQilC4r+RNgXkXZ4oOU=" } | Result : Success 
