TID: [-1234] [2023-07-17 12:27:07,738]  INFO {AUDIT_LOG} - Initiator=wso2.system.user Action=Get-User-Claim-Values Target=admin Data={"Claims":{},"Profile":"default"} Outcome=Success
TID: [-1234] [2023-07-17 12:27:07,738]  INFO {AUDIT_LOG} - Initiator=wso2.system.user Action=Get-User-Claim-Values Target=admin Data={"Claims":{},"Profile":"default"} Outcome=Success
TID: [-1234] [2023-07-17 12:27:07,739]  INFO {AUDIT_LOG} - Initiator=wso2.system.user Action=Get-User-Claim-Values Target=admin Data={"Claims":{},"Profile":"default"} Outcome=Success
TID: [-1234] [2023-07-17 12:27:07,741]  INFO {AUDIT_LOG} - Initiator=wso2.system.user Action=Get-User-Claim-Values Target=admin Data={"Claims":{},"Profile":"default"} Outcome=Success
TID: [-1234] [2023-07-17 12:27:07,747]  INFO {AUDIT_LOG} - Initiator=wso2.system.user Action=Get-User-Claim-Values Target=admin Data={"Claims":{},"Profile":"default"} Outcome=Success
TID: [-1234] [2023-07-17 12:27:07,748]  INFO {AUDIT_LOG} - Initiator=wso2.system.user Action=Get-User-Claim-Values Target=admin Data={"Claims":{},"Profile":"default"} Outcome=Success
TID: [-1234] [2023-07-17 12:27:07,749]  INFO {AUDIT_LOG} - Initiator=wso2.system.user Action=Get-User-Claim-Values Target=admin Data={"Claims":{},"Profile":"default"} Outcome=Success
TID: [-1234] [2023-07-17 12:27:07,752]  INFO {AUDIT_LOG} - Initiator=wso2.system.user Action=Get-User-Claim-Values Target=admin Data={"Claims":{},"Profile":"default"} Outcome=Success
TID: [-1234] [2023-07-17 12:27:07,753]  INFO {AUDIT_LOG} - Initiator=wso2.system.user Action=Get-User-Claim-Values Target=admin Data={"Claims":{},"Profile":"default"} Outcome=Success
TID: [-1234] [2023-07-17 12:27:07,754]  INFO {AUDIT_LOG} - Initiator=wso2.system.user Action=Get-User-Claim-Values Target=admin Data={"Claims":{},"Profile":"default"} Outcome=Success
TID: [-1234] [2023-07-17 12:27:07,755]  INFO {AUDIT_LOG} - Initiator=wso2.system.user Action=Get-User-Claim-Values Target=admin Data={"Claims":{},"Profile":"default"} Outcome=Success
TID: [-1234] [2023-07-17 12:27:07,756]  INFO {AUDIT_LOG} - Initiator=wso2.system.user Action=Get-User-Claim-Values Target=admin Data={"Claims":{},"Profile":"default"} Outcome=Success
TID: [-1234] [2023-07-17 12:27:07,808]  INFO {AUDIT_LOG} - Initiator=wso2.system.user Action=Get-User-Claim-Values Target=admin Data={"Claims":{},"Profile":"default"} Outcome=Success
TID: [-1234] [2023-07-17 12:27:07,816]  INFO {AUDIT_LOG} - Initiator=wso2.system.user Action=Get-User-Claim-Values Target=admin Data={"Claims":{},"Profile":"default"} Outcome=Success
TID: [-1234] [2023-07-17 12:27:07,822]  INFO {AUDIT_LOG} - Initiator=wso2.system.user Action=Get-User-Claim-Values Target=admin Data={"Claims":{},"Profile":"default"} Outcome=Success
TID: [-1234] [2023-07-17 12:27:07,914]  INFO {AUDIT_LOG} - Initiator=wso2.system.user Action=Get-User-Claim-Values Target=admin Data={"Claims":{},"Profile":"default"} Outcome=Success
TID: [-1234] [2023-07-17 12:27:11,821]  INFO {AUDIT_LOG} - Initiator=wso2.system.user Action=Get-User-Claim-Values Target=admin Data={"Claims":{},"Profile":"default"} Outcome=Success
TID: [-1234] [2023-07-17 12:27:11,893]  INFO {AUDIT_LOG} - Initiator=wso2.system.user Action=Get-User-Claim-Values Target=admin Data={"Claims":{},"Profile":"default"} Outcome=Success
TID: [-1234] [2023-07-17 12:27:13,059]  INFO {AUDIT_LOG} - Initiator=wso2.system.user Action=Get-User-Claim-Values Target=admin Data={"Claims":{},"Profile":"default"} Outcome=Success
TID: [-1234] [2023-07-17 12:27:14,284]  INFO {AUDIT_LOG} - Initiator=wso2.system.user Action=Get-User-Claim-Values Target=admin Data={"Claims":{},"Profile":"default"} Outcome=Success
TID: [-1234] [2023-07-17 12:27:16,626]  INFO {AUDIT_LOG} - Initiator=wso2.system.user Action=Get-User-Claim-Values Target=admin Data={"Claims":{},"Profile":"default"} Outcome=Success
TID: [-1234] [2023-07-17 12:27:16,961]  INFO {AUDIT_LOG} - Initiator=wso2.system.user Action=Get-User-Claim-Values Target=admin Data={"Claims":{},"Profile":"default"} Outcome=Success
TID: [-1234] [2023-07-17 12:27:21,984]  INFO {AUDIT_LOG} - Initiator=wso2.system.user Action=Get-User-Claim-Values Target=admin Data={"Claims":{},"Profile":"default"} Outcome=Success
TID: [-1234] [2023-07-17 12:27:21,996]  INFO {AUDIT_LOG} - Initiator=wso2.system.user Action=Get-User-Claim-Values Target=admin Data={"Claims":{},"Profile":"default"} Outcome=Success
TID: [-1234] [2023-07-17 12:27:21,996]  INFO {AUDIT_LOG} - Initiator=wso2.system.user Action=Get-User-Claim-Values Target=admin Data={"Claims":{},"Profile":"default"} Outcome=Success
TID: [-1234] [2023-07-17 12:27:22,006]  INFO {AUDIT_LOG} - Initiator=wso2.system.user Action=Get-User-Claim-Values Target=admin Data={"Claims":{},"Profile":"default"} Outcome=Success
TID: [-1234] [2023-07-17 12:27:37,682]  INFO {AUDIT_LOG} - Initiator=wso2.system.user Action=Get-User-Claim-Values Target=admin Data={"Claims":{},"Profile":"default"} Outcome=Success
TID: [-1234] [2023-07-17 12:27:37,685]  INFO {AUDIT_LOG} - Initiator=wso2.system.user Action=Get-User-Claim-Values Target=admin Data={"Claims":{},"Profile":"default"} Outcome=Success
TID: [-1234] [2023-07-17 12:27:37,685]  INFO {AUDIT_LOG} - Initiator=wso2.system.user Action=Get-User-Claim-Values Target=admin Data={"Claims":{},"Profile":"default"} Outcome=Success
TID: [-1234] [2023-07-17 12:27:37,690]  INFO {AUDIT_LOG} - Initiator=wso2.system.user Action=Get-User-Claim-Values Target=admin Data={"Claims":{},"Profile":"default"} Outcome=Success
TID: [-1234] [2023-07-17 12:28:11,367]  INFO {AUDIT_LOG} - Initiator=wso2.system.user Action=Get-User-Claim-Values Target=admin Data={"Claims":{},"Profile":"default"} Outcome=Success
TID: [-1234] [2023-07-17 12:28:11,368]  INFO {AUDIT_LOG} - Initiator=wso2.system.user Action=Get-User-Claim-Values Target=admin Data={"Claims":{},"Profile":"default"} Outcome=Success
TID: [-1234] [2023-07-17 12:28:11,374]  INFO {AUDIT_LOG} - Initiator=wso2.system.user Action=Get-User-Claim-Values Target=admin Data={"Claims":{},"Profile":"default"} Outcome=Success
TID: [-1234] [2023-07-17 12:28:11,386]  INFO {AUDIT_LOG} - Initiator=wso2.system.user Action=Get-User-Claim-Values Target=admin Data={"Claims":{},"Profile":"default"} Outcome=Success
TID: [-1234] [2023-07-17 12:28:12,372]  INFO {AUDIT_LOG} - Initiator=wso2.system.user Action=Get-User-Claim-Values Target=admin Data={"ServiceProviderName":"apim_publisher","Claims":{},"Profile":"default"} Outcome=Success
TID: [-1234] [2023-07-17 12:28:12,381]  INFO {AUDIT_LOG} - Initiator : admin | Action : LoginStepSuccess | Target : ApplicationAuthenticationFramework | Data : { "ContextIdentifier" : "1c9185ca-78e3-404e-b7f3-88afab352f1c","AuthenticatedUser" : "admin","AuthenticatedUserTenantDomain" : "carbon.super","ServiceProviderName" : "apim_publisher","RequestType" : "oidc","RelyingParty" : "sDkjqOFQo4a1bfhfzMumgDi7hawa","AuthenticatedIdP" : "LOCAL","User Agent" : "null","RemoteAddress" : "null","UserStoreDomain" : "PRIMARY" } | Result : Success 
TID: [-1234] [2023-07-17 12:28:12,407]  INFO {AUDIT_LOG} - Initiator=wso2.system.user Action=Get-Roles-of-User Target=admin Data={"ServiceProviderName":"apim_publisher","Filter":"*","Roles":["Application/admin_5ceac273-9f7d-4f15-9a59-71cf848b596b_SANDBOX","Internal/everyone","admin","Application/apim_publisher","Internal/integration_dev","Application/admin_f2513b58-6e72-49f3-b151-7ba757b2fbeb_SANDBOX","Internal/subscriber","Application/admin_42c4aa1a-258d-44a0-a858-5c2ed1cd2856_SANDBOX","Internal/creator","Application/apim_devportal","Application/admin_aa31ee01-3d38-48ed-b044-11c78bfc8bd8_SANDBOX","Internal/publisher","Internal/devops","Application/apim_admin_portal","Internal/analytics","Internal/observer","Application/admin_96638a86-ec8a-4925-8a02-077077d3dd78_SANDBOX"]} Outcome=Success
TID: [-1234] [2023-07-17 12:28:12,411]  INFO {AUDIT_LOG} - Initiator=wso2.system.user Action=Get-User-Claim-Values Target=admin Data={"ServiceProviderName":"apim_publisher","Claims":{"http://wso2.org/claims/username":"admin","http://wso2.org/claims/userid":"34c676e1-1e80-431c-bc4e-6d35d08bb7a3","http://wso2.org/claims/role":"Application/admin_5ceac273-9f7d-4f15-9a59-71cf848b596b_SANDBOX,Internal/everyone,admin,Application/apim_publisher,Internal/integration_dev,Application/admin_f2513b58-6e72-49f3-b151-7ba757b2fbeb_SANDBOX,Internal/subscriber,Application/admin_42c4aa1a-258d-44a0-a858-5c2ed1cd2856_SANDBOX,Internal/creator,Application/apim_devportal,Application/admin_aa31ee01-3d38-48ed-b044-11c78bfc8bd8_SANDBOX,Internal/publisher,Internal/devops,Application/apim_admin_portal,Internal/analytics,Internal/observer,Application/admin_96638a86-ec8a-4925-8a02-077077d3dd78_SANDBOX","http://wso2.org/claims/userprincipal":"admin"}} Outcome=Success
TID: [-1234] [2023-07-17 12:28:12,640]  INFO {AUDIT_LOG} - Initiator : admin | Action : Login | Target : ApplicationAuthenticationFramework | Data : { "ContextIdentifier" : "1c9185ca-78e3-404e-b7f3-88afab352f1c","AuthenticatedUser" : "admin","AuthenticatedUserTenantDomain" : "carbon.super","ServiceProviderName" : "apim_publisher","RequestType" : "oidc","RelyingParty" : "sDkjqOFQo4a1bfhfzMumgDi7hawa","AuthenticatedIdPs" : "eyJ0eXAiOiJKV1QiLCAiYWxnIjoiSFMyNTYifQ==.eyJpc3MiOiJ3c28yIiwiZXhwIjoxNjg5NTc4ODkyMzg3MzAwMCwiaWF0IjoxNjg5NTc4ODkyMzg3LCJpZHBzIjpbeyJpZHAiOiJMT0NBTCIsImF1dGhlbnRpY2F0b3IiOiJCYXNpY0F1dGhlbnRpY2F0b3IifV19.d/tCiqKmHDRhXu/B9jnta4hdouI=","User Agent" : "null","RemoteAddress" : "null","UserStoreDomain" : "PRIMARY" } | Result : Success 
TID: [-1234] [2023-07-17 12:28:14,874]  INFO {AUDIT_LOG} - Initiator=wso2.system.user Action=Get-User-Claim-Values Target=admin Data={"Claims":{},"Profile":"default"} Outcome=Success
TID: [-1234] [2023-07-17 12:28:15,903]  INFO {AUDIT_LOG} - Initiator=wso2.system.user Action=Get-User-Claim-Values Target=admin Data={"Claims":{},"Profile":"default"} Outcome=Success
TID: [-1234] [2023-07-17 12:28:15,918]  INFO {AUDIT_LOG} - Initiator=wso2.system.user Action=Get-User-Claim-Values Target=admin Data={"Claims":{},"Profile":"default"} Outcome=Success
TID: [-1234] [2023-07-17 12:28:15,935]  INFO {AUDIT_LOG} - Initiator=wso2.system.user Action=Get-User-Claim-Values Target=admin Data={"Claims":{},"Profile":"default"} Outcome=Success
TID: [-1234] [2023-07-17 12:28:15,971]  INFO {AUDIT_LOG} - Initiator=wso2.system.user Action=Get-User-Claim-Values Target=admin Data={"Claims":{},"Profile":"default"} Outcome=Success
TID: [-1234] [2023-07-17 12:28:27,103]  INFO {AUDIT_LOG} - Initiator=wso2.system.user Action=Get-User-Claim-Values Target=admin Data={"Claims":{},"Profile":"default"} Outcome=Success
TID: [-1234] [2023-07-17 12:28:27,104]  INFO {AUDIT_LOG} - Initiator=wso2.system.user Action=Get-User-Claim-Values Target=admin Data={"Claims":{},"Profile":"default"} Outcome=Success
TID: [-1234] [2023-07-17 12:28:27,112]  INFO {AUDIT_LOG} - Initiator=wso2.system.user Action=Get-User-Claim-Values Target=admin Data={"Claims":{},"Profile":"default"} Outcome=Success
TID: [-1234] [2023-07-17 12:28:27,118]  INFO {AUDIT_LOG} - Initiator=wso2.system.user Action=Get-User-Claim-Values Target=admin Data={"Claims":{},"Profile":"default"} Outcome=Success
TID: [-1234] [2023-07-17 12:28:31,637]  INFO {AUDIT_LOG} - Initiator=wso2.system.user Action=Get-User-Claim-Values Target=admin Data={"Claims":{},"Profile":"default"} Outcome=Success
TID: [-1234] [2023-07-17 12:28:31,640]  INFO {AUDIT_LOG} - Initiator=wso2.system.user Action=Get-User-Claim-Values Target=admin Data={"Claims":{},"Profile":"default"} Outcome=Success
TID: [-1234] [2023-07-17 12:28:31,640]  INFO {AUDIT_LOG} - Initiator=wso2.system.user Action=Get-User-Claim-Values Target=admin Data={"Claims":{},"Profile":"default"} Outcome=Success
TID: [-1234] [2023-07-17 12:28:31,656]  INFO {AUDIT_LOG} - Initiator=wso2.system.user Action=Get-User-Claim-Values Target=admin Data={"Claims":{},"Profile":"default"} Outcome=Success
TID: [-1234] [2023-07-17 12:29:20,597]  INFO {AUDIT_LOG} - {"performedBy":"admin","action":"created","typ":"API","info":"{"provider":"admin","name":"Customer_Wrapped","context":"\/registrations\/v1","version":"v1"}"}
TID: [-1234] [2023-07-17 12:29:20,646]  INFO {AUDIT_LOG} - Initiator=wso2.system.user Action=Get-User-Claim-Values Target=admin Data={"Claims":{},"Profile":"default"} Outcome=Success
TID: [-1234] [2023-07-17 12:29:36,638]  INFO {AUDIT_LOG} - Initiator=wso2.system.user Action=Get-User-Claim-Values Target=admin Data={"Claims":{},"Profile":"default"} Outcome=Success
TID: [-1234] [2023-07-17 12:30:06,013]  INFO {AUDIT_LOG} - {"performedBy":"admin","action":"updated","typ":"API","info":"{"provider":"admin","name":"Customer_Wrapped","context":"\/registrations\/v1","version":"v1"}"}
TID: [-1234] [2023-07-17 12:30:09,429]  INFO {AUDIT_LOG} - {"performedBy":"admin","action":"updated","typ":"API","info":"{"provider":"admin","name":"Customer_Wrapped","context":"\/registrations\/v1","version":"v1"}"}
TID: [-1234] [2023-07-17 12:30:22,454]  INFO {AUDIT_LOG} - Initiator=wso2.system.user Action=Get-User-Claim-Values Target=admin Data={"Claims":{},"Profile":"default"} Outcome=Success
TID: [-1234] [2023-07-17 12:30:22,454]  INFO {AUDIT_LOG} - Initiator=wso2.system.user Action=Get-User-Claim-Values Target=admin Data={"Claims":{},"Profile":"default"} Outcome=Success
TID: [-1234] [2023-07-17 12:30:23,407]  INFO {AUDIT_LOG} - Initiator=wso2.system.user Action=Get-User-Claim-Values Target=admin Data={"Claims":{},"Profile":"default"} Outcome=Success
TID: [-1234] [2023-07-17 12:30:23,505]  INFO {AUDIT_LOG} - Initiator=wso2.system.user Action=Get-User-Claim-Values Target=admin Data={"Claims":{},"Profile":"default"} Outcome=Success
TID: [-1234] [2023-07-17 12:31:15,819]  INFO {AUDIT_LOG} - Initiator=wso2.system.user Action=Get-User-Claim-Values Target=admin Data={"Claims":{},"Profile":"default"} Outcome=Success
TID: [-1234] [2023-07-17 12:31:15,848]  INFO {AUDIT_LOG} - Initiator=wso2.system.user Action=Get-User-Claim-Values Target=admin Data={"Claims":{},"Profile":"default"} Outcome=Success
TID: [-1234] [2023-07-17 12:31:16,308]  INFO {AUDIT_LOG} - Initiator=wso2.system.user Action=Get-User-Claim-Values Target=admin Data={"Claims":{},"Profile":"default"} Outcome=Success
TID: [-1234] [2023-07-17 12:31:21,355]  INFO {AUDIT_LOG} - Initiator=wso2.system.user Action=Get-User-Claim-Values Target=admin Data={"Claims":{},"Profile":"default"} Outcome=Success
TID: [-1234] [2023-07-17 12:31:24,431]  INFO {AUDIT_LOG} - Initiator=wso2.system.user Action=Get-User-Claim-Values Target=admin Data={"Claims":{},"Profile":"default"} Outcome=Success
TID: [-1234] [2023-07-17 12:31:28,744]  INFO {AUDIT_LOG} - Initiator=wso2.system.user Action=Get-User-Claim-Values Target=admin Data={"ServiceProviderName":"apim_devportal","Claims":{"http://wso2.org/claims/username":"admin","http://wso2.org/claims/userid":"34c676e1-1e80-431c-bc4e-6d35d08bb7a3","http://wso2.org/claims/role":"Application/admin_5ceac273-9f7d-4f15-9a59-71cf848b596b_SANDBOX,Internal/everyone,admin,Application/apim_publisher,Internal/integration_dev,Application/admin_f2513b58-6e72-49f3-b151-7ba757b2fbeb_SANDBOX,Internal/subscriber,Application/admin_42c4aa1a-258d-44a0-a858-5c2ed1cd2856_SANDBOX,Internal/creator,Application/apim_devportal,Application/admin_aa31ee01-3d38-48ed-b044-11c78bfc8bd8_SANDBOX,Internal/publisher,Internal/devops,Application/apim_admin_portal,Internal/analytics,Internal/observer,Application/admin_96638a86-ec8a-4925-8a02-077077d3dd78_SANDBOX","http://wso2.org/claims/userprincipal":"admin"}} Outcome=Success
TID: [-1234] [2023-07-17 12:31:28,757]  INFO {AUDIT_LOG} - Initiator : admin | Action : Login | Target : ApplicationAuthenticationFramework | Data : { "ContextIdentifier" : "9dfa4889-297a-46fd-85c3-08364f3c9925","AuthenticatedUser" : "admin","AuthenticatedUserTenantDomain" : "carbon.super","ServiceProviderName" : "apim_devportal","RequestType" : "oidc","RelyingParty" : "1gMVqRyMGgEkZ3coeBEcN12K_zca","AuthenticatedIdPs" : "eyJ0eXAiOiJKV1QiLCAiYWxnIjoiSFMyNTYifQ==.eyJpc3MiOiJ3c28yIiwiZXhwIjoxNjg5NTc5MDg4NzM3MzAwMCwiaWF0IjoxNjg5NTc5MDg4NzM3LCJpZHBzIjpbeyJpZHAiOiJMT0NBTCIsImF1dGhlbnRpY2F0b3IiOiJCYXNpY0F1dGhlbnRpY2F0b3IifV19.eLu+7xSpsP/lcE2hHobno7r1Oic=","User Agent" : "null","RemoteAddress" : "null","UserStoreDomain" : "PRIMARY" } | Result : Success 
TID: [-1234] [2023-07-17 12:31:31,757]  INFO {AUDIT_LOG} - Initiator=wso2.system.user Action=Get-User-Claim-Values Target=admin Data={"Claims":{},"Profile":"default"} Outcome=Success
TID: [-1234] [2023-07-17 12:31:32,485]  INFO {AUDIT_LOG} - Initiator=wso2.system.user Action=Get-User-Claim-Values Target=admin Data={"ServiceProviderName":"apim_publisher","Claims":{"http://wso2.org/claims/username":"admin","http://wso2.org/claims/userid":"34c676e1-1e80-431c-bc4e-6d35d08bb7a3","http://wso2.org/claims/role":"Application/admin_5ceac273-9f7d-4f15-9a59-71cf848b596b_SANDBOX,Internal/everyone,admin,Application/apim_publisher,Internal/integration_dev,Application/admin_f2513b58-6e72-49f3-b151-7ba757b2fbeb_SANDBOX,Internal/subscriber,Application/admin_42c4aa1a-258d-44a0-a858-5c2ed1cd2856_SANDBOX,Internal/creator,Application/apim_devportal,Application/admin_aa31ee01-3d38-48ed-b044-11c78bfc8bd8_SANDBOX,Internal/publisher,Internal/devops,Application/apim_admin_portal,Internal/analytics,Internal/observer,Application/admin_96638a86-ec8a-4925-8a02-077077d3dd78_SANDBOX","http://wso2.org/claims/userprincipal":"admin"}} Outcome=Success
TID: [-1234] [2023-07-17 12:31:32,493]  INFO {AUDIT_LOG} - Initiator : admin | Action : Login | Target : ApplicationAuthenticationFramework | Data : { "ContextIdentifier" : "8c85c190-25fd-409f-b84b-0416b76750b2","AuthenticatedUser" : "admin","AuthenticatedUserTenantDomain" : "carbon.super","ServiceProviderName" : "apim_publisher","RequestType" : "oidc","RelyingParty" : "sDkjqOFQo4a1bfhfzMumgDi7hawa","AuthenticatedIdPs" : "eyJ0eXAiOiJKV1QiLCAiYWxnIjoiSFMyNTYifQ==.eyJpc3MiOiJ3c28yIiwiZXhwIjoxNjg5NTc5MDkyNDc5MzAwMCwiaWF0IjoxNjg5NTc5MDkyNDc5LCJpZHBzIjpbeyJpZHAiOiJMT0NBTCIsImF1dGhlbnRpY2F0b3IiOiJCYXNpY0F1dGhlbnRpY2F0b3IifV19.e1IR0XWdzr7vbetFZvdlNRpATZU=","User Agent" : "null","RemoteAddress" : "null","UserStoreDomain" : "PRIMARY" } | Result : Success 
TID: [-1234] [2023-07-17 12:31:53,025]  INFO {AUDIT_LOG} - {"performedBy":"admin","action":"created","typ":"Subscription","info":"{"application_name":"PhoneVerfication","tier":"Unlimited","provider":"admin","api_name":"Customer_Wrapped","application_id":4}"}
TID: [-1234] [2023-07-17 12:32:08,905]  INFO {AUDIT_LOG} - Initiator=wso2.system.user Action=Get-User-Claim-Values Target=admin Data={"Claims":{},"Profile":"default"} Outcome=Success
TID: [-1234] [2023-07-17 12:32:10,975]  INFO {AUDIT_LOG} - {"performedBy":"admin","action":"updated","typ":"Application","info":"{"Re-Generated Keys for application with client Id":"QmWjpMmF_brXgf9b46yQTjInnDga"}"}
TID: [-1234] [2023-07-17 12:32:11,137]  INFO {AUDIT_LOG} - Initiator=wso2.system.user Action=Get-User-Claim-Values Target=admin Data={"Claims":{},"UserName":"admin","Profile":"default"} Outcome=Success
TID: [-1234] [2023-07-17 12:32:26,883]  INFO {AUDIT_LOG} - Initiator=wso2.system.user Action=Get-User-Claim-Values Target=admin Data={"Claims":{},"Profile":"default"} Outcome=Success
TID: [-1234] [2023-07-17 12:35:46,438]  INFO {AUDIT_LOG} - {"performedBy":"admin","action":"deleted","typ":"Subscription","info":"{"application_name":"PhoneVerfication","provider":"admin","api_name":"Customer_Wrapped","application_id":4}"}
TID: [-1234] [2023-07-17 12:36:02,095]  INFO {AUDIT_LOG} - Initiator=wso2.system.user Action=Get-User-Claim-Values Target=admin Data={"Claims":{},"Profile":"default"} Outcome=Success
TID: [-1234] [2023-07-17 12:36:32,185]  INFO {AUDIT_LOG} - {"performedBy":"admin","action":"deleted","typ":"API","info":"{"provider":"admin","name":"Customer_Wrapped","version":"v1"}"}
TID: [-1234] [2023-07-17 12:36:47,443]  INFO {AUDIT_LOG} - Initiator=wso2.system.user Action=Get-User-Claim-Values Target=admin Data={"Claims":{},"Profile":"default"} Outcome=Success
TID: [-1234] [2023-07-17 12:36:47,443]  INFO {AUDIT_LOG} - Initiator=wso2.system.user Action=Get-User-Claim-Values Target=admin Data={"Claims":{},"Profile":"default"} Outcome=Success
TID: [-1234] [2023-07-17 12:38:09,372]  INFO {AUDIT_LOG} - {"performedBy":"admin","action":"created","typ":"API","info":"{"provider":"admin","name":"Customer_Wrapped","context":"\/registration\/v1","version":"v1"}"}
TID: [-1234] [2023-07-17 12:38:25,638]  INFO {AUDIT_LOG} - Initiator=wso2.system.user Action=Get-User-Claim-Values Target=admin Data={"Claims":{},"Profile":"default"} Outcome=Success
TID: [-1234] [2023-07-17 12:38:50,732]  INFO {AUDIT_LOG} - Initiator=wso2.system.user Action=Get-User-Claim-Values Target=admin Data={"Claims":{},"Profile":"default"} Outcome=Success
TID: [-1234] [2023-07-17 12:38:51,872]  INFO {AUDIT_LOG} - Initiator=wso2.system.user Action=Get-User-Claim-Values Target=admin Data={"Claims":{},"Profile":"default"} Outcome=Success
TID: [-1234] [2023-07-17 12:38:55,093]  INFO {AUDIT_LOG} - Initiator=wso2.system.user Action=Get-User-Claim-Values Target=admin Data={"Claims":{},"Profile":"default"} Outcome=Success
TID: [-1234] [2023-07-17 12:38:56,906]  INFO {AUDIT_LOG} - Initiator=wso2.system.user Action=Get-User-Claim-Values Target=admin Data={"Claims":{},"UserName":"admin","Profile":"default"} Outcome=Success
TID: [-1234] [2023-07-17 12:38:57,135]  INFO {AUDIT_LOG} - Initiator=wso2.system.user Action=Get-User-Claim-Values Target=admin Data={"Claims":{},"Profile":"default"} Outcome=Success
TID: [-1234] [2023-07-17 12:39:20,128]  INFO {AUDIT_LOG} - {"performedBy":"admin","action":"created","typ":"Subscription","info":"{"application_name":"PhoneVerfication","tier":"Unlimited","provider":"admin","api_name":"Customer_Wrapped","application_id":4}"}
TID: [-1234] [2023-07-17 12:39:33,785]  INFO {AUDIT_LOG} - {"performedBy":"admin","action":"updated","typ":"Application","info":"{"Re-Generated Keys for application with client Id":"QmWjpMmF_brXgf9b46yQTjInnDga"}"}
TID: [-1234] [2023-07-17 12:39:33,831]  INFO {AUDIT_LOG} - Initiator=wso2.system.user Action=Get-User-Claim-Values Target=admin Data={"Claims":{},"Profile":"default"} Outcome=Success
TID: [-1234] [2023-07-17 12:39:35,770]  INFO {AUDIT_LOG} - Initiator=wso2.system.user Action=Get-User-Claim-Values Target=admin Data={"Claims":{},"Profile":"default"} Outcome=Success
TID: [-1234] [2023-07-17 12:39:38,399]  INFO {AUDIT_LOG} - Initiator=wso2.system.user Action=Get-User-Claim-Values Target=admin Data={"Claims":{},"Profile":"default"} Outcome=Success
TID: [-1234] [2023-07-17 12:41:20,754]  INFO {AUDIT_LOG} - {"performedBy":"admin","action":"updated","typ":"API","info":"{"provider":"admin","name":"Customer_Wrapped","context":"\/registration\/v1","version":"v1"}"}
TID: [-1234] [2023-07-17 12:41:37,348]  INFO {AUDIT_LOG} - Initiator=wso2.system.user Action=Get-User-Claim-Values Target=admin Data={"Claims":{},"Profile":"default"} Outcome=Success
TID: [-1234] [2023-07-17 12:41:38,203]  INFO {AUDIT_LOG} - Initiator=wso2.system.user Action=Get-User-Claim-Values Target=admin Data={"Claims":{},"Profile":"default"} Outcome=Success
TID: [-1234] [2023-07-17 12:41:42,982]  INFO {AUDIT_LOG} - {"performedBy":"admin","action":"updated","typ":"Application","info":"{"Re-Generated Keys for application with client Id":"QmWjpMmF_brXgf9b46yQTjInnDga"}"}
TID: [-1234] [2023-07-17 12:41:43,057]  INFO {AUDIT_LOG} - Initiator=wso2.system.user Action=Get-User-Claim-Values Target=admin Data={"Claims":{},"Profile":"default"} Outcome=Success
TID: [-1234] [2023-07-17 12:41:58,690]  INFO {AUDIT_LOG} - Initiator=wso2.system.user Action=Get-User-Claim-Values Target=admin Data={"Claims":{},"Profile":"default"} Outcome=Success
TID: [-1234] [2023-07-17 14:34:13,221]  INFO {AUDIT_LOG} - Initiator=wso2.system.user Action=Get-Roles-of-User Target=admin Data={"Filter":"*","Roles":["Application/admin_5ceac273-9f7d-4f15-9a59-71cf848b596b_SANDBOX","Internal/everyone","admin","Application/apim_publisher","Internal/integration_dev","Application/admin_f2513b58-6e72-49f3-b151-7ba757b2fbeb_SANDBOX","Internal/subscriber","Application/admin_42c4aa1a-258d-44a0-a858-5c2ed1cd2856_SANDBOX","Internal/creator","Application/apim_devportal","Application/admin_aa31ee01-3d38-48ed-b044-11c78bfc8bd8_SANDBOX","Internal/publisher","Internal/devops","Application/apim_admin_portal","Internal/analytics","Internal/observer","Application/admin_96638a86-ec8a-4925-8a02-077077d3dd78_SANDBOX"]} Outcome=Success
TID: [-1234] [2023-07-17 14:34:13,782]  INFO {AUDIT_LOG} - Initiator=wso2.system.user Action=Get-Roles-of-User Target=admin Data={"Filter":"*","Roles":["Application/admin_5ceac273-9f7d-4f15-9a59-71cf848b596b_SANDBOX","Internal/everyone","admin","Application/apim_publisher","Internal/integration_dev","Application/admin_f2513b58-6e72-49f3-b151-7ba757b2fbeb_SANDBOX","Internal/subscriber","Application/admin_42c4aa1a-258d-44a0-a858-5c2ed1cd2856_SANDBOX","Internal/creator","Application/apim_devportal","Application/admin_aa31ee01-3d38-48ed-b044-11c78bfc8bd8_SANDBOX","Internal/publisher","Internal/devops","Application/apim_admin_portal","Internal/analytics","Internal/observer","Application/admin_96638a86-ec8a-4925-8a02-077077d3dd78_SANDBOX"]} Outcome=Success
TID: [-1234] [2023-07-17 14:34:35,546]  INFO {AUDIT_LOG} - Initiator=wso2.system.user Action=Get-User-Claim-Values Target=admin Data={"Claims":{},"Profile":"default"} Outcome=Success
TID: [-1234] [2023-07-17 14:34:36,880]  INFO {AUDIT_LOG} - Initiator=wso2.system.user Action=Get-User-Claim-Values Target=admin Data={"Claims":{},"Profile":"default"} Outcome=Success
TID: [-1234] [2023-07-17 14:34:36,888]  INFO {AUDIT_LOG} - Initiator=wso2.system.user Action=Get-User-Claim-Values Target=admin Data={"Claims":{},"Profile":"default"} Outcome=Success
TID: [-1234] [2023-07-17 14:34:36,914]  INFO {AUDIT_LOG} - Initiator=wso2.system.user Action=Get-User-Claim-Values Target=admin Data={"Claims":{},"Profile":"default"} Outcome=Success
TID: [-1234] [2023-07-17 14:34:36,925]  INFO {AUDIT_LOG} - Initiator=wso2.system.user Action=Get-User-Claim-Values Target=admin Data={"Claims":{},"Profile":"default"} Outcome=Success
TID: [-1234] [2023-07-17 14:34:36,929]  INFO {AUDIT_LOG} - Initiator=wso2.system.user Action=Get-User-Claim-Values Target=admin Data={"Claims":{},"Profile":"default"} Outcome=Success
TID: [-1234] [2023-07-17 14:34:37,020]  INFO {AUDIT_LOG} - Initiator=wso2.system.user Action=Get-User-Claim-Values Target=admin Data={"Claims":{},"Profile":"default"} Outcome=Success
TID: [-1234] [2023-07-17 14:34:37,020]  INFO {AUDIT_LOG} - Initiator=wso2.system.user Action=Get-User-Claim-Values Target=admin Data={"Claims":{},"Profile":"default"} Outcome=Success
TID: [-1234] [2023-07-17 14:34:37,844]  INFO {AUDIT_LOG} - Initiator=wso2.system.user Action=Get-User-Claim-Values Target=admin Data={"Claims":{},"Profile":"default"} Outcome=Success
TID: [-1234] [2023-07-17 14:34:45,779]  INFO {AUDIT_LOG} - Initiator=wso2.system.user Action=Get-User-Claim-Values Target=admin Data={"Claims":{},"Profile":"default"} Outcome=Success
TID: [-1234] [2023-07-17 14:36:08,010]  INFO {AUDIT_LOG} - Initiator=wso2.system.user Action=Get-User-Claim-Values Target=admin Data={"Claims":{},"Profile":"default"} Outcome=Success
TID: [-1234] [2023-07-17 14:36:18,611]  INFO {AUDIT_LOG} - Initiator=wso2.system.user Action=Get-User-Claim-Values Target=admin Data={"Claims":{},"Profile":"default"} Outcome=Success
TID: [-1234] [2023-07-17 14:36:18,642]  INFO {AUDIT_LOG} - Initiator=wso2.system.user Action=Get-User-Claim-Values Target=admin Data={"Claims":{},"Profile":"default"} Outcome=Success
TID: [-1234] [2023-07-17 14:36:18,645]  INFO {AUDIT_LOG} - Initiator=wso2.system.user Action=Get-User-Claim-Values Target=admin Data={"Claims":{},"Profile":"default"} Outcome=Success
TID: [-1234] [2023-07-17 14:36:18,658]  INFO {AUDIT_LOG} - Initiator=wso2.system.user Action=Get-User-Claim-Values Target=admin Data={"Claims":{},"Profile":"default"} Outcome=Success
TID: [-1234] [2023-07-17 14:36:35,219]  INFO {AUDIT_LOG} - Initiator=wso2.system.user Action=Get-User-Claim-Values Target=admin Data={"Claims":{},"Profile":"default"} Outcome=Success
TID: [-1234] [2023-07-17 14:36:35,223]  INFO {AUDIT_LOG} - Initiator=wso2.system.user Action=Get-User-Claim-Values Target=admin Data={"Claims":{},"Profile":"default"} Outcome=Success
TID: [-1234] [2023-07-17 14:36:35,241]  INFO {AUDIT_LOG} - Initiator=wso2.system.user Action=Get-User-Claim-Values Target=admin Data={"Claims":{},"Profile":"default"} Outcome=Success
TID: [-1234] [2023-07-17 14:36:35,245]  INFO {AUDIT_LOG} - Initiator=wso2.system.user Action=Get-User-Claim-Values Target=admin Data={"Claims":{},"Profile":"default"} Outcome=Success
TID: [-1234] [2023-07-17 14:37:28,679]  INFO {AUDIT_LOG} - Initiator=wso2.system.user Action=Get-User-Claim-Values Target=admin Data={"Claims":{},"Profile":"default"} Outcome=Success
TID: [-1234] [2023-07-17 14:37:28,680]  INFO {AUDIT_LOG} - Initiator=wso2.system.user Action=Get-User-Claim-Values Target=admin Data={"Claims":{},"Profile":"default"} Outcome=Success
TID: [-1234] [2023-07-17 14:37:28,682]  INFO {AUDIT_LOG} - Initiator=wso2.system.user Action=Get-User-Claim-Values Target=admin Data={"Claims":{},"Profile":"default"} Outcome=Success
TID: [-1234] [2023-07-17 14:37:28,696]  INFO {AUDIT_LOG} - Initiator=wso2.system.user Action=Get-User-Claim-Values Target=admin Data={"Claims":{},"Profile":"default"} Outcome=Success
TID: [-1234] [2023-07-17 14:37:28,697]  INFO {AUDIT_LOG} - Initiator=wso2.system.user Action=Get-User-Claim-Values Target=admin Data={"Claims":{},"Profile":"default"} Outcome=Success
TID: [-1234] [2023-07-17 14:37:28,707]  INFO {AUDIT_LOG} - Initiator=wso2.system.user Action=Get-User-Claim-Values Target=admin Data={"Claims":{},"Profile":"default"} Outcome=Success
TID: [-1234] [2023-07-17 14:37:28,708]  INFO {AUDIT_LOG} - Initiator=wso2.system.user Action=Get-User-Claim-Values Target=admin Data={"Claims":{},"Profile":"default"} Outcome=Success
TID: [-1234] [2023-07-17 14:37:28,720]  INFO {AUDIT_LOG} - Initiator=wso2.system.user Action=Get-User-Claim-Values Target=admin Data={"Claims":{},"Profile":"default"} Outcome=Success
TID: [-1234] [2023-07-17 16:00:49,939]  INFO {AUDIT_LOG} - Initiator=wso2.system.user Action=Get-Roles-of-User Target=admin Data={"Filter":"*","Roles":["Application/admin_5ceac273-9f7d-4f15-9a59-71cf848b596b_SANDBOX","Internal/everyone","admin","Application/apim_publisher","Internal/integration_dev","Application/admin_f2513b58-6e72-49f3-b151-7ba757b2fbeb_SANDBOX","Internal/subscriber","Application/admin_42c4aa1a-258d-44a0-a858-5c2ed1cd2856_SANDBOX","Internal/creator","Application/apim_devportal","Application/admin_aa31ee01-3d38-48ed-b044-11c78bfc8bd8_SANDBOX","Internal/publisher","Internal/devops","Application/apim_admin_portal","Internal/analytics","Internal/observer","Application/admin_96638a86-ec8a-4925-8a02-077077d3dd78_SANDBOX"]} Outcome=Success
TID: [-1234] [2023-07-17 16:00:49,939]  INFO {AUDIT_LOG} - Initiator=wso2.system.user Action=Get-Roles-of-User Target=admin Data={"Filter":"*","Roles":["Application/admin_5ceac273-9f7d-4f15-9a59-71cf848b596b_SANDBOX","Internal/everyone","admin","Application/apim_publisher","Internal/integration_dev","Application/admin_f2513b58-6e72-49f3-b151-7ba757b2fbeb_SANDBOX","Internal/subscriber","Application/admin_42c4aa1a-258d-44a0-a858-5c2ed1cd2856_SANDBOX","Internal/creator","Application/apim_devportal","Application/admin_aa31ee01-3d38-48ed-b044-11c78bfc8bd8_SANDBOX","Internal/publisher","Internal/devops","Application/apim_admin_portal","Internal/analytics","Internal/observer","Application/admin_96638a86-ec8a-4925-8a02-077077d3dd78_SANDBOX"]} Outcome=Success
TID: [-1234] [2023-07-17 16:00:49,939]  INFO {AUDIT_LOG} - Initiator=wso2.system.user Action=Get-Roles-of-User Target=admin Data={"Filter":"*","Roles":["Application/admin_5ceac273-9f7d-4f15-9a59-71cf848b596b_SANDBOX","Internal/everyone","admin","Application/apim_publisher","Internal/integration_dev","Application/admin_f2513b58-6e72-49f3-b151-7ba757b2fbeb_SANDBOX","Internal/subscriber","Application/admin_42c4aa1a-258d-44a0-a858-5c2ed1cd2856_SANDBOX","Internal/creator","Application/apim_devportal","Application/admin_aa31ee01-3d38-48ed-b044-11c78bfc8bd8_SANDBOX","Internal/publisher","Internal/devops","Application/apim_admin_portal","Internal/analytics","Internal/observer","Application/admin_96638a86-ec8a-4925-8a02-077077d3dd78_SANDBOX"]} Outcome=Success
TID: [-1234] [2023-07-17 16:00:49,939]  INFO {AUDIT_LOG} - Initiator=wso2.system.user Action=Get-Roles-of-User Target=admin Data={"Filter":"*","Roles":["Application/admin_5ceac273-9f7d-4f15-9a59-71cf848b596b_SANDBOX","Internal/everyone","admin","Application/apim_publisher","Internal/integration_dev","Application/admin_f2513b58-6e72-49f3-b151-7ba757b2fbeb_SANDBOX","Internal/subscriber","Application/admin_42c4aa1a-258d-44a0-a858-5c2ed1cd2856_SANDBOX","Internal/creator","Application/apim_devportal","Application/admin_aa31ee01-3d38-48ed-b044-11c78bfc8bd8_SANDBOX","Internal/publisher","Internal/devops","Application/apim_admin_portal","Internal/analytics","Internal/observer","Application/admin_96638a86-ec8a-4925-8a02-077077d3dd78_SANDBOX"]} Outcome=Success
TID: [-1234] [2023-07-17 16:00:49,939]  INFO {AUDIT_LOG} - Initiator=wso2.system.user Action=Get-Roles-of-User Target=admin Data={"Filter":"*","Roles":["Application/admin_5ceac273-9f7d-4f15-9a59-71cf848b596b_SANDBOX","Internal/everyone","admin","Application/apim_publisher","Internal/integration_dev","Application/admin_f2513b58-6e72-49f3-b151-7ba757b2fbeb_SANDBOX","Internal/subscriber","Application/admin_42c4aa1a-258d-44a0-a858-5c2ed1cd2856_SANDBOX","Internal/creator","Application/apim_devportal","Application/admin_aa31ee01-3d38-48ed-b044-11c78bfc8bd8_SANDBOX","Internal/publisher","Internal/devops","Application/apim_admin_portal","Internal/analytics","Internal/observer","Application/admin_96638a86-ec8a-4925-8a02-077077d3dd78_SANDBOX"]} Outcome=Success
TID: [-1234] [2023-07-17 16:01:17,100]  INFO {AUDIT_LOG} - Initiator=wso2.system.user Action=Get-User-Claim-Values Target=admin Data={"Claims":{},"Profile":"default"} Outcome=Success
TID: [-1234] [2023-07-17 16:01:17,100]  INFO {AUDIT_LOG} - Initiator=wso2.system.user Action=Get-User-Claim-Values Target=admin Data={"Claims":{},"Profile":"default"} Outcome=Success
TID: [-1234] [2023-07-17 16:01:17,101]  INFO {AUDIT_LOG} - Initiator=wso2.system.user Action=Get-User-Claim-Values Target=admin Data={"Claims":{},"Profile":"default"} Outcome=Success
TID: [-1234] [2023-07-17 16:01:17,127]  INFO {AUDIT_LOG} - Initiator=wso2.system.user Action=Get-User-Claim-Values Target=admin Data={"Claims":{},"Profile":"default"} Outcome=Success
TID: [-1234] [2023-07-17 16:01:17,139]  INFO {AUDIT_LOG} - Initiator=wso2.system.user Action=Get-User-Claim-Values Target=admin Data={"Claims":{},"Profile":"default"} Outcome=Success
TID: [-1234] [2023-07-17 16:01:17,154]  INFO {AUDIT_LOG} - Initiator=wso2.system.user Action=Get-User-Claim-Values Target=admin Data={"Claims":{},"Profile":"default"} Outcome=Success
TID: [-1234] [2023-07-17 16:01:17,173]  INFO {AUDIT_LOG} - Initiator=wso2.system.user Action=Get-User-Claim-Values Target=admin Data={"Claims":{},"Profile":"default"} Outcome=Success
TID: [-1234] [2023-07-17 16:01:17,193]  INFO {AUDIT_LOG} - Initiator=wso2.system.user Action=Get-User-Claim-Values Target=admin Data={"Claims":{},"Profile":"default"} Outcome=Success
