TID: [-1234] [2023-07-31 15:30:00,511]  INFO {AUDIT_LOG} - Initiator=wso2.system.user Action=Get-User-Claim-Values Target=admin Data={"Claims":{},"Profile":"default"} Outcome=Success
TID: [-1234] [2023-07-31 15:30:00,512]  INFO {AUDIT_LOG} - Initiator=wso2.system.user Action=Get-User-Claim-Values Target=admin Data={"Claims":{},"Profile":"default"} Outcome=Success
TID: [-1234] [2023-07-31 15:30:00,538]  INFO {AUDIT_LOG} - Initiator=wso2.system.user Action=Get-User-Claim-Values Target=admin Data={"Claims":{},"Profile":"default"} Outcome=Success
TID: [-1234] [2023-07-31 15:30:00,540]  INFO {AUDIT_LOG} - Initiator=wso2.system.user Action=Get-User-Claim-Values Target=admin Data={"Claims":{},"Profile":"default"} Outcome=Success
TID: [-1234] [2023-07-31 15:30:00,542]  INFO {AUDIT_LOG} - Initiator=wso2.system.user Action=Get-User-Claim-Values Target=admin Data={"Claims":{},"Profile":"default"} Outcome=Success
TID: [-1234] [2023-07-31 15:30:00,544]  INFO {AUDIT_LOG} - Initiator=wso2.system.user Action=Get-User-Claim-Values Target=admin Data={"Claims":{},"Profile":"default"} Outcome=Success
TID: [-1234] [2023-07-31 15:30:00,547]  INFO {AUDIT_LOG} - Initiator=wso2.system.user Action=Get-User-Claim-Values Target=admin Data={"Claims":{},"Profile":"default"} Outcome=Success
TID: [-1234] [2023-07-31 15:30:00,550]  INFO {AUDIT_LOG} - Initiator=wso2.system.user Action=Get-User-Claim-Values Target=admin Data={"Claims":{},"Profile":"default"} Outcome=Success
TID: [-1234] [2023-07-31 15:30:00,579]  INFO {AUDIT_LOG} - Initiator=wso2.system.user Action=Get-User-Claim-Values Target=admin Data={"Claims":{},"Profile":"default"} Outcome=Success
TID: [-1234] [2023-07-31 15:30:00,584]  INFO {AUDIT_LOG} - Initiator=wso2.system.user Action=Get-User-Claim-Values Target=admin Data={"Claims":{},"Profile":"default"} Outcome=Success
TID: [-1234] [2023-07-31 15:30:00,585]  INFO {AUDIT_LOG} - Initiator=wso2.system.user Action=Get-User-Claim-Values Target=admin Data={"Claims":{},"Profile":"default"} Outcome=Success
TID: [-1234] [2023-07-31 15:30:00,588]  INFO {AUDIT_LOG} - Initiator=wso2.system.user Action=Get-User-Claim-Values Target=admin Data={"Claims":{},"Profile":"default"} Outcome=Success
TID: [-1234] [2023-07-31 15:30:00,588]  INFO {AUDIT_LOG} - Initiator=wso2.system.user Action=Get-User-Claim-Values Target=admin Data={"Claims":{},"Profile":"default"} Outcome=Success
TID: [-1234] [2023-07-31 15:30:00,588]  INFO {AUDIT_LOG} - Initiator=wso2.system.user Action=Get-User-Claim-Values Target=admin Data={"Claims":{},"Profile":"default"} Outcome=Success
TID: [-1234] [2023-07-31 15:30:00,591]  INFO {AUDIT_LOG} - Initiator=wso2.system.user Action=Get-User-Claim-Values Target=admin Data={"Claims":{},"Profile":"default"} Outcome=Success
TID: [-1234] [2023-07-31 15:30:00,596]  INFO {AUDIT_LOG} - Initiator=wso2.system.user Action=Get-User-Claim-Values Target=admin Data={"Claims":{},"Profile":"default"} Outcome=Success
TID: [-1234] [2023-07-31 15:30:00,600]  INFO {AUDIT_LOG} - Initiator=wso2.system.user Action=Get-User-Claim-Values Target=admin Data={"Claims":{},"Profile":"default"} Outcome=Success
TID: [-1234] [2023-07-31 15:30:00,603]  INFO {AUDIT_LOG} - Initiator=wso2.system.user Action=Get-User-Claim-Values Target=admin Data={"Claims":{},"Profile":"default"} Outcome=Success
TID: [-1234] [2023-07-31 15:30:00,604]  INFO {AUDIT_LOG} - Initiator=wso2.system.user Action=Get-User-Claim-Values Target=admin Data={"Claims":{},"Profile":"default"} Outcome=Success
TID: [-1234] [2023-07-31 15:30:00,606]  INFO {AUDIT_LOG} - Initiator=wso2.system.user Action=Get-User-Claim-Values Target=admin Data={"Claims":{},"Profile":"default"} Outcome=Success
TID: [-1234] [2023-07-31 15:30:00,606]  INFO {AUDIT_LOG} - Initiator=wso2.system.user Action=Get-User-Claim-Values Target=admin Data={"Claims":{},"Profile":"default"} Outcome=Success
TID: [-1234] [2023-07-31 15:30:00,610]  INFO {AUDIT_LOG} - Initiator=wso2.system.user Action=Get-User-Claim-Values Target=admin Data={"Claims":{},"Profile":"default"} Outcome=Success
TID: [-1234] [2023-07-31 15:30:00,612]  INFO {AUDIT_LOG} - Initiator=wso2.system.user Action=Get-User-Claim-Values Target=admin Data={"Claims":{},"Profile":"default"} Outcome=Success
TID: [-1234] [2023-07-31 15:30:00,622]  INFO {AUDIT_LOG} - Initiator=wso2.system.user Action=Get-User-Claim-Values Target=admin Data={"Claims":{},"Profile":"default"} Outcome=Success
TID: [-1234] [2023-07-31 15:30:01,038]  INFO {AUDIT_LOG} - Initiator=wso2.system.user Action=Get-User-Claim-Values Target=admin Data={"Claims":{},"Profile":"default"} Outcome=Success
TID: [-1234] [2023-07-31 15:30:01,051]  INFO {AUDIT_LOG} - Initiator=wso2.system.user Action=Get-User-Claim-Values Target=admin Data={"Claims":{},"Profile":"default"} Outcome=Success
TID: [-1234] [2023-07-31 15:30:01,069]  INFO {AUDIT_LOG} - Initiator=wso2.system.user Action=Get-User-Claim-Values Target=admin Data={"Claims":{},"Profile":"default"} Outcome=Success
TID: [-1234] [2023-07-31 15:30:01,075]  INFO {AUDIT_LOG} - Initiator=wso2.system.user Action=Get-User-Claim-Values Target=admin Data={"Claims":{},"Profile":"default"} Outcome=Success
TID: [-1234] [2023-07-31 15:30:01,081]  INFO {AUDIT_LOG} - Initiator=wso2.system.user Action=Get-User-Claim-Values Target=admin Data={"Claims":{},"Profile":"default"} Outcome=Success
TID: [-1234] [2023-07-31 15:30:01,088]  INFO {AUDIT_LOG} - Initiator=wso2.system.user Action=Get-User-Claim-Values Target=admin Data={"Claims":{},"Profile":"default"} Outcome=Success
TID: [-1234] [2023-07-31 15:30:01,094]  INFO {AUDIT_LOG} - Initiator=wso2.system.user Action=Get-User-Claim-Values Target=admin Data={"Claims":{},"Profile":"default"} Outcome=Success
TID: [-1234] [2023-07-31 15:30:01,097]  INFO {AUDIT_LOG} - Initiator=wso2.system.user Action=Get-User-Claim-Values Target=admin Data={"Claims":{},"Profile":"default"} Outcome=Success
TID: [-1234] [2023-07-31 15:30:01,257]  INFO {AUDIT_LOG} - Initiator=wso2.system.user Action=Get-Roles-of-User Target=admin Data={"Filter":"*","Roles":["Application/admin_5ceac273-9f7d-4f15-9a59-71cf848b596b_SANDBOX","Internal/everyone","admin","Application/apim_publisher","Internal/integration_dev","Application/admin_f2513b58-6e72-49f3-b151-7ba757b2fbeb_SANDBOX","Internal/subscriber","Application/admin_42c4aa1a-258d-44a0-a858-5c2ed1cd2856_SANDBOX","Internal/creator","Application/apim_devportal","Application/admin_aa31ee01-3d38-48ed-b044-11c78bfc8bd8_SANDBOX","Internal/publisher","Internal/devops","Application/apim_admin_portal","Internal/analytics","Internal/observer","Application/admin_96638a86-ec8a-4925-8a02-077077d3dd78_SANDBOX"]} Outcome=Success
TID: [-1234] [2023-07-31 15:30:03,230]  INFO {AUDIT_LOG} - Initiator=wso2.system.user Action=Get-User-Claim-Values Target=admin Data={"Claims":{},"Profile":"default"} Outcome=Success
TID: [-1234] [2023-07-31 15:30:03,267]  INFO {AUDIT_LOG} - Initiator=wso2.system.user Action=Get-User-Claim-Values Target=admin Data={"Claims":{},"Profile":"default"} Outcome=Success
TID: [-1234] [2023-07-31 15:30:04,211]  INFO {AUDIT_LOG} - Initiator=wso2.system.user Action=Get-User-Claim-Values Target=admin Data={"Claims":{},"Profile":"default"} Outcome=Success
TID: [-1234] [2023-07-31 15:30:05,192]  INFO {AUDIT_LOG} - Initiator=wso2.system.user Action=Get-User-Claim-Values Target=admin Data={"Claims":{},"Profile":"default"} Outcome=Success
TID: [-1234] [2023-07-31 15:30:05,508]  INFO {AUDIT_LOG} - Initiator=wso2.system.user Action=Get-User-Claim-Values Target=admin Data={"Claims":{},"Profile":"default"} Outcome=Success
TID: [-1234] [2023-07-31 15:30:05,814]  INFO {AUDIT_LOG} - Initiator=wso2.system.user Action=Get-User-Claim-Values Target=admin Data={"Claims":{},"Profile":"default"} Outcome=Success
TID: [-1234] [2023-07-31 15:32:05,362]  INFO {AUDIT_LOG} - Initiator=wso2.system.user Action=Get-User-Claim-Values Target=admin Data={"ServiceProviderName":"apim_admin_portal","Claims":{},"Profile":"default"} Outcome=Success
TID: [-1234] [2023-07-31 15:32:05,370]  INFO {AUDIT_LOG} - Initiator : admin | Action : LoginStepSuccess | Target : ApplicationAuthenticationFramework | Data : { "ContextIdentifier" : "92313de0-d07f-4afe-be17-c5ddcee7ae4d","AuthenticatedUser" : "admin","AuthenticatedUserTenantDomain" : "carbon.super","ServiceProviderName" : "apim_admin_portal","RequestType" : "oidc","RelyingParty" : "rQr9m8OSZtbWou20q0K65GDktQ4a","AuthenticatedIdP" : "LOCAL","User Agent" : "null","RemoteAddress" : "null","UserStoreDomain" : "PRIMARY" } | Result : Success 
TID: [-1234] [2023-07-31 15:32:05,409]  INFO {AUDIT_LOG} - Initiator=wso2.system.user Action=Get-User-Claim-Values Target=admin Data={"ServiceProviderName":"apim_admin_portal","Claims":{"http://wso2.org/claims/username":"admin","http://wso2.org/claims/userid":"34c676e1-1e80-431c-bc4e-6d35d08bb7a3","http://wso2.org/claims/role":"Application/admin_5ceac273-9f7d-4f15-9a59-71cf848b596b_SANDBOX,Internal/everyone,admin,Application/apim_publisher,Internal/integration_dev,Application/admin_f2513b58-6e72-49f3-b151-7ba757b2fbeb_SANDBOX,Internal/subscriber,Application/admin_42c4aa1a-258d-44a0-a858-5c2ed1cd2856_SANDBOX,Internal/creator,Application/apim_devportal,Application/admin_aa31ee01-3d38-48ed-b044-11c78bfc8bd8_SANDBOX,Internal/publisher,Internal/devops,Application/apim_admin_portal,Internal/analytics,Internal/observer,Application/admin_96638a86-ec8a-4925-8a02-077077d3dd78_SANDBOX","http://wso2.org/claims/userprincipal":"admin"}} Outcome=Success
TID: [-1234] [2023-07-31 15:32:05,501]  INFO {AUDIT_LOG} - Initiator : admin | Action : Login | Target : ApplicationAuthenticationFramework | Data : { "ContextIdentifier" : "92313de0-d07f-4afe-be17-c5ddcee7ae4d","AuthenticatedUser" : "admin","AuthenticatedUserTenantDomain" : "carbon.super","ServiceProviderName" : "apim_admin_portal","RequestType" : "oidc","RelyingParty" : "rQr9m8OSZtbWou20q0K65GDktQ4a","AuthenticatedIdPs" : "eyJ0eXAiOiJKV1QiLCAiYWxnIjoiSFMyNTYifQ==.eyJpc3MiOiJ3c28yIiwiZXhwIjoxNjkwNzk5NTI1NDAyMzAwMCwiaWF0IjoxNjkwNzk5NTI1NDAyLCJpZHBzIjpbeyJpZHAiOiJMT0NBTCIsImF1dGhlbnRpY2F0b3IiOiJCYXNpY0F1dGhlbnRpY2F0b3IifV19.1lluOMyMKsUzsfdMGFBI8v42SXY=","User Agent" : "null","RemoteAddress" : "null","UserStoreDomain" : "PRIMARY" } | Result : Success 
TID: [-1234] [2023-07-31 15:32:06,350]  INFO {AUDIT_LOG} - Initiator=wso2.system.user Action=Get-User-Claim-Values Target=admin Data={"Claims":{},"Profile":"default"} Outcome=Success
TID: [-1234] [2023-07-31 16:26:55,447]  INFO {AUDIT_LOG} - Initiator=wso2.system.user Action=Get-User-Claim-Values Target=admin Data={"Claims":{},"Profile":"default"} Outcome=Success
TID: [-1234] [2023-07-31 16:26:55,753]  INFO {AUDIT_LOG} - Initiator=wso2.system.user Action=Get-User-Claim-Values Target=admin Data={"Claims":{},"Profile":"default"} Outcome=Success
TID: [-1234] [2023-07-31 16:26:55,822]  INFO {AUDIT_LOG} - Initiator=wso2.system.user Action=Get-Roles-of-User Target=admin Data={"Filter":"*","Roles":["Application/admin_5ceac273-9f7d-4f15-9a59-71cf848b596b_SANDBOX","Internal/everyone","admin","Application/apim_publisher","Internal/integration_dev","Application/admin_f2513b58-6e72-49f3-b151-7ba757b2fbeb_SANDBOX","Internal/subscriber","Application/admin_42c4aa1a-258d-44a0-a858-5c2ed1cd2856_SANDBOX","Internal/creator","Application/apim_devportal","Application/admin_aa31ee01-3d38-48ed-b044-11c78bfc8bd8_SANDBOX","Internal/publisher","Internal/devops","Application/apim_admin_portal","Internal/analytics","Internal/observer","Application/admin_96638a86-ec8a-4925-8a02-077077d3dd78_SANDBOX"]} Outcome=Success
TID: [-1234] [2023-07-31 16:26:56,646]  INFO {AUDIT_LOG} - Initiator=wso2.system.user Action=Get-User-Claim-Values Target=admin Data={"Claims":{},"Profile":"default"} Outcome=Success
TID: [-1234] [2023-07-31 16:31:05,777]  INFO {AUDIT_LOG} - Initiator=wso2.system.user Action=Get-User-Claim-Values Target=admin Data={"Claims":{},"Profile":"default"} Outcome=Success
TID: [-1234] [2023-07-31 16:31:06,245]  INFO {AUDIT_LOG} - Initiator=wso2.system.user Action=Get-User-Claim-Values Target=admin Data={"ServiceProviderName":"apim_admin_portal","Claims":{},"Profile":"default"} Outcome=Success
TID: [-1234] [2023-07-31 16:31:48,781]  INFO {AUDIT_LOG} - Initiator=wso2.system.user Action=Get-User-Claim-Values Target=admin Data={"Claims":{},"Profile":"default"} Outcome=Success
TID: [-1234] [2023-07-31 16:40:08,709]  INFO {AUDIT_LOG} - Initiator=wso2.system.user Action=Get-User-Claim-Values Target=admin Data={"ServiceProviderName":"apim_publisher","Claims":{},"Profile":"default"} Outcome=Success
TID: [-1234] [2023-07-31 16:40:08,711]  INFO {AUDIT_LOG} - Initiator : admin | Action : LoginStepSuccess | Target : ApplicationAuthenticationFramework | Data : { "ContextIdentifier" : "1b4c504d-44d1-4cb0-85ae-ff12714ed2d0","AuthenticatedUser" : "admin","AuthenticatedUserTenantDomain" : "carbon.super","ServiceProviderName" : "apim_publisher","RequestType" : "oidc","RelyingParty" : "sDkjqOFQo4a1bfhfzMumgDi7hawa","AuthenticatedIdP" : "LOCAL","User Agent" : "null","RemoteAddress" : "null","UserStoreDomain" : "PRIMARY" } | Result : Success 
TID: [-1234] [2023-07-31 16:40:08,722]  INFO {AUDIT_LOG} - Initiator=wso2.system.user Action=Get-User-Claim-Values Target=admin Data={"ServiceProviderName":"apim_publisher","Claims":{"http://wso2.org/claims/username":"admin","http://wso2.org/claims/userid":"34c676e1-1e80-431c-bc4e-6d35d08bb7a3","http://wso2.org/claims/role":"Application/admin_5ceac273-9f7d-4f15-9a59-71cf848b596b_SANDBOX,Internal/everyone,admin,Application/apim_publisher,Internal/integration_dev,Application/admin_f2513b58-6e72-49f3-b151-7ba757b2fbeb_SANDBOX,Internal/subscriber,Application/admin_42c4aa1a-258d-44a0-a858-5c2ed1cd2856_SANDBOX,Internal/creator,Application/apim_devportal,Application/admin_aa31ee01-3d38-48ed-b044-11c78bfc8bd8_SANDBOX,Internal/publisher,Internal/devops,Application/apim_admin_portal,Internal/analytics,Internal/observer,Application/admin_96638a86-ec8a-4925-8a02-077077d3dd78_SANDBOX","http://wso2.org/claims/userprincipal":"admin"}} Outcome=Success
TID: [-1234] [2023-07-31 16:40:08,781]  INFO {AUDIT_LOG} - Initiator : admin | Action : Login | Target : ApplicationAuthenticationFramework | Data : { "ContextIdentifier" : "1b4c504d-44d1-4cb0-85ae-ff12714ed2d0","AuthenticatedUser" : "admin","AuthenticatedUserTenantDomain" : "carbon.super","ServiceProviderName" : "apim_publisher","RequestType" : "oidc","RelyingParty" : "sDkjqOFQo4a1bfhfzMumgDi7hawa","AuthenticatedIdPs" : "eyJ0eXAiOiJKV1QiLCAiYWxnIjoiSFMyNTYifQ==.eyJpc3MiOiJ3c28yIiwiZXhwIjoxNjkwODAzNjA4NzExMzAwMCwiaWF0IjoxNjkwODAzNjA4NzExLCJpZHBzIjpbeyJpZHAiOiJMT0NBTCIsImF1dGhlbnRpY2F0b3IiOiJCYXNpY0F1dGhlbnRpY2F0b3IifV19.u0/UoY2hl9EIRd1AEzapY1KjTds=","User Agent" : "null","RemoteAddress" : "null","UserStoreDomain" : "PRIMARY" } | Result : Success 
TID: [-1234] [2023-07-31 16:40:10,362]  INFO {AUDIT_LOG} - Initiator=wso2.system.user Action=Get-User-Claim-Values Target=admin Data={"Claims":{},"Profile":"default"} Outcome=Success
TID: [-1234] [2023-07-31 16:40:11,053]  INFO {AUDIT_LOG} - Initiator=wso2.system.user Action=Get-User-Claim-Values Target=admin Data={"ServiceProviderName":"apim_admin_portal","Claims":{"http://wso2.org/claims/username":"admin","http://wso2.org/claims/userid":"34c676e1-1e80-431c-bc4e-6d35d08bb7a3","http://wso2.org/claims/role":"Application/admin_5ceac273-9f7d-4f15-9a59-71cf848b596b_SANDBOX,Internal/everyone,admin,Application/apim_publisher,Internal/integration_dev,Application/admin_f2513b58-6e72-49f3-b151-7ba757b2fbeb_SANDBOX,Internal/subscriber,Application/admin_42c4aa1a-258d-44a0-a858-5c2ed1cd2856_SANDBOX,Internal/creator,Application/apim_devportal,Application/admin_aa31ee01-3d38-48ed-b044-11c78bfc8bd8_SANDBOX,Internal/publisher,Internal/devops,Application/apim_admin_portal,Internal/analytics,Internal/observer,Application/admin_96638a86-ec8a-4925-8a02-077077d3dd78_SANDBOX","http://wso2.org/claims/userprincipal":"admin"}} Outcome=Success
TID: [-1234] [2023-07-31 16:40:11,063]  INFO {AUDIT_LOG} - Initiator : admin | Action : Login | Target : ApplicationAuthenticationFramework | Data : { "ContextIdentifier" : "72c76177-d331-4bc0-9e28-3465eaa75e49","AuthenticatedUser" : "admin","AuthenticatedUserTenantDomain" : "carbon.super","ServiceProviderName" : "apim_admin_portal","RequestType" : "oidc","RelyingParty" : "rQr9m8OSZtbWou20q0K65GDktQ4a","AuthenticatedIdPs" : "eyJ0eXAiOiJKV1QiLCAiYWxnIjoiSFMyNTYifQ==.eyJpc3MiOiJ3c28yIiwiZXhwIjoxNjkwODAzNjExMDUwMzAwMCwiaWF0IjoxNjkwODAzNjExMDUwLCJpZHBzIjpbeyJpZHAiOiJMT0NBTCIsImF1dGhlbnRpY2F0b3IiOiJCYXNpY0F1dGhlbnRpY2F0b3IifV19.Ee4goG1D6RxNg1/I3ZUEMU+KjCA=","User Agent" : "null","RemoteAddress" : "null","UserStoreDomain" : "PRIMARY" } | Result : Success 
TID: [-1234] [2023-07-31 16:40:29,556]  INFO {AUDIT_LOG} - Initiator=wso2.system.user Action=Get-User-Claim-Values Target=admin Data={"ServiceProviderName":"apim_devportal","Claims":{"http://wso2.org/claims/username":"admin","http://wso2.org/claims/userid":"34c676e1-1e80-431c-bc4e-6d35d08bb7a3","http://wso2.org/claims/role":"Application/admin_5ceac273-9f7d-4f15-9a59-71cf848b596b_SANDBOX,Internal/everyone,admin,Application/apim_publisher,Internal/integration_dev,Application/admin_f2513b58-6e72-49f3-b151-7ba757b2fbeb_SANDBOX,Internal/subscriber,Application/admin_42c4aa1a-258d-44a0-a858-5c2ed1cd2856_SANDBOX,Internal/creator,Application/apim_devportal,Application/admin_aa31ee01-3d38-48ed-b044-11c78bfc8bd8_SANDBOX,Internal/publisher,Internal/devops,Application/apim_admin_portal,Internal/analytics,Internal/observer,Application/admin_96638a86-ec8a-4925-8a02-077077d3dd78_SANDBOX","http://wso2.org/claims/userprincipal":"admin"}} Outcome=Success
TID: [-1234] [2023-07-31 16:40:29,593]  INFO {AUDIT_LOG} - Initiator : admin | Action : Login | Target : ApplicationAuthenticationFramework | Data : { "ContextIdentifier" : "1e2f5a3c-02f4-44c5-90b1-ad0ee89cff34","AuthenticatedUser" : "admin","AuthenticatedUserTenantDomain" : "carbon.super","ServiceProviderName" : "apim_devportal","RequestType" : "oidc","RelyingParty" : "1gMVqRyMGgEkZ3coeBEcN12K_zca","AuthenticatedIdPs" : "eyJ0eXAiOiJKV1QiLCAiYWxnIjoiSFMyNTYifQ==.eyJpc3MiOiJ3c28yIiwiZXhwIjoxNjkwODAzNjI5NTU0MzAwMCwiaWF0IjoxNjkwODAzNjI5NTU0LCJpZHBzIjpbeyJpZHAiOiJMT0NBTCIsImF1dGhlbnRpY2F0b3IiOiJCYXNpY0F1dGhlbnRpY2F0b3IifV19.pbfliQR02Mo67rrUJRZZgIK/BgA=","User Agent" : "null","RemoteAddress" : "null","UserStoreDomain" : "PRIMARY" } | Result : Success 
TID: [-1234] [2023-07-31 16:40:30,855]  INFO {AUDIT_LOG} - Initiator=wso2.system.user Action=Get-User-Claim-Values Target=admin Data={"Claims":{},"Profile":"default"} Outcome=Success
TID: [-1234] [2023-07-31 16:40:31,788]  INFO {AUDIT_LOG} - Initiator=wso2.system.user Action=Get-User-Claim-Values Target=admin Data={"ServiceProviderName":"apim_admin_portal","Claims":{"http://wso2.org/claims/username":"admin","http://wso2.org/claims/userid":"34c676e1-1e80-431c-bc4e-6d35d08bb7a3","http://wso2.org/claims/role":"Application/admin_5ceac273-9f7d-4f15-9a59-71cf848b596b_SANDBOX,Internal/everyone,admin,Application/apim_publisher,Internal/integration_dev,Application/admin_f2513b58-6e72-49f3-b151-7ba757b2fbeb_SANDBOX,Internal/subscriber,Application/admin_42c4aa1a-258d-44a0-a858-5c2ed1cd2856_SANDBOX,Internal/creator,Application/apim_devportal,Application/admin_aa31ee01-3d38-48ed-b044-11c78bfc8bd8_SANDBOX,Internal/publisher,Internal/devops,Application/apim_admin_portal,Internal/analytics,Internal/observer,Application/admin_96638a86-ec8a-4925-8a02-077077d3dd78_SANDBOX","http://wso2.org/claims/userprincipal":"admin"}} Outcome=Success
TID: [-1234] [2023-07-31 16:40:31,805]  INFO {AUDIT_LOG} - Initiator : admin | Action : Login | Target : ApplicationAuthenticationFramework | Data : { "ContextIdentifier" : "b3156cb5-e3ef-40a8-89b3-4300f7831793","AuthenticatedUser" : "admin","AuthenticatedUserTenantDomain" : "carbon.super","ServiceProviderName" : "apim_admin_portal","RequestType" : "oidc","RelyingParty" : "rQr9m8OSZtbWou20q0K65GDktQ4a","AuthenticatedIdPs" : "eyJ0eXAiOiJKV1QiLCAiYWxnIjoiSFMyNTYifQ==.eyJpc3MiOiJ3c28yIiwiZXhwIjoxNjkwODAzNjMxNzg0MzAwMCwiaWF0IjoxNjkwODAzNjMxNzg0LCJpZHBzIjpbeyJpZHAiOiJMT0NBTCIsImF1dGhlbnRpY2F0b3IiOiJCYXNpY0F1dGhlbnRpY2F0b3IifV19.OyZwy4nc6Lyp+TzGsbpa8p+DEgk=","User Agent" : "null","RemoteAddress" : "null","UserStoreDomain" : "PRIMARY" } | Result : Success 
TID: [-1234] [2023-07-31 16:40:33,556]  INFO {AUDIT_LOG} - Initiator=wso2.system.user Action=Get-User-Claim-Values Target=admin Data={"ServiceProviderName":"apim_publisher","Claims":{"http://wso2.org/claims/username":"admin","http://wso2.org/claims/userid":"34c676e1-1e80-431c-bc4e-6d35d08bb7a3","http://wso2.org/claims/role":"Application/admin_5ceac273-9f7d-4f15-9a59-71cf848b596b_SANDBOX,Internal/everyone,admin,Application/apim_publisher,Internal/integration_dev,Application/admin_f2513b58-6e72-49f3-b151-7ba757b2fbeb_SANDBOX,Internal/subscriber,Application/admin_42c4aa1a-258d-44a0-a858-5c2ed1cd2856_SANDBOX,Internal/creator,Application/apim_devportal,Application/admin_aa31ee01-3d38-48ed-b044-11c78bfc8bd8_SANDBOX,Internal/publisher,Internal/devops,Application/apim_admin_portal,Internal/analytics,Internal/observer,Application/admin_96638a86-ec8a-4925-8a02-077077d3dd78_SANDBOX","http://wso2.org/claims/userprincipal":"admin"}} Outcome=Success
TID: [-1234] [2023-07-31 16:40:33,564]  INFO {AUDIT_LOG} - Initiator : admin | Action : Login | Target : ApplicationAuthenticationFramework | Data : { "ContextIdentifier" : "a96268c3-1f15-4de3-afee-5ba0cd17f764","AuthenticatedUser" : "admin","AuthenticatedUserTenantDomain" : "carbon.super","ServiceProviderName" : "apim_publisher","RequestType" : "oidc","RelyingParty" : "sDkjqOFQo4a1bfhfzMumgDi7hawa","AuthenticatedIdPs" : "eyJ0eXAiOiJKV1QiLCAiYWxnIjoiSFMyNTYifQ==.eyJpc3MiOiJ3c28yIiwiZXhwIjoxNjkwODAzNjMzNTUyMzAwMCwiaWF0IjoxNjkwODAzNjMzNTUyLCJpZHBzIjpbeyJpZHAiOiJMT0NBTCIsImF1dGhlbnRpY2F0b3IiOiJCYXNpY0F1dGhlbnRpY2F0b3IifV19.2whkvnBcR01L369+S2lnWyb/A8U=","User Agent" : "null","RemoteAddress" : "null","UserStoreDomain" : "PRIMARY" } | Result : Success 
TID: [-1234] [2023-07-31 16:40:59,364]  INFO {AUDIT_LOG} - {"performedBy":"admin","action":"updated","typ":"Application","info":"{"Re-Generated Keys for application with client Id":"QmWjpMmF_brXgf9b46yQTjInnDga"}"}
TID: [-1234] [2023-07-31 16:40:59,484]  INFO {AUDIT_LOG} - Initiator=wso2.system.user Action=Get-User-Claim-Values Target=admin Data={"Claims":{},"Profile":"default"} Outcome=Success
TID: [-1234] [2023-07-31 16:40:59,630]  INFO {AUDIT_LOG} - Initiator=wso2.system.user Action=Get-User-Claim-Values Target=admin Data={"Claims":{},"Profile":"default"} Outcome=Success
TID: [-1234] [2023-07-31 16:41:10,302]  INFO {AUDIT_LOG} - Initiator=wso2.system.user Action=Get-User-Claim-Values Target=admin Data={"Claims":{},"Profile":"default"} Outcome=Success
TID: [-1234] [2023-07-31 16:42:49,338]  INFO {AUDIT_LOG} - Initiator=admin@carbon.super Action=Get-Roles-of-User Target=admin Data={"Filter":"*","Roles":["Application/admin_5ceac273-9f7d-4f15-9a59-71cf848b596b_SANDBOX","Internal/everyone","admin","Application/apim_publisher","Internal/integration_dev","Application/admin_f2513b58-6e72-49f3-b151-7ba757b2fbeb_SANDBOX","Internal/subscriber","Application/admin_42c4aa1a-258d-44a0-a858-5c2ed1cd2856_SANDBOX","Internal/creator","Application/apim_devportal","Application/admin_aa31ee01-3d38-48ed-b044-11c78bfc8bd8_SANDBOX","Internal/publisher","Internal/devops","Application/apim_admin_portal","Internal/analytics","Internal/observer","Application/admin_96638a86-ec8a-4925-8a02-077077d3dd78_SANDBOX"]} Outcome=Success
TID: [-1234] [2023-07-31 16:42:56,887]  INFO {AUDIT_LOG} - {"performedBy":"admin","action":"updated","typ":"Application","info":"{"Re-Generated Keys for application with client Id":"5MmhASxJ94Efb7q3uxSAPL2iHo8a"}"}
TID: [-1234] [2023-07-31 16:42:56,949]  INFO {AUDIT_LOG} - Initiator=wso2.system.user Action=Get-User-Claim-Values Target=admin Data={"Claims":{},"Profile":"default"} Outcome=Success
TID: [-1234] [2023-07-31 16:42:56,978]  INFO {AUDIT_LOG} - Initiator=wso2.system.user Action=Get-User-Claim-Values Target=admin Data={"Claims":{},"Profile":"default"} Outcome=Success
TID: [-1234] [2023-07-31 18:25:49,655]  INFO {AUDIT_LOG} - Initiator=wso2.system.user Action=Get-Roles-of-User Target=admin Data={"Filter":"*","Roles":["Application/admin_5ceac273-9f7d-4f15-9a59-71cf848b596b_SANDBOX","Internal/everyone","admin","Application/apim_publisher","Internal/integration_dev","Application/admin_f2513b58-6e72-49f3-b151-7ba757b2fbeb_SANDBOX","Internal/subscriber","Application/admin_42c4aa1a-258d-44a0-a858-5c2ed1cd2856_SANDBOX","Internal/creator","Application/apim_devportal","Application/admin_aa31ee01-3d38-48ed-b044-11c78bfc8bd8_SANDBOX","Internal/publisher","Internal/devops","Application/apim_admin_portal","Internal/analytics","Internal/observer","Application/admin_96638a86-ec8a-4925-8a02-077077d3dd78_SANDBOX"]} Outcome=Success
TID: [-1234] [2023-07-31 18:38:27,779]  INFO {AUDIT_LOG} - Initiator=wso2.system.user Action=Get-User-Claim-Values Target=admin Data={"Claims":{},"Profile":"default"} Outcome=Success
TID: [-1234] [2023-07-31 18:38:27,779]  INFO {AUDIT_LOG} - Initiator=wso2.system.user Action=Get-User-Claim-Values Target=admin Data={"Claims":{},"Profile":"default"} Outcome=Success
TID: [-1234] [2023-07-31 18:38:27,781]  INFO {AUDIT_LOG} - Initiator=wso2.system.user Action=Get-User-Claim-Values Target=admin Data={"Claims":{},"Profile":"default"} Outcome=Success
TID: [-1234] [2023-07-31 18:38:27,782]  INFO {AUDIT_LOG} - Initiator=wso2.system.user Action=Get-User-Claim-Values Target=admin Data={"Claims":{},"Profile":"default"} Outcome=Success
TID: [-1234] [2023-07-31 18:38:27,788]  INFO {AUDIT_LOG} - Initiator=wso2.system.user Action=Get-User-Claim-Values Target=admin Data={"Claims":{},"Profile":"default"} Outcome=Success
TID: [-1234] [2023-07-31 18:38:27,804]  INFO {AUDIT_LOG} - Initiator=wso2.system.user Action=Get-User-Claim-Values Target=admin Data={"Claims":{},"Profile":"default"} Outcome=Success
TID: [-1234] [2023-07-31 18:38:27,809]  INFO {AUDIT_LOG} - Initiator=wso2.system.user Action=Get-User-Claim-Values Target=admin Data={"Claims":{},"Profile":"default"} Outcome=Success
TID: [-1234] [2023-07-31 18:38:27,817]  INFO {AUDIT_LOG} - Initiator=wso2.system.user Action=Get-User-Claim-Values Target=admin Data={"Claims":{},"Profile":"default"} Outcome=Success
TID: [-1234] [2023-07-31 18:38:27,825]  INFO {AUDIT_LOG} - Initiator=wso2.system.user Action=Get-User-Claim-Values Target=admin Data={"Claims":{},"Profile":"default"} Outcome=Success
TID: [-1234] [2023-07-31 18:38:27,830]  INFO {AUDIT_LOG} - Initiator=wso2.system.user Action=Get-User-Claim-Values Target=admin Data={"Claims":{},"Profile":"default"} Outcome=Success
TID: [-1234] [2023-07-31 18:38:27,834]  INFO {AUDIT_LOG} - Initiator=wso2.system.user Action=Get-User-Claim-Values Target=admin Data={"Claims":{},"Profile":"default"} Outcome=Success
TID: [-1234] [2023-07-31 18:38:27,840]  INFO {AUDIT_LOG} - Initiator=wso2.system.user Action=Get-User-Claim-Values Target=admin Data={"Claims":{},"Profile":"default"} Outcome=Success
TID: [-1234] [2023-07-31 18:38:27,850]  INFO {AUDIT_LOG} - Initiator=wso2.system.user Action=Get-User-Claim-Values Target=admin Data={"Claims":{},"Profile":"default"} Outcome=Success
TID: [-1234] [2023-07-31 18:38:27,863]  INFO {AUDIT_LOG} - Initiator=wso2.system.user Action=Get-User-Claim-Values Target=admin Data={"Claims":{},"Profile":"default"} Outcome=Success
TID: [-1234] [2023-07-31 18:38:27,880]  INFO {AUDIT_LOG} - Initiator=wso2.system.user Action=Get-User-Claim-Values Target=admin Data={"Claims":{},"Profile":"default"} Outcome=Success
TID: [-1234] [2023-07-31 18:38:27,893]  INFO {AUDIT_LOG} - Initiator=wso2.system.user Action=Get-User-Claim-Values Target=admin Data={"Claims":{},"Profile":"default"} Outcome=Success
TID: [-1234] [2023-07-31 18:38:27,896]  INFO {AUDIT_LOG} - Initiator=wso2.system.user Action=Get-User-Claim-Values Target=admin Data={"Claims":{},"Profile":"default"} Outcome=Success
TID: [-1234] [2023-07-31 18:38:27,897]  INFO {AUDIT_LOG} - Initiator=wso2.system.user Action=Get-User-Claim-Values Target=admin Data={"Claims":{},"Profile":"default"} Outcome=Success
TID: [-1234] [2023-07-31 18:38:27,898]  INFO {AUDIT_LOG} - Initiator=wso2.system.user Action=Get-User-Claim-Values Target=admin Data={"Claims":{},"Profile":"default"} Outcome=Success
TID: [-1234] [2023-07-31 18:38:27,910]  INFO {AUDIT_LOG} - Initiator=wso2.system.user Action=Get-User-Claim-Values Target=admin Data={"Claims":{},"Profile":"default"} Outcome=Success
TID: [-1234] [2023-07-31 18:38:27,911]  INFO {AUDIT_LOG} - Initiator=wso2.system.user Action=Get-User-Claim-Values Target=admin Data={"Claims":{},"Profile":"default"} Outcome=Success
TID: [-1234] [2023-07-31 18:38:27,918]  INFO {AUDIT_LOG} - Initiator=wso2.system.user Action=Get-User-Claim-Values Target=admin Data={"Claims":{},"Profile":"default"} Outcome=Success
TID: [-1234] [2023-07-31 18:38:27,998]  INFO {AUDIT_LOG} - Initiator=wso2.system.user Action=Get-User-Claim-Values Target=admin Data={"Claims":{},"Profile":"default"} Outcome=Success
TID: [-1234] [2023-07-31 18:38:28,002]  INFO {AUDIT_LOG} - Initiator=wso2.system.user Action=Get-User-Claim-Values Target=admin Data={"Claims":{},"Profile":"default"} Outcome=Success
TID: [-1234] [2023-07-31 18:38:28,745]  INFO {AUDIT_LOG} - Initiator=wso2.system.user Action=Get-User-Claim-Values Target=admin Data={"Claims":{},"Profile":"default"} Outcome=Success
TID: [-1234] [2023-07-31 18:38:28,803]  INFO {AUDIT_LOG} - Initiator=wso2.system.user Action=Get-User-Claim-Values Target=admin Data={"Claims":{},"Profile":"default"} Outcome=Success
TID: [-1234] [2023-07-31 18:38:28,820]  INFO {AUDIT_LOG} - Initiator=wso2.system.user Action=Get-User-Claim-Values Target=admin Data={"Claims":{},"Profile":"default"} Outcome=Success
TID: [-1234] [2023-07-31 18:38:28,827]  INFO {AUDIT_LOG} - Initiator=wso2.system.user Action=Get-User-Claim-Values Target=admin Data={"Claims":{},"Profile":"default"} Outcome=Success
TID: [-1234] [2023-07-31 18:38:28,829]  INFO {AUDIT_LOG} - Initiator=wso2.system.user Action=Get-User-Claim-Values Target=admin Data={"Claims":{},"Profile":"default"} Outcome=Success
TID: [-1234] [2023-07-31 18:38:28,837]  INFO {AUDIT_LOG} - Initiator=wso2.system.user Action=Get-User-Claim-Values Target=admin Data={"Claims":{},"Profile":"default"} Outcome=Success
TID: [-1234] [2023-07-31 18:38:28,843]  INFO {AUDIT_LOG} - Initiator=wso2.system.user Action=Get-User-Claim-Values Target=admin Data={"Claims":{},"Profile":"default"} Outcome=Success
TID: [-1234] [2023-07-31 18:38:28,856]  INFO {AUDIT_LOG} - Initiator=wso2.system.user Action=Get-User-Claim-Values Target=admin Data={"Claims":{},"Profile":"default"} Outcome=Success
TID: [-1234] [2023-07-31 18:38:29,299]  INFO {AUDIT_LOG} - Initiator=wso2.system.user Action=Get-Roles-of-User Target=admin Data={"Filter":"*","Roles":["Application/admin_5ceac273-9f7d-4f15-9a59-71cf848b596b_SANDBOX","Internal/everyone","admin","Application/apim_publisher","Internal/integration_dev","Application/admin_f2513b58-6e72-49f3-b151-7ba757b2fbeb_SANDBOX","Internal/subscriber","Application/admin_42c4aa1a-258d-44a0-a858-5c2ed1cd2856_SANDBOX","Internal/creator","Application/apim_devportal","Application/admin_aa31ee01-3d38-48ed-b044-11c78bfc8bd8_SANDBOX","Internal/publisher","Internal/devops","Application/apim_admin_portal","Internal/analytics","Internal/observer","Application/admin_96638a86-ec8a-4925-8a02-077077d3dd78_SANDBOX"]} Outcome=Success
TID: [-1234] [2023-07-31 18:38:30,899]  INFO {AUDIT_LOG} - Initiator=wso2.system.user Action=Get-User-Claim-Values Target=admin Data={"Claims":{},"Profile":"default"} Outcome=Success
TID: [-1234] [2023-07-31 18:38:30,934]  INFO {AUDIT_LOG} - Initiator=wso2.system.user Action=Get-User-Claim-Values Target=admin Data={"Claims":{},"Profile":"default"} Outcome=Success
TID: [-1234] [2023-07-31 18:38:31,748]  INFO {AUDIT_LOG} - Initiator=wso2.system.user Action=Get-User-Claim-Values Target=admin Data={"Claims":{},"Profile":"default"} Outcome=Success
TID: [-1234] [2023-07-31 18:38:32,886]  INFO {AUDIT_LOG} - Initiator=wso2.system.user Action=Get-User-Claim-Values Target=admin Data={"Claims":{},"Profile":"default"} Outcome=Success
TID: [-1234] [2023-07-31 18:38:33,511]  INFO {AUDIT_LOG} - Initiator=wso2.system.user Action=Get-User-Claim-Values Target=admin Data={"Claims":{},"Profile":"default"} Outcome=Success
TID: [-1234] [2023-07-31 18:38:33,938]  INFO {AUDIT_LOG} - Initiator=wso2.system.user Action=Get-User-Claim-Values Target=admin Data={"Claims":{},"Profile":"default"} Outcome=Success
