TID: [-1234] [2023-06-16 10:01:45,124]  INFO {AUDIT_LOG} - Initiator=wso2.system.user Action=Get-User-Claim-Values Target=admin Data={"Claims":{},"Profile":"default"} Outcome=Success
TID: [-1234] [2023-06-16 10:01:45,126]  INFO {AUDIT_LOG} - Initiator=wso2.system.user Action=Get-User-Claim-Values Target=admin Data={"Claims":{},"Profile":"default"} Outcome=Success
TID: [-1234] [2023-06-16 10:01:45,153]  INFO {AUDIT_LOG} - Initiator=wso2.system.user Action=Get-User-Claim-Values Target=admin Data={"Claims":{},"Profile":"default"} Outcome=Success
TID: [-1234] [2023-06-16 10:01:45,157]  INFO {AUDIT_LOG} - Initiator=wso2.system.user Action=Get-User-Claim-Values Target=admin Data={"Claims":{},"Profile":"default"} Outcome=Success
TID: [-1234] [2023-06-16 10:01:45,185]  INFO {AUDIT_LOG} - Initiator=wso2.system.user Action=Get-User-Claim-Values Target=admin Data={"Claims":{},"Profile":"default"} Outcome=Success
TID: [-1234] [2023-06-16 10:01:45,186]  INFO {AUDIT_LOG} - Initiator=wso2.system.user Action=Get-User-Claim-Values Target=admin Data={"Claims":{},"Profile":"default"} Outcome=Success
TID: [-1234] [2023-06-16 10:01:45,189]  INFO {AUDIT_LOG} - Initiator=wso2.system.user Action=Get-User-Claim-Values Target=admin Data={"Claims":{},"Profile":"default"} Outcome=Success
TID: [-1234] [2023-06-16 10:01:45,191]  INFO {AUDIT_LOG} - Initiator=wso2.system.user Action=Get-User-Claim-Values Target=admin Data={"Claims":{},"Profile":"default"} Outcome=Success
TID: [-1234] [2023-06-16 10:01:45,194]  INFO {AUDIT_LOG} - Initiator=wso2.system.user Action=Get-User-Claim-Values Target=admin Data={"Claims":{},"Profile":"default"} Outcome=Success
TID: [-1234] [2023-06-16 10:01:45,198]  INFO {AUDIT_LOG} - Initiator=wso2.system.user Action=Get-User-Claim-Values Target=admin Data={"Claims":{},"Profile":"default"} Outcome=Success
TID: [-1234] [2023-06-16 10:01:45,201]  INFO {AUDIT_LOG} - Initiator=wso2.system.user Action=Get-User-Claim-Values Target=admin Data={"Claims":{},"Profile":"default"} Outcome=Success
TID: [-1234] [2023-06-16 10:01:45,204]  INFO {AUDIT_LOG} - Initiator=wso2.system.user Action=Get-User-Claim-Values Target=admin Data={"Claims":{},"Profile":"default"} Outcome=Success
TID: [-1234] [2023-06-16 10:01:45,208]  INFO {AUDIT_LOG} - Initiator=wso2.system.user Action=Get-User-Claim-Values Target=admin Data={"Claims":{},"Profile":"default"} Outcome=Success
TID: [-1234] [2023-06-16 10:01:45,209]  INFO {AUDIT_LOG} - Initiator=wso2.system.user Action=Get-User-Claim-Values Target=admin Data={"Claims":{},"Profile":"default"} Outcome=Success
TID: [-1234] [2023-06-16 10:01:45,212]  INFO {AUDIT_LOG} - Initiator=wso2.system.user Action=Get-User-Claim-Values Target=admin Data={"Claims":{},"Profile":"default"} Outcome=Success
TID: [-1234] [2023-06-16 10:01:45,220]  INFO {AUDIT_LOG} - Initiator=wso2.system.user Action=Get-User-Claim-Values Target=admin Data={"Claims":{},"Profile":"default"} Outcome=Success
TID: [-1234] [2023-06-16 10:01:45,225]  INFO {AUDIT_LOG} - Initiator=wso2.system.user Action=Get-User-Claim-Values Target=admin Data={"Claims":{},"Profile":"default"} Outcome=Success
TID: [-1234] [2023-06-16 10:01:45,230]  INFO {AUDIT_LOG} - Initiator=wso2.system.user Action=Get-User-Claim-Values Target=admin Data={"Claims":{},"Profile":"default"} Outcome=Success
TID: [-1234] [2023-06-16 10:01:45,231]  INFO {AUDIT_LOG} - Initiator=wso2.system.user Action=Get-User-Claim-Values Target=admin Data={"Claims":{},"Profile":"default"} Outcome=Success
TID: [-1234] [2023-06-16 10:01:45,235]  INFO {AUDIT_LOG} - Initiator=wso2.system.user Action=Get-User-Claim-Values Target=admin Data={"Claims":{},"Profile":"default"} Outcome=Success
TID: [-1234] [2023-06-16 10:01:45,237]  INFO {AUDIT_LOG} - Initiator=wso2.system.user Action=Get-User-Claim-Values Target=admin Data={"Claims":{},"Profile":"default"} Outcome=Success
TID: [-1234] [2023-06-16 10:01:45,241]  INFO {AUDIT_LOG} - Initiator=wso2.system.user Action=Get-User-Claim-Values Target=admin Data={"Claims":{},"Profile":"default"} Outcome=Success
TID: [-1234] [2023-06-16 10:01:45,246]  INFO {AUDIT_LOG} - Initiator=wso2.system.user Action=Get-User-Claim-Values Target=admin Data={"Claims":{},"Profile":"default"} Outcome=Success
TID: [-1234] [2023-06-16 10:01:45,259]  INFO {AUDIT_LOG} - Initiator=wso2.system.user Action=Get-User-Claim-Values Target=admin Data={"Claims":{},"Profile":"default"} Outcome=Success
TID: [-1234] [2023-06-16 10:01:46,276]  INFO {AUDIT_LOG} - Initiator=wso2.system.user Action=Get-User-Claim-Values Target=admin Data={"Claims":{},"Profile":"default"} Outcome=Success
TID: [-1234] [2023-06-16 10:01:46,289]  INFO {AUDIT_LOG} - Initiator=wso2.system.user Action=Get-User-Claim-Values Target=admin Data={"Claims":{},"Profile":"default"} Outcome=Success
TID: [-1234] [2023-06-16 10:01:46,298]  INFO {AUDIT_LOG} - Initiator=wso2.system.user Action=Get-User-Claim-Values Target=admin Data={"Claims":{},"Profile":"default"} Outcome=Success
TID: [-1234] [2023-06-16 10:01:46,308]  INFO {AUDIT_LOG} - Initiator=wso2.system.user Action=Get-User-Claim-Values Target=admin Data={"Claims":{},"Profile":"default"} Outcome=Success
TID: [-1234] [2023-06-16 10:01:46,388]  INFO {AUDIT_LOG} - Initiator=wso2.system.user Action=Get-User-Claim-Values Target=admin Data={"Claims":{},"Profile":"default"} Outcome=Success
TID: [-1234] [2023-06-16 10:01:46,398]  INFO {AUDIT_LOG} - Initiator=wso2.system.user Action=Get-User-Claim-Values Target=admin Data={"Claims":{},"Profile":"default"} Outcome=Success
TID: [-1234] [2023-06-16 10:01:46,419]  INFO {AUDIT_LOG} - Initiator=wso2.system.user Action=Get-User-Claim-Values Target=admin Data={"Claims":{},"Profile":"default"} Outcome=Success
TID: [-1234] [2023-06-16 10:01:46,427]  INFO {AUDIT_LOG} - Initiator=wso2.system.user Action=Get-User-Claim-Values Target=admin Data={"Claims":{},"Profile":"default"} Outcome=Success
TID: [-1234] [2023-06-16 10:01:46,607]  INFO {AUDIT_LOG} - Initiator=wso2.system.user Action=Get-Roles-of-User Target=admin Data={"Filter":"*","Roles":["Internal/everyone","admin","Application/apim_publisher","Internal/integration_dev","Internal/subscriber","Internal/creator","Application/apim_devportal","Application/admin_aa31ee01-3d38-48ed-b044-11c78bfc8bd8_SANDBOX","Internal/publisher","Internal/devops","Application/apim_admin_portal","Internal/analytics","Internal/observer"]} Outcome=Success
TID: [-1234] [2023-06-16 10:01:48,203]  INFO {AUDIT_LOG} - Initiator=wso2.system.user Action=Get-User-Claim-Values Target=admin Data={"Claims":{},"Profile":"default"} Outcome=Success
TID: [-1234] [2023-06-16 10:01:48,362]  INFO {AUDIT_LOG} - Initiator=wso2.system.user Action=Get-User-Claim-Values Target=admin Data={"Claims":{},"Profile":"default"} Outcome=Success
TID: [-1234] [2023-06-16 10:01:48,716]  INFO {AUDIT_LOG} - Initiator=wso2.system.user Action=Get-User-Claim-Values Target=admin Data={"Claims":{},"Profile":"default"} Outcome=Success
TID: [-1234] [2023-06-16 10:01:50,057]  INFO {AUDIT_LOG} - Initiator=wso2.system.user Action=Get-User-Claim-Values Target=admin Data={"Claims":{},"Profile":"default"} Outcome=Success
TID: [-1234] [2023-06-16 10:01:50,329]  INFO {AUDIT_LOG} - Initiator=wso2.system.user Action=Get-User-Claim-Values Target=admin Data={"Claims":{},"Profile":"default"} Outcome=Success
TID: [-1234] [2023-06-16 10:01:50,654]  INFO {AUDIT_LOG} - Initiator=wso2.system.user Action=Get-User-Claim-Values Target=admin Data={"Claims":{},"Profile":"default"} Outcome=Success
TID: [-1234] [2023-06-16 10:02:40,890]  INFO {AUDIT_LOG} - Initiator=wso2.system.user Action=Get-User-Claim-Values Target=admin Data={"Claims":{},"Profile":"default"} Outcome=Success
TID: [-1234] [2023-06-16 10:02:40,924]  INFO {AUDIT_LOG} - 'admin@carbon.super [-1234]' logged in at [2023-06-16 10:02:40,924+0500]
TID: [-1234] [2023-06-16 10:05:23,969]  INFO {AUDIT_LOG} - Initiator : admin@carbon.super | Action : update | Target : 2 | Data : { apim_devportal } | Result : Success 
TID: [-1234] [2023-06-16 10:05:32,072]  INFO {AUDIT_LOG} - Initiator : admin@carbon.super | Action : update | Target : 4 | Data : { apim_admin_portal } | Result : Success 
TID: [-1234] [2023-06-16 10:05:47,994]  INFO {AUDIT_LOG} - Initiator : admin@carbon.super | Action : update | Target : 1 | Data : { apim_publisher } | Result : Success 
TID: [-1234] [2023-06-16 10:08:07,424]  INFO {AUDIT_LOG} - Initiator=wso2.system.user Action=Get-User-Claim-Values Target=admin Data={"ServiceProviderName":"apim_publisher","Claims":{},"Profile":"default"} Outcome=Success
TID: [-1234] [2023-06-16 10:08:07,431]  INFO {AUDIT_LOG} - Initiator : admin | Action : LoginStepSuccess | Target : ApplicationAuthenticationFramework | Data : { "ContextIdentifier" : "33bf5dda-258b-4e00-91cf-d9d7518b5d8b","AuthenticatedUser" : "admin","AuthenticatedUserTenantDomain" : "carbon.super","ServiceProviderName" : "apim_publisher","RequestType" : "oidc","RelyingParty" : "sDkjqOFQo4a1bfhfzMumgDi7hawa","AuthenticatedIdP" : "LOCAL","User Agent" : "null","RemoteAddress" : "null","UserStoreDomain" : "PRIMARY" } | Result : Success 
TID: [-1234] [2023-06-16 10:08:07,445]  INFO {AUDIT_LOG} - Initiator=wso2.system.user Action=Get-User-Claim-Values Target=admin Data={"ServiceProviderName":"apim_publisher","Claims":{"http://wso2.org/claims/username":"admin","http://wso2.org/claims/userid":"34c676e1-1e80-431c-bc4e-6d35d08bb7a3","http://wso2.org/claims/role":"Internal/everyone,admin,Application/apim_publisher,Internal/integration_dev,Internal/subscriber,Internal/creator,Application/apim_devportal,Application/admin_aa31ee01-3d38-48ed-b044-11c78bfc8bd8_SANDBOX,Internal/publisher,Internal/devops,Application/apim_admin_portal,Internal/analytics,Internal/observer","http://wso2.org/claims/userprincipal":"admin"}} Outcome=Success
TID: [-1234] [2023-06-16 10:08:07,616]  INFO {AUDIT_LOG} - Initiator : admin | Action : Login | Target : ApplicationAuthenticationFramework | Data : { "ContextIdentifier" : "33bf5dda-258b-4e00-91cf-d9d7518b5d8b","AuthenticatedUser" : "admin","AuthenticatedUserTenantDomain" : "carbon.super","ServiceProviderName" : "apim_publisher","RequestType" : "oidc","RelyingParty" : "sDkjqOFQo4a1bfhfzMumgDi7hawa","AuthenticatedIdPs" : "eyJ0eXAiOiJKV1QiLCAiYWxnIjoiSFMyNTYifQ==.eyJpc3MiOiJ3c28yIiwiZXhwIjoxNjg2ODkyMDg3NDM4MzAwMCwiaWF0IjoxNjg2ODkyMDg3NDM4LCJpZHBzIjpbeyJpZHAiOiJMT0NBTCIsImF1dGhlbnRpY2F0b3IiOiJCYXNpY0F1dGhlbnRpY2F0b3IifV19.arQiDIPypvAu70D/auxVgbH0AgU=","User Agent" : "null","RemoteAddress" : "null","UserStoreDomain" : "PRIMARY" } | Result : Success 
TID: [-1234] [2023-06-16 10:08:09,062]  INFO {AUDIT_LOG} - Initiator=wso2.system.user Action=Get-User-Claim-Values Target=admin Data={"Claims":{},"Profile":"default"} Outcome=Success
TID: [-1234] [2023-06-16 10:08:25,750]  INFO {AUDIT_LOG} - Initiator=wso2.system.user Action=Get-User-Claim-Values Target=admin Data={"ServiceProviderName":"apim_devportal","Claims":{"http://wso2.org/claims/username":"admin","http://wso2.org/claims/userid":"34c676e1-1e80-431c-bc4e-6d35d08bb7a3","http://wso2.org/claims/role":"Internal/everyone,admin,Application/apim_publisher,Internal/integration_dev,Internal/subscriber,Internal/creator,Application/apim_devportal,Application/admin_aa31ee01-3d38-48ed-b044-11c78bfc8bd8_SANDBOX,Internal/publisher,Internal/devops,Application/apim_admin_portal,Internal/analytics,Internal/observer","http://wso2.org/claims/userprincipal":"admin"}} Outcome=Success
TID: [-1234] [2023-06-16 10:08:25,759]  INFO {AUDIT_LOG} - Initiator : admin | Action : Login | Target : ApplicationAuthenticationFramework | Data : { "ContextIdentifier" : "b3e04ea2-6b71-40f6-a46a-0c6e86710023","AuthenticatedUser" : "admin","AuthenticatedUserTenantDomain" : "carbon.super","ServiceProviderName" : "apim_devportal","RequestType" : "oidc","RelyingParty" : "1gMVqRyMGgEkZ3coeBEcN12K_zca","AuthenticatedIdPs" : "eyJ0eXAiOiJKV1QiLCAiYWxnIjoiSFMyNTYifQ==.eyJpc3MiOiJ3c28yIiwiZXhwIjoxNjg2ODkyMTA1NzQ4MzAwMCwiaWF0IjoxNjg2ODkyMTA1NzQ4LCJpZHBzIjpbeyJpZHAiOiJMT0NBTCIsImF1dGhlbnRpY2F0b3IiOiJCYXNpY0F1dGhlbnRpY2F0b3IifV19.Ry2nNJ9vKVHhFQPRfdSUQNPEh+4=","User Agent" : "null","RemoteAddress" : "null","UserStoreDomain" : "PRIMARY" } | Result : Success 
TID: [-1234] [2023-06-16 10:08:26,781]  INFO {AUDIT_LOG} - Initiator=wso2.system.user Action=Get-User-Claim-Values Target=admin Data={"ServiceProviderName":"apim_publisher","Claims":{"http://wso2.org/claims/username":"admin","http://wso2.org/claims/userid":"34c676e1-1e80-431c-bc4e-6d35d08bb7a3","http://wso2.org/claims/role":"Internal/everyone,admin,Application/apim_publisher,Internal/integration_dev,Internal/subscriber,Internal/creator,Application/apim_devportal,Application/admin_aa31ee01-3d38-48ed-b044-11c78bfc8bd8_SANDBOX,Internal/publisher,Internal/devops,Application/apim_admin_portal,Internal/analytics,Internal/observer","http://wso2.org/claims/userprincipal":"admin"}} Outcome=Success
TID: [-1234] [2023-06-16 10:08:26,790]  INFO {AUDIT_LOG} - Initiator : admin | Action : Login | Target : ApplicationAuthenticationFramework | Data : { "ContextIdentifier" : "5e6319bf-03e4-46c3-8b99-29fde7495bcc","AuthenticatedUser" : "admin","AuthenticatedUserTenantDomain" : "carbon.super","ServiceProviderName" : "apim_publisher","RequestType" : "oidc","RelyingParty" : "sDkjqOFQo4a1bfhfzMumgDi7hawa","AuthenticatedIdPs" : "eyJ0eXAiOiJKV1QiLCAiYWxnIjoiSFMyNTYifQ==.eyJpc3MiOiJ3c28yIiwiZXhwIjoxNjg2ODkyMTA2Nzc1MzAwMCwiaWF0IjoxNjg2ODkyMTA2Nzc1LCJpZHBzIjpbeyJpZHAiOiJMT0NBTCIsImF1dGhlbnRpY2F0b3IiOiJCYXNpY0F1dGhlbnRpY2F0b3IifV19.Hotj3R8izEUkd3f/LOP3MiI2A2Y=","User Agent" : "null","RemoteAddress" : "null","UserStoreDomain" : "PRIMARY" } | Result : Success 
TID: [-1234] [2023-06-16 10:08:27,617]  INFO {AUDIT_LOG} - Initiator=wso2.system.user Action=Get-User-Claim-Values Target=admin Data={"Claims":{},"Profile":"default"} Outcome=Success
TID: [-1234] [2023-06-16 10:10:41,629]  INFO {AUDIT_LOG} - Initiator : admin@carbon.super | Action : update | Target : 3 | Data : { admin_aa31ee01-3d38-48ed-b044-11c78bfc8bd8_SANDBOX } | Result : Success 
TID: [-1234] [2023-06-16 10:10:41,647]  INFO {AUDIT_LOG} - {"performedBy":"admin","action":"updated","typ":"Application","info":"{"application_name":"admin_aa31ee01-3d38-48ed-b044-11c78bfc8bd8_SANDBOX","Updated Oauth app with grant types":"{\"grant_types\":\"password,client_credentials,authorization_code\",\"username\":\"admin\",\"additionalProperties\":\"{\\\"id_token_expiry_time\\\":3600,\\\"application_access_token_expiry_time\\\":3600,\\\"user_access_token_expiry_time\\\":3600,\\\"bypassClientCredentials\\\":false,\\\"pkceMandatory\\\":false,\\\"pkceSupportPlain\\\":false,\\\"refresh_token_expiry_time\\\":86400}\"}","Updated Oauth app with Call back URL":"regexp=(https:\/\/localhost:9443\/devportal\/services\/auth\/callback\/login|https:\/\/localhost:9443\/devportal\/services\/auth\/callback\/logout)"}"}
TID: [-1234] [2023-06-16 10:13:45,492]  INFO {AUDIT_LOG} - Initiator=wso2.system.user Action=Get-User-Claim-Values Target=admin Data={"Claims":{},"Profile":"default"} Outcome=Success
TID: [-1234] [2023-06-16 10:13:45,570]  INFO {AUDIT_LOG} - Initiator : admin | Action : PostTokenIssue | Target : PasswordGrantAuditLogger | Data : { "AuthenticatedUser" : "admin","AuthenticatedUserStoreDomain" : "PRIMARY","AuthenticatedUserTenantDomain" : "carbon.super","ServiceProvider" : "admin_aa31ee01-3d38-48ed-b044-11c78bfc8bd8_SANDBOX","RequestType" : "oidc","RelyingParty" : "5MmhASxJ94Efb7q3uxSAPL2iHo8a" } | Result : Success 
TID: [-1234] [2023-06-16 10:16:28,353]  INFO {AUDIT_LOG} - Initiator=wso2.system.user Action=Get-User-Claim-Values Target=admin Data={"Claims":{},"Profile":"default"} Outcome=Success
TID: [-1234] [2023-06-16 10:16:28,379]  INFO {AUDIT_LOG} - Initiator : admin | Action : PostTokenIssue | Target : PasswordGrantAuditLogger | Data : { "AuthenticatedUser" : "admin","AuthenticatedUserStoreDomain" : "PRIMARY","AuthenticatedUserTenantDomain" : "carbon.super","ServiceProvider" : "admin_aa31ee01-3d38-48ed-b044-11c78bfc8bd8_SANDBOX","RequestType" : "oidc","RelyingParty" : "5MmhASxJ94Efb7q3uxSAPL2iHo8a" } | Result : Success 
TID: [-1234] [2023-06-16 10:16:28,414]  INFO {AUDIT_LOG} - Initiator=wso2.system.user Action=Get-User-Claim-Values Target=admin Data={"Claims":{},"Profile":"default"} Outcome=Success
TID: [-1234] [2023-06-16 10:16:28,919]  INFO {AUDIT_LOG} - Initiator=wso2.system.user Action=Get-User-Claim-Values Target=admin Data={"Claims":{},"Profile":"default"} Outcome=Success
TID: [-1234] [2023-06-16 10:17:18,457]  INFO {AUDIT_LOG} - Initiator=wso2.system.user Action=Get-User-Claim-Values Target=admin Data={"Claims":{},"Profile":"default"} Outcome=Success
TID: [-1234] [2023-06-16 10:17:18,460]  INFO {AUDIT_LOG} - Initiator=wso2.system.user Action=Get-Roles-of-User Target=admin Data={"Filter":"*","Roles":["Internal/everyone","admin","Application/apim_publisher","Internal/integration_dev","Internal/subscriber","Internal/creator","Application/apim_devportal","Application/admin_aa31ee01-3d38-48ed-b044-11c78bfc8bd8_SANDBOX","Internal/publisher","Internal/devops","Application/apim_admin_portal","Internal/analytics","Internal/observer"]} Outcome=Success
TID: [-1234] [2023-06-16 10:17:18,480]  INFO {AUDIT_LOG} - Initiator : admin | Action : PostTokenIssue | Target : PasswordGrantAuditLogger | Data : { "AuthenticatedUser" : "admin","AuthenticatedUserStoreDomain" : "PRIMARY","AuthenticatedUserTenantDomain" : "carbon.super","ServiceProvider" : "admin_aa31ee01-3d38-48ed-b044-11c78bfc8bd8_SANDBOX","RequestType" : "oidc","RelyingParty" : "5MmhASxJ94Efb7q3uxSAPL2iHo8a" } | Result : Success 
TID: [-1234] [2023-06-16 10:17:18,487]  INFO {AUDIT_LOG} - Initiator=wso2.system.user Action=Get-User-Claim-Values Target=admin Data={"Claims":{},"Profile":"default"} Outcome=Success
TID: [-1234] [2023-06-16 10:17:18,705]  INFO {AUDIT_LOG} - Initiator=wso2.system.user Action=Get-User-Claim-Values Target=admin Data={"Claims":{},"Profile":"default"} Outcome=Success
TID: [-1234] [2023-06-16 10:17:26,265]  INFO {AUDIT_LOG} - Initiator=wso2.system.user Action=Get-User-Claim-Values Target=admin Data={"Claims":{},"Profile":"default"} Outcome=Success
TID: [-1234] [2023-06-16 10:17:26,298]  INFO {AUDIT_LOG} - Initiator : admin | Action : PostTokenIssue | Target : PasswordGrantAuditLogger | Data : { "AuthenticatedUser" : "admin","AuthenticatedUserStoreDomain" : "PRIMARY","AuthenticatedUserTenantDomain" : "carbon.super","ServiceProvider" : "admin_aa31ee01-3d38-48ed-b044-11c78bfc8bd8_SANDBOX","RequestType" : "oidc","RelyingParty" : "5MmhASxJ94Efb7q3uxSAPL2iHo8a" } | Result : Success 
TID: [-1234] [2023-06-16 10:17:26,305]  INFO {AUDIT_LOG} - Initiator=wso2.system.user Action=Get-User-Claim-Values Target=admin Data={"Claims":{},"Profile":"default"} Outcome=Success
TID: [-1234] [2023-06-16 10:17:26,337]  INFO {AUDIT_LOG} - Initiator=wso2.system.user Action=Get-User-Claim-Values Target=admin Data={"Claims":{},"Profile":"default"} Outcome=Success
TID: [-1234] [2023-06-16 10:18:08,917]  INFO {AUDIT_LOG} - Initiator=wso2.system.user Action=Get-User-Claim-Values Target=admin Data={"Claims":{},"Profile":"default"} Outcome=Success
TID: [-1234] [2023-06-16 10:18:08,935]  INFO {AUDIT_LOG} - Initiator : admin | Action : PostTokenIssue | Target : PasswordGrantAuditLogger | Data : { "AuthenticatedUser" : "admin","AuthenticatedUserStoreDomain" : "PRIMARY","AuthenticatedUserTenantDomain" : "carbon.super","ServiceProvider" : "admin_aa31ee01-3d38-48ed-b044-11c78bfc8bd8_SANDBOX","RequestType" : "oidc","RelyingParty" : "5MmhASxJ94Efb7q3uxSAPL2iHo8a" } | Result : Success 
TID: [-1234] [2023-06-16 10:18:08,940]  INFO {AUDIT_LOG} - Initiator=wso2.system.user Action=Get-User-Claim-Values Target=admin Data={"Claims":{},"Profile":"default"} Outcome=Success
TID: [-1234] [2023-06-16 10:18:09,179]  INFO {AUDIT_LOG} - Initiator=wso2.system.user Action=Get-User-Claim-Values Target=admin Data={"Claims":{},"Profile":"default"} Outcome=Success
TID: [-1234] [2023-06-16 10:19:23,249]  INFO {AUDIT_LOG} - Initiator : admin@carbon.super | Action : update | Target : 3 | Data : { admin_aa31ee01-3d38-48ed-b044-11c78bfc8bd8_SANDBOX } | Result : Success 
TID: [-1234] [2023-06-16 10:19:23,281]  INFO {AUDIT_LOG} - {"performedBy":"admin","action":"updated","typ":"Application","info":"{"application_name":"admin_aa31ee01-3d38-48ed-b044-11c78bfc8bd8_SANDBOX","Updated Oauth app with grant types":"{\"grant_types\":\"password,client_credentials,authorization_code\",\"username\":\"admin\",\"additionalProperties\":\"{\\\"id_token_expiry_time\\\":3600,\\\"application_access_token_expiry_time\\\":3600,\\\"user_access_token_expiry_time\\\":3600,\\\"bypassClientCredentials\\\":false,\\\"pkceMandatory\\\":false,\\\"pkceSupportPlain\\\":false,\\\"refresh_token_expiry_time\\\":86400}\"}","Updated Oauth app with Call back URL":"https:\/\/localhost:9443\/devportal"}"}
