[2023-06-26 09:25:16,502] [-1234]  INFO {org.wso2.carbon.apimgt.gateway.mediators.BotDetectionMediator} - MessageId : urn:uuid:e01911f9-8ab8-412b-8dc1-f98f8eb91e6f | Request Method : OPTIONS | Message Body : <soapenv:Body xmlns:soapenv="http://schemas.xmlsoap.org/soap/envelope/"/> | client Ip : 0:0:0:0:0:0:0:1 | Headers set : [Accept=*/*, Accept-Encoding=gzip, deflate, br, Accept-Language=en-US,en;q=0.9, Access-Control-Request-Headers=authorization,content-type,soapaction, Access-Control-Request-Method=POST, activityid=e01911f9-8ab8-412b-8dc1-f98f8eb91e6f, Connection=keep-alive, Host=localhost:8243, Origin=https://localhost:9443, Referer=https://localhost:9443/, Sec-Fetch-Dest=empty, Sec-Fetch-Mode=cors, Sec-Fetch-Site=same-site, User-Agent=Mozilla/5.0 (Windows NT 10.0; Win64; x64) AppleWebKit/537.36 (KHTML, like Gecko) Chrome/114.0.0.0 Safari/537.36]
[2023-06-26 09:27:14,479] [-1234]  INFO {org.wso2.carbon.apimgt.gateway.mediators.BotDetectionMediator} - MessageId : urn:uuid:0f458f34-16e4-4a4f-9ffc-fe70eabafb3e | Request Method : OPTIONS | Message Body : <soapenv:Body xmlns:soapenv="http://schemas.xmlsoap.org/soap/envelope/"/> | client Ip : 0:0:0:0:0:0:0:1 | Headers set : [Accept=*/*, Accept-Encoding=gzip, deflate, br, Accept-Language=en-US,en;q=0.9, Access-Control-Request-Headers=authorization,content-type,soapaction, Access-Control-Request-Method=POST, activityid=0f458f34-16e4-4a4f-9ffc-fe70eabafb3e, Connection=keep-alive, Host=localhost:8243, Origin=https://localhost:9443, Referer=https://localhost:9443/, Sec-Fetch-Dest=empty, Sec-Fetch-Mode=cors, Sec-Fetch-Site=same-site, User-Agent=Mozilla/5.0 (Windows NT 10.0; Win64; x64) AppleWebKit/537.36 (KHTML, like Gecko) Chrome/114.0.0.0 Safari/537.36]
[2023-06-26 09:30:38,980] [-1234]  INFO {org.wso2.carbon.apimgt.gateway.mediators.BotDetectionMediator} - MessageId : urn:uuid:4224b0f0-a3d1-4864-bf30-268197a00dcc | Request Method : OPTIONS | Message Body : <soapenv:Body xmlns:soapenv="http://schemas.xmlsoap.org/soap/envelope/"/> | client Ip : 0:0:0:0:0:0:0:1 | Headers set : [Accept=*/*, Accept-Encoding=gzip, deflate, br, Accept-Language=en-US,en;q=0.9, Access-Control-Request-Headers=authorization,content-type,soapaction, Access-Control-Request-Method=POST, activityid=4224b0f0-a3d1-4864-bf30-268197a00dcc, Connection=keep-alive, Host=localhost:8243, Origin=https://localhost:9443, Referer=https://localhost:9443/, Sec-Fetch-Dest=empty, Sec-Fetch-Mode=cors, Sec-Fetch-Site=same-site, User-Agent=Mozilla/5.0 (Windows NT 10.0; Win64; x64) AppleWebKit/537.36 (KHTML, like Gecko) Chrome/114.0.0.0 Safari/537.36]
[2023-06-26 09:31:17,738] [-1234]  INFO {org.wso2.carbon.apimgt.gateway.mediators.BotDetectionMediator} - MessageId : urn:uuid:c6c31a55-0085-477d-b585-4737b0d99138 | Request Method : POST | Message Body : <soapenv:Body xmlns:soapenv="http://schemas.xmlsoap.org/soap/envelope/"><soapenv:Envelope>
    <soapenv:Header/>
    <soapenv:Body>
        <echo:echoString xmlns:echo="http://echo.services.core.carbon.wso2.org">
            <in>Faisal-Ilyas</in>
        </echo:echoString>
    </soapenv:Body>
</soapenv:Envelope></soapenv:Body> | client Ip : 0:0:0:0:0:0:0:1 | Headers set : [Accept=*/*, Accept-Encoding=gzip, deflate, br, activityid=c6c31a55-0085-477d-b585-4737b0d99138, Authorization=Bearer eyJ4NXQiOiJOMkpqTWpOaU0yRXhZalJrTnpaalptWTFZVEF4Tm1GbE5qZzRPV1UxWVdRMll6YzFObVk1TlEiLCJraWQiOiJNREpsTmpJeE4yRTFPR1psT0dWbU1HUXhPVEZsTXpCbU5tRmpaalEwWTJZd09HWTBOMkkwWXpFNFl6WmpOalJoWW1SbU1tUTBPRGRpTkRoak1HRXdNQV9SUzI1NiIsImFsZyI6IlJTMjU2In0.eyJzdWIiOiJhZG1pbiIsImF1dCI6IkFQUExJQ0FUSU9OIiwiYXVkIjoiWHlMZkN2djZITW0yT3hydGtOTW51b0xPZFNVYSIsIm5iZiI6MTY4Nzc1Mzc5NCwiYXpwIjoiWHlMZkN2djZITW0yT3hydGtOTW51b0xPZFNVYSIsInNjb3BlIjoiZGVmYXVsdCIsImlzcyI6Imh0dHBzOlwvXC9sb2NhbGhvc3Q6OTQ0M1wvb2F1dGgyXC90b2tlbiIsImV4cCI6MTY4Nzc1NzM5NCwiaWF0IjoxNjg3NzUzNzk0LCJqdGkiOiJkMzRkNWFjMS03MDM2LTQ4Y2YtYjMyMy03NTZhMDMxY2Y3ODMifQ.kVAu3WLj-oD5E68JcXYF1arRzZ-QQ5eLXEK2WDiwtiT_FiSqdbLclMNFKshgTXeCztzwWojycwunSHorFP2InSd4YxjhSnvhRD3u2QCQw8s-Ly-RX-f58xikG0HTHVEAleRaaI3AVSAvwF2guFD_tAdNm4z70HxJuTy2E_f13TbyyjCB7-N2mPDmkTJNQaafpOK-E8idzFXgFl57KKTf5j7DiLlhcDZlN2o_l2x6CxYRn_0qX-CNglgHHx4nGRLtqqDgNMyo_9xexX3IGDzIiHp33IJTSDFiiiM_8LdRqNsfDG5VZ6rwXZYCSeAKyNuhVwyoLFyRvsruFHd8IVMUmQ, Cache-Control=no-cache, Connection=keep-alive, Content-Length=306, Content-Type=application/xml, Cookie=CSPWSERVERID=f32fc35823a55168dc5f2b228fdedc1a99c914bb, Host=localhost:8243, Postman-Token=673f5fe6-86bc-4123-bc82-8f5cafa4dbb3, SOAPAction=urn:echoString, User-Agent=PostmanRuntime/7.32.3]
[2023-06-26 09:32:17,430] [-1234]  INFO {org.wso2.carbon.apimgt.gateway.mediators.BotDetectionMediator} - MessageId : urn:uuid:1b58974f-5f66-407e-80f0-417e5982a51e | Request Method : POST | Message Body : <soapenv:Body xmlns:soapenv="http://schemas.xmlsoap.org/soap/envelope/"><soapenv:Envelope>
    <soapenv:Header/>
    <soapenv:Body>
        <echo:echoString xmlns:echo="http://echo.services.core.carbon.wso2.org">
            <in>Faisal</in>
        </echo:echoString>
    </soapenv:Body>
</soapenv:Envelope></soapenv:Body> | client Ip : 0:0:0:0:0:0:0:1 | Headers set : [Accept=*/*, Accept-Encoding=gzip, deflate, br, activityid=1b58974f-5f66-407e-80f0-417e5982a51e, Authorization=Bearer eyJ4NXQiOiJOMkpqTWpOaU0yRXhZalJrTnpaalptWTFZVEF4Tm1GbE5qZzRPV1UxWVdRMll6YzFObVk1TlEiLCJraWQiOiJNREpsTmpJeE4yRTFPR1psT0dWbU1HUXhPVEZsTXpCbU5tRmpaalEwWTJZd09HWTBOMkkwWXpFNFl6WmpOalJoWW1SbU1tUTBPRGRpTkRoak1HRXdNQV9SUzI1NiIsImFsZyI6IlJTMjU2In0.eyJzdWIiOiJhZG1pbiIsImF1dCI6IkFQUExJQ0FUSU9OIiwiYXVkIjoiWHlMZkN2djZITW0yT3hydGtOTW51b0xPZFNVYSIsIm5iZiI6MTY4Nzc1Mzc5NCwiYXpwIjoiWHlMZkN2djZITW0yT3hydGtOTW51b0xPZFNVYSIsInNjb3BlIjoiZGVmYXVsdCIsImlzcyI6Imh0dHBzOlwvXC9sb2NhbGhvc3Q6OTQ0M1wvb2F1dGgyXC90b2tlbiIsImV4cCI6MTY4Nzc1NzM5NCwiaWF0IjoxNjg3NzUzNzk0LCJqdGkiOiJkMzRkNWFjMS03MDM2LTQ4Y2YtYjMyMy03NTZhMDMxY2Y3ODMifQ.kVAu3WLj-oD5E68JcXYF1arRzZ-QQ5eLXEK2WDiwtiT_FiSqdbLclMNFKshgTXeCztzwWojycwunSHorFP2InSd4YxjhSnvhRD3u2QCQw8s-Ly-RX-f58xikG0HTHVEAleRaaI3AVSAvwF2guFD_tAdNm4z70HxJuTy2E_f13TbyyjCB7-N2mPDmkTJNQaafpOK-E8idzFXgFl57KKTf5j7DiLlhcDZlN2o_l2x6CxYRn_0qX-CNglgHHx4nGRLtqqDgNMyo_9xexX3IGDzIiHp33IJTSDFiiiM_8LdRqNsfDG5VZ6rwXZYCSeAKyNuhVwyoLFyRvsruFHd8IVMUmQ, Cache-Control=no-cache, Connection=keep-alive, Content-Length=300, Content-Type=application/xml, Cookie=CSPWSERVERID=f32fc35823a55168dc5f2b228fdedc1a99c914bb, Host=localhost:8243, Postman-Token=2cb0e11c-1211-4532-9f3f-c494375c1581, SOAPAction=urn:echoString, User-Agent=PostmanRuntime/7.32.3]
[2023-06-26 09:55:46,349] [-1234]  INFO {org.wso2.carbon.apimgt.gateway.mediators.BotDetectionMediator} - MessageId : urn:uuid:ac81cd14-66c4-49a0-a9a9-fa4821068d85 | Request Method : POST | Message Body : <soapenv:Body xmlns:soapenv="http://schemas.xmlsoap.org/soap/envelope/"><soapenv:Envelope>
    <soapenv:Header/>
    <soapenv:Body>
        <echo:echoString xmlns:echo="http://echo.services.core.carbon.wso2.org">
            <in>Faisal</in>
        </echo:echoString>
    </soapenv:Body>
</soapenv:Envelope></soapenv:Body> | client Ip : 0:0:0:0:0:0:0:1 | Headers set : [Accept=*/*, Accept-Encoding=gzip, deflate, br, activityid=ac81cd14-66c4-49a0-a9a9-fa4821068d85, Authorization=Bearer eyJ4NXQiOiJOMkpqTWpOaU0yRXhZalJrTnpaalptWTFZVEF4Tm1GbE5qZzRPV1UxWVdRMll6YzFObVk1TlEiLCJraWQiOiJNREpsTmpJeE4yRTFPR1psT0dWbU1HUXhPVEZsTXpCbU5tRmpaalEwWTJZd09HWTBOMkkwWXpFNFl6WmpOalJoWW1SbU1tUTBPRGRpTkRoak1HRXdNQV9SUzI1NiIsImFsZyI6IlJTMjU2In0.eyJzdWIiOiJhZG1pbiIsImF1dCI6IkFQUExJQ0FUSU9OIiwiYXVkIjoiWHlMZkN2djZITW0yT3hydGtOTW51b0xPZFNVYSIsIm5iZiI6MTY4Nzc1Mzc5NCwiYXpwIjoiWHlMZkN2djZITW0yT3hydGtOTW51b0xPZFNVYSIsInNjb3BlIjoiZGVmYXVsdCIsImlzcyI6Imh0dHBzOlwvXC9sb2NhbGhvc3Q6OTQ0M1wvb2F1dGgyXC90b2tlbiIsImV4cCI6MTY4Nzc1NzM5NCwiaWF0IjoxNjg3NzUzNzk0LCJqdGkiOiJkMzRkNWFjMS03MDM2LTQ4Y2YtYjMyMy03NTZhMDMxY2Y3ODMifQ.kVAu3WLj-oD5E68JcXYF1arRzZ-QQ5eLXEK2WDiwtiT_FiSqdbLclMNFKshgTXeCztzwWojycwunSHorFP2InSd4YxjhSnvhRD3u2QCQw8s-Ly-RX-f58xikG0HTHVEAleRaaI3AVSAvwF2guFD_tAdNm4z70HxJuTy2E_f13TbyyjCB7-N2mPDmkTJNQaafpOK-E8idzFXgFl57KKTf5j7DiLlhcDZlN2o_l2x6CxYRn_0qX-CNglgHHx4nGRLtqqDgNMyo_9xexX3IGDzIiHp33IJTSDFiiiM_8LdRqNsfDG5VZ6rwXZYCSeAKyNuhVwyoLFyRvsruFHd8IVMUmQ, Cache-Control=no-cache, Connection=keep-alive, Content-Length=300, Content-Type=application/xml, Cookie=CSPWSERVERID=f32fc35823a55168dc5f2b228fdedc1a99c914bb, Host=localhost:8243, Postman-Token=9afcb585-ef40-43d2-8d81-b946b8d0bbcf, SOAPAction=urn:echoString, User-Agent=PostmanRuntime/7.32.3]
[2023-06-26 09:56:08,763] [-1234]  INFO {org.wso2.carbon.apimgt.gateway.mediators.BotDetectionMediator} - MessageId : urn:uuid:c2e122e8-acef-4ea6-bc36-d5423ac01849 | Request Method : POST | Message Body : <soapenv:Body xmlns:soapenv="http://schemas.xmlsoap.org/soap/envelope/"><soapenv:Envelope>
    <soapenv:Header/>
    <soapenv:Body>
        <echo:echoString xmlns:echo="http://echo.services.core.carbon.wso2.org">
            <in>Faisal</in>
        </echo:echoString>
    </soapenv:Body>
</soapenv:Envelope></soapenv:Body> | client Ip : 0:0:0:0:0:0:0:1 | Headers set : [Accept=*/*, Accept-Encoding=gzip, deflate, br, activityid=c2e122e8-acef-4ea6-bc36-d5423ac01849, Authorization=Bearer eyJ4NXQiOiJOMkpqTWpOaU0yRXhZalJrTnpaalptWTFZVEF4Tm1GbE5qZzRPV1UxWVdRMll6YzFObVk1TlEiLCJraWQiOiJNREpsTmpJeE4yRTFPR1psT0dWbU1HUXhPVEZsTXpCbU5tRmpaalEwWTJZd09HWTBOMkkwWXpFNFl6WmpOalJoWW1SbU1tUTBPRGRpTkRoak1HRXdNQV9SUzI1NiIsImFsZyI6IlJTMjU2In0.eyJzdWIiOiJhZG1pbiIsImF1dCI6IkFQUExJQ0FUSU9OIiwiYXVkIjoiWHlMZkN2djZITW0yT3hydGtOTW51b0xPZFNVYSIsIm5iZiI6MTY4Nzc1Mzc5NCwiYXpwIjoiWHlMZkN2djZITW0yT3hydGtOTW51b0xPZFNVYSIsInNjb3BlIjoiZGVmYXVsdCIsImlzcyI6Imh0dHBzOlwvXC9sb2NhbGhvc3Q6OTQ0M1wvb2F1dGgyXC90b2tlbiIsImV4cCI6MTY4Nzc1NzM5NCwiaWF0IjoxNjg3NzUzNzk0LCJqdGkiOiJkMzRkNWFjMS03MDM2LTQ4Y2YtYjMyMy03NTZhMDMxY2Y3ODMifQ.kVAu3WLj-oD5E68JcXYF1arRzZ-QQ5eLXEK2WDiwtiT_FiSqdbLclMNFKshgTXeCztzwWojycwunSHorFP2InSd4YxjhSnvhRD3u2QCQw8s-Ly-RX-f58xikG0HTHVEAleRaaI3AVSAvwF2guFD_tAdNm4z70HxJuTy2E_f13TbyyjCB7-N2mPDmkTJNQaafpOK-E8idzFXgFl57KKTf5j7DiLlhcDZlN2o_l2x6CxYRn_0qX-CNglgHHx4nGRLtqqDgNMyo_9xexX3IGDzIiHp33IJTSDFiiiM_8LdRqNsfDG5VZ6rwXZYCSeAKyNuhVwyoLFyRvsruFHd8IVMUmQ, Cache-Control=no-cache, Connection=keep-alive, Content-Length=300, Content-Type=application/xml, Cookie=CSPWSERVERID=f32fc35823a55168dc5f2b228fdedc1a99c914bb, Host=localhost:8243, Postman-Token=7633669a-86ee-4db3-b029-02cab6de16eb, SOAPAction=urn:echoString, User-Agent=PostmanRuntime/7.32.3]
[2023-06-26 09:56:26,912] [-1234]  INFO {org.wso2.carbon.apimgt.gateway.mediators.BotDetectionMediator} - MessageId : urn:uuid:8db557d2-bec6-4143-b360-e4ac06126359 | Request Method : POST | Message Body : <soapenv:Body xmlns:soapenv="http://schemas.xmlsoap.org/soap/envelope/"><soapenv:Envelope>
    <soapenv:Header/>
    <soapenv:Body>
        <echo:echoString xmlns:echo="http://echo.services.core.carbon.wso2.org">
            <in>Faisal</in>
        </echo:echoString>
    </soapenv:Body>
</soapenv:Envelope></soapenv:Body> | client Ip : 0:0:0:0:0:0:0:1 | Headers set : [Accept=*/*, Accept-Encoding=gzip, deflate, br, activityid=8db557d2-bec6-4143-b360-e4ac06126359, Authorization=Bearer eyJ4NXQiOiJOMkpqTWpOaU0yRXhZalJrTnpaalptWTFZVEF4Tm1GbE5qZzRPV1UxWVdRMll6YzFObVk1TlEiLCJraWQiOiJNREpsTmpJeE4yRTFPR1psT0dWbU1HUXhPVEZsTXpCbU5tRmpaalEwWTJZd09HWTBOMkkwWXpFNFl6WmpOalJoWW1SbU1tUTBPRGRpTkRoak1HRXdNQV9SUzI1NiIsImFsZyI6IlJTMjU2In0.eyJzdWIiOiJhZG1pbiIsImF1dCI6IkFQUExJQ0FUSU9OIiwiYXVkIjoiWHlMZkN2djZITW0yT3hydGtOTW51b0xPZFNVYSIsIm5iZiI6MTY4Nzc1Mzc5NCwiYXpwIjoiWHlMZkN2djZITW0yT3hydGtOTW51b0xPZFNVYSIsInNjb3BlIjoiZGVmYXVsdCIsImlzcyI6Imh0dHBzOlwvXC9sb2NhbGhvc3Q6OTQ0M1wvb2F1dGgyXC90b2tlbiIsImV4cCI6MTY4Nzc1NzM5NCwiaWF0IjoxNjg3NzUzNzk0LCJqdGkiOiJkMzRkNWFjMS03MDM2LTQ4Y2YtYjMyMy03NTZhMDMxY2Y3ODMifQ.kVAu3WLj-oD5E68JcXYF1arRzZ-QQ5eLXEK2WDiwtiT_FiSqdbLclMNFKshgTXeCztzwWojycwunSHorFP2InSd4YxjhSnvhRD3u2QCQw8s-Ly-RX-f58xikG0HTHVEAleRaaI3AVSAvwF2guFD_tAdNm4z70HxJuTy2E_f13TbyyjCB7-N2mPDmkTJNQaafpOK-E8idzFXgFl57KKTf5j7DiLlhcDZlN2o_l2x6CxYRn_0qX-CNglgHHx4nGRLtqqDgNMyo_9xexX3IGDzIiHp33IJTSDFiiiM_8LdRqNsfDG5VZ6rwXZYCSeAKyNuhVwyoLFyRvsruFHd8IVMUmQ, Cache-Control=no-cache, Connection=keep-alive, Content-Length=300, Content-Type=application/xml, Cookie=CSPWSERVERID=f32fc35823a55168dc5f2b228fdedc1a99c914bb, Host=localhost:8243, Postman-Token=6971848b-e061-46ae-bd21-02894a7651d1, SOAPAction=urn:echoString, User-Agent=PostmanRuntime/7.32.3]
